[2021-03-22 21:54:02,670] {taskinstance.py:851} INFO - Dependencies all met for <TaskInstance: latest_only.latest_only 2021-03-20T00:00:00+00:00 [queued]>
[2021-03-22 21:54:02,691] {taskinstance.py:851} INFO - Dependencies all met for <TaskInstance: latest_only.latest_only 2021-03-20T00:00:00+00:00 [queued]>
[2021-03-22 21:54:02,692] {taskinstance.py:1042} INFO - 
--------------------------------------------------------------------------------
[2021-03-22 21:54:02,692] {taskinstance.py:1043} INFO - Starting attempt 1 of 1
[2021-03-22 21:54:02,693] {taskinstance.py:1044} INFO - 
--------------------------------------------------------------------------------
[2021-03-22 21:54:02,704] {taskinstance.py:1063} INFO - Executing <Task(LatestOnlyOperator): latest_only> on 2021-03-20T00:00:00+00:00
[2021-03-22 21:54:02,715] {standard_task_runner.py:76} INFO - Running: ['airflow', 'tasks', 'run', 'latest_only', 'latest_only', '2021-03-20T00:00:00+00:00', '--job-id', '16', '--pool', 'default_pool', '--raw', '--subdir', '/home/airflow/.local/lib/python3.6/site-packages/airflow/example_dags/example_latest_only.py', '--cfg-path', '/tmp/tmpnmxxqlwq', '--error-file', '/tmp/tmp41ngm6ak']
[2021-03-22 21:54:02,709] {standard_task_runner.py:52} INFO - Started process 52 to run task
[2021-03-22 21:54:02,717] {standard_task_runner.py:77} INFO - Job 16: Subtask latest_only
[2021-03-22 21:54:02,770] {logging_mixin.py:104} INFO - Running <TaskInstance: latest_only.latest_only 2021-03-20T00:00:00+00:00 [running]> on host 4e0ae1802968
[2021-03-22 21:54:02,815] {taskinstance.py:1257} INFO - Exporting the following env vars:
AIRFLOW_CTX_DAG_OWNER=airflow
AIRFLOW_CTX_DAG_ID=latest_only
AIRFLOW_CTX_TASK_ID=latest_only
AIRFLOW_CTX_EXECUTION_DATE=2021-03-20T00:00:00+00:00
AIRFLOW_CTX_DAG_RUN_ID=scheduled__2021-03-20T00:00:00+00:00
[2021-03-22 21:54:02,816] {latest_only.py:57} INFO - Checking latest only with left_window: 2021-03-20T04:00:00+00:00 right_window: 2021-03-20T08:00:00+00:00 now: 2021-03-22T21:54:02.816527+00:00
[2021-03-22 21:54:02,817] {latest_only.py:61} INFO - Not latest execution, skipping downstream.
[2021-03-22 21:54:02,818] {skipmixin.py:124} INFO - Following branch []
[2021-03-22 21:54:02,827] {skipmixin.py:155} INFO - Skipping tasks ['task1']
[2021-03-22 21:54:02,897] {taskinstance.py:1166} INFO - Marking task as SUCCESS. dag_id=latest_only, task_id=latest_only, execution_date=20210320T000000, start_date=20210322T215402, end_date=20210322T215402
[2021-03-22 21:54:02,931] {taskinstance.py:1220} INFO - 0 downstream tasks scheduled from follow-on schedule check
[2021-03-22 21:54:02,972] {local_task_job.py:146} INFO - Task exited with return code 0
