[2021-03-24 01:23:23,165] {taskinstance.py:851} INFO - Dependencies all met for <TaskInstance: example_bash_operator.also_run_this 2021-03-22T00:00:00+00:00 [queued]>
[2021-03-24 01:23:23,179] {taskinstance.py:851} INFO - Dependencies all met for <TaskInstance: example_bash_operator.also_run_this 2021-03-22T00:00:00+00:00 [queued]>
[2021-03-24 01:23:23,180] {taskinstance.py:1042} INFO - 
--------------------------------------------------------------------------------
[2021-03-24 01:23:23,180] {taskinstance.py:1043} INFO - Starting attempt 1 of 1
[2021-03-24 01:23:23,181] {taskinstance.py:1044} INFO - 
--------------------------------------------------------------------------------
[2021-03-24 01:23:23,192] {taskinstance.py:1063} INFO - Executing <Task(BashOperator): also_run_this> on 2021-03-22T00:00:00+00:00
[2021-03-24 01:23:23,197] {standard_task_runner.py:52} INFO - Started process 19209 to run task
[2021-03-24 01:23:23,203] {standard_task_runner.py:76} INFO - Running: ['airflow', 'tasks', 'run', 'example_bash_operator', 'also_run_this', '2021-03-22T00:00:00+00:00', '--job-id', '44', '--pool', 'default_pool', '--raw', '--subdir', '/home/airflow/.local/lib/python3.6/site-packages/airflow/example_dags/example_bash_operator.py', '--cfg-path', '/tmp/tmp16wxiqf2', '--error-file', '/tmp/tmp2mkoe2c1']
[2021-03-24 01:23:23,206] {standard_task_runner.py:77} INFO - Job 44: Subtask also_run_this
[2021-03-24 01:23:23,258] {logging_mixin.py:104} INFO - Running <TaskInstance: example_bash_operator.also_run_this 2021-03-22T00:00:00+00:00 [running]> on host 0504fc6aa3e2
[2021-03-24 01:23:23,311] {taskinstance.py:1257} INFO - Exporting the following env vars:
AIRFLOW_CTX_DAG_OWNER=airflow
AIRFLOW_CTX_DAG_ID=example_bash_operator
AIRFLOW_CTX_TASK_ID=also_run_this
AIRFLOW_CTX_EXECUTION_DATE=2021-03-22T00:00:00+00:00
AIRFLOW_CTX_DAG_RUN_ID=scheduled__2021-03-22T00:00:00+00:00
[2021-03-24 01:23:23,312] {bash.py:135} INFO - Tmp dir root location: 
 /tmp
[2021-03-24 01:23:23,313] {bash.py:158} INFO - Running command: echo "run_id=scheduled__2021-03-22T00:00:00+00:00 | dag_run=<DagRun example_bash_operator @ 2021-03-22 00:00:00+00:00: scheduled__2021-03-22T00:00:00+00:00, externally triggered: False>"
[2021-03-24 01:23:23,329] {bash.py:169} INFO - Output:
[2021-03-24 01:23:23,331] {bash.py:173} INFO - run_id=scheduled__2021-03-22T00:00:00+00:00 | dag_run=<DagRun example_bash_operator @ 2021-03-22 00:00:00+00:00: scheduled__2021-03-22T00:00:00+00:00, externally triggered: False>
[2021-03-24 01:23:23,331] {bash.py:177} INFO - Command exited with return code 0
[2021-03-24 01:23:23,363] {taskinstance.py:1166} INFO - Marking task as SUCCESS. dag_id=example_bash_operator, task_id=also_run_this, execution_date=20210322T000000, start_date=20210324T012323, end_date=20210324T012323
[2021-03-24 01:23:23,395] {taskinstance.py:1220} INFO - 0 downstream tasks scheduled from follow-on schedule check
[2021-03-24 01:23:23,415] {local_task_job.py:146} INFO - Task exited with return code 0
