[2021-03-21 21:17:49,938] {scheduler_job.py:182} INFO - Started process (PID=32) to work on /home/airflow/.local/lib/python3.6/site-packages/airflow/example_dags/example_task_group.py
[2021-03-21 21:17:49,939] {scheduler_job.py:629} INFO - Processing file /home/airflow/.local/lib/python3.6/site-packages/airflow/example_dags/example_task_group.py for tasks to queue
[2021-03-21 21:17:49,940] {logging_mixin.py:104} INFO - [2021-03-21 21:17:49,940] {dagbag.py:448} INFO - Filling up the DagBag from /home/airflow/.local/lib/python3.6/site-packages/airflow/example_dags/example_task_group.py
[2021-03-21 21:17:49,958] {scheduler_job.py:639} INFO - DAG(s) dict_keys(['example_task_group']) retrieved from /home/airflow/.local/lib/python3.6/site-packages/airflow/example_dags/example_task_group.py
[2021-03-21 21:17:49,979] {logging_mixin.py:104} INFO - [2021-03-21 21:17:49,979] {dag.py:1818} INFO - Sync 1 DAGs
[2021-03-21 21:17:49,987] {logging_mixin.py:104} INFO - [2021-03-21 21:17:49,987] {dag.py:1837} INFO - Creating ORM DAG for example_task_group
[2021-03-21 21:17:49,991] {logging_mixin.py:104} INFO - [2021-03-21 21:17:49,991] {dag.py:2273} INFO - Setting next_dagrun for example_task_group to 2021-03-19 00:00:00+00:00
[2021-03-21 21:17:50,004] {scheduler_job.py:190} INFO - Processing /home/airflow/.local/lib/python3.6/site-packages/airflow/example_dags/example_task_group.py took 0.069 seconds
[2021-03-21 21:18:20,018] {scheduler_job.py:182} INFO - Started process (PID=58) to work on /home/airflow/.local/lib/python3.6/site-packages/airflow/example_dags/example_task_group.py
[2021-03-21 21:18:20,019] {scheduler_job.py:629} INFO - Processing file /home/airflow/.local/lib/python3.6/site-packages/airflow/example_dags/example_task_group.py for tasks to queue
[2021-03-21 21:18:20,020] {logging_mixin.py:104} INFO - [2021-03-21 21:18:20,019] {dagbag.py:448} INFO - Filling up the DagBag from /home/airflow/.local/lib/python3.6/site-packages/airflow/example_dags/example_task_group.py
[2021-03-21 21:18:20,027] {scheduler_job.py:639} INFO - DAG(s) dict_keys(['example_task_group']) retrieved from /home/airflow/.local/lib/python3.6/site-packages/airflow/example_dags/example_task_group.py
[2021-03-21 21:18:20,042] {logging_mixin.py:104} INFO - [2021-03-21 21:18:20,042] {dag.py:1818} INFO - Sync 1 DAGs
[2021-03-21 21:18:20,051] {logging_mixin.py:104} INFO - [2021-03-21 21:18:20,051] {dag.py:2273} INFO - Setting next_dagrun for example_task_group to 2021-03-19 00:00:00+00:00
[2021-03-21 21:18:20,059] {scheduler_job.py:190} INFO - Processing /home/airflow/.local/lib/python3.6/site-packages/airflow/example_dags/example_task_group.py took 0.042 seconds
[2021-03-21 21:18:50,132] {scheduler_job.py:182} INFO - Started process (PID=85) to work on /home/airflow/.local/lib/python3.6/site-packages/airflow/example_dags/example_task_group.py
[2021-03-21 21:18:50,132] {scheduler_job.py:629} INFO - Processing file /home/airflow/.local/lib/python3.6/site-packages/airflow/example_dags/example_task_group.py for tasks to queue
[2021-03-21 21:18:50,133] {logging_mixin.py:104} INFO - [2021-03-21 21:18:50,133] {dagbag.py:448} INFO - Filling up the DagBag from /home/airflow/.local/lib/python3.6/site-packages/airflow/example_dags/example_task_group.py
[2021-03-21 21:18:50,139] {scheduler_job.py:639} INFO - DAG(s) dict_keys(['example_task_group']) retrieved from /home/airflow/.local/lib/python3.6/site-packages/airflow/example_dags/example_task_group.py
[2021-03-21 21:18:50,153] {logging_mixin.py:104} INFO - [2021-03-21 21:18:50,153] {dag.py:1818} INFO - Sync 1 DAGs
[2021-03-21 21:18:50,162] {logging_mixin.py:104} INFO - [2021-03-21 21:18:50,162] {dag.py:2273} INFO - Setting next_dagrun for example_task_group to 2021-03-19 00:00:00+00:00
[2021-03-21 21:18:50,168] {scheduler_job.py:190} INFO - Processing /home/airflow/.local/lib/python3.6/site-packages/airflow/example_dags/example_task_group.py took 0.038 seconds
[2021-03-21 21:19:20,985] {scheduler_job.py:182} INFO - Started process (PID=112) to work on /home/airflow/.local/lib/python3.6/site-packages/airflow/example_dags/example_task_group.py
[2021-03-21 21:19:20,986] {scheduler_job.py:629} INFO - Processing file /home/airflow/.local/lib/python3.6/site-packages/airflow/example_dags/example_task_group.py for tasks to queue
[2021-03-21 21:19:20,987] {logging_mixin.py:104} INFO - [2021-03-21 21:19:20,987] {dagbag.py:448} INFO - Filling up the DagBag from /home/airflow/.local/lib/python3.6/site-packages/airflow/example_dags/example_task_group.py
[2021-03-21 21:19:20,997] {scheduler_job.py:639} INFO - DAG(s) dict_keys(['example_task_group']) retrieved from /home/airflow/.local/lib/python3.6/site-packages/airflow/example_dags/example_task_group.py
[2021-03-21 21:19:21,015] {logging_mixin.py:104} INFO - [2021-03-21 21:19:21,015] {dag.py:1818} INFO - Sync 1 DAGs
[2021-03-21 21:19:21,026] {logging_mixin.py:104} INFO - [2021-03-21 21:19:21,026] {dag.py:2273} INFO - Setting next_dagrun for example_task_group to 2021-03-19 00:00:00+00:00
[2021-03-21 21:19:21,038] {scheduler_job.py:190} INFO - Processing /home/airflow/.local/lib/python3.6/site-packages/airflow/example_dags/example_task_group.py took 0.054 seconds
[2021-03-21 21:19:51,885] {scheduler_job.py:182} INFO - Started process (PID=138) to work on /home/airflow/.local/lib/python3.6/site-packages/airflow/example_dags/example_task_group.py
[2021-03-21 21:19:51,886] {scheduler_job.py:629} INFO - Processing file /home/airflow/.local/lib/python3.6/site-packages/airflow/example_dags/example_task_group.py for tasks to queue
[2021-03-21 21:19:51,886] {logging_mixin.py:104} INFO - [2021-03-21 21:19:51,886] {dagbag.py:448} INFO - Filling up the DagBag from /home/airflow/.local/lib/python3.6/site-packages/airflow/example_dags/example_task_group.py
[2021-03-21 21:19:51,895] {scheduler_job.py:639} INFO - DAG(s) dict_keys(['example_task_group']) retrieved from /home/airflow/.local/lib/python3.6/site-packages/airflow/example_dags/example_task_group.py
[2021-03-21 21:19:51,912] {logging_mixin.py:104} INFO - [2021-03-21 21:19:51,912] {dag.py:1818} INFO - Sync 1 DAGs
[2021-03-21 21:19:51,924] {logging_mixin.py:104} INFO - [2021-03-21 21:19:51,924] {dag.py:2273} INFO - Setting next_dagrun for example_task_group to 2021-03-19 00:00:00+00:00
[2021-03-21 21:19:51,932] {scheduler_job.py:190} INFO - Processing /home/airflow/.local/lib/python3.6/site-packages/airflow/example_dags/example_task_group.py took 0.049 seconds
[2021-03-21 21:20:22,709] {scheduler_job.py:182} INFO - Started process (PID=164) to work on /home/airflow/.local/lib/python3.6/site-packages/airflow/example_dags/example_task_group.py
[2021-03-21 21:20:22,710] {scheduler_job.py:629} INFO - Processing file /home/airflow/.local/lib/python3.6/site-packages/airflow/example_dags/example_task_group.py for tasks to queue
[2021-03-21 21:20:22,710] {logging_mixin.py:104} INFO - [2021-03-21 21:20:22,710] {dagbag.py:448} INFO - Filling up the DagBag from /home/airflow/.local/lib/python3.6/site-packages/airflow/example_dags/example_task_group.py
[2021-03-21 21:20:22,718] {scheduler_job.py:639} INFO - DAG(s) dict_keys(['example_task_group']) retrieved from /home/airflow/.local/lib/python3.6/site-packages/airflow/example_dags/example_task_group.py
[2021-03-21 21:20:22,731] {logging_mixin.py:104} INFO - [2021-03-21 21:20:22,731] {dag.py:1818} INFO - Sync 1 DAGs
[2021-03-21 21:20:22,741] {logging_mixin.py:104} INFO - [2021-03-21 21:20:22,741] {dag.py:2273} INFO - Setting next_dagrun for example_task_group to 2021-03-19 00:00:00+00:00
[2021-03-21 21:20:22,746] {scheduler_job.py:190} INFO - Processing /home/airflow/.local/lib/python3.6/site-packages/airflow/example_dags/example_task_group.py took 0.039 seconds
[2021-03-21 21:20:53,518] {scheduler_job.py:182} INFO - Started process (PID=190) to work on /home/airflow/.local/lib/python3.6/site-packages/airflow/example_dags/example_task_group.py
[2021-03-21 21:20:53,518] {scheduler_job.py:629} INFO - Processing file /home/airflow/.local/lib/python3.6/site-packages/airflow/example_dags/example_task_group.py for tasks to queue
[2021-03-21 21:20:53,519] {logging_mixin.py:104} INFO - [2021-03-21 21:20:53,519] {dagbag.py:448} INFO - Filling up the DagBag from /home/airflow/.local/lib/python3.6/site-packages/airflow/example_dags/example_task_group.py
[2021-03-21 21:20:53,526] {scheduler_job.py:639} INFO - DAG(s) dict_keys(['example_task_group']) retrieved from /home/airflow/.local/lib/python3.6/site-packages/airflow/example_dags/example_task_group.py
[2021-03-21 21:20:53,540] {logging_mixin.py:104} INFO - [2021-03-21 21:20:53,540] {dag.py:1818} INFO - Sync 1 DAGs
[2021-03-21 21:20:53,550] {logging_mixin.py:104} INFO - [2021-03-21 21:20:53,549] {dag.py:2273} INFO - Setting next_dagrun for example_task_group to 2021-03-19 00:00:00+00:00
[2021-03-21 21:20:53,557] {scheduler_job.py:190} INFO - Processing /home/airflow/.local/lib/python3.6/site-packages/airflow/example_dags/example_task_group.py took 0.041 seconds
[2021-03-21 21:21:24,272] {scheduler_job.py:182} INFO - Started process (PID=216) to work on /home/airflow/.local/lib/python3.6/site-packages/airflow/example_dags/example_task_group.py
[2021-03-21 21:21:24,273] {scheduler_job.py:629} INFO - Processing file /home/airflow/.local/lib/python3.6/site-packages/airflow/example_dags/example_task_group.py for tasks to queue
[2021-03-21 21:21:24,273] {logging_mixin.py:104} INFO - [2021-03-21 21:21:24,273] {dagbag.py:448} INFO - Filling up the DagBag from /home/airflow/.local/lib/python3.6/site-packages/airflow/example_dags/example_task_group.py
[2021-03-21 21:21:24,282] {scheduler_job.py:639} INFO - DAG(s) dict_keys(['example_task_group']) retrieved from /home/airflow/.local/lib/python3.6/site-packages/airflow/example_dags/example_task_group.py
[2021-03-21 21:21:24,296] {logging_mixin.py:104} INFO - [2021-03-21 21:21:24,296] {dag.py:1818} INFO - Sync 1 DAGs
[2021-03-21 21:21:24,305] {logging_mixin.py:104} INFO - [2021-03-21 21:21:24,305] {dag.py:2273} INFO - Setting next_dagrun for example_task_group to 2021-03-19 00:00:00+00:00
[2021-03-21 21:21:24,311] {scheduler_job.py:190} INFO - Processing /home/airflow/.local/lib/python3.6/site-packages/airflow/example_dags/example_task_group.py took 0.041 seconds
[2021-03-21 21:21:55,040] {scheduler_job.py:182} INFO - Started process (PID=242) to work on /home/airflow/.local/lib/python3.6/site-packages/airflow/example_dags/example_task_group.py
[2021-03-21 21:21:55,040] {scheduler_job.py:629} INFO - Processing file /home/airflow/.local/lib/python3.6/site-packages/airflow/example_dags/example_task_group.py for tasks to queue
[2021-03-21 21:21:55,041] {logging_mixin.py:104} INFO - [2021-03-21 21:21:55,041] {dagbag.py:448} INFO - Filling up the DagBag from /home/airflow/.local/lib/python3.6/site-packages/airflow/example_dags/example_task_group.py
[2021-03-21 21:21:55,048] {scheduler_job.py:639} INFO - DAG(s) dict_keys(['example_task_group']) retrieved from /home/airflow/.local/lib/python3.6/site-packages/airflow/example_dags/example_task_group.py
[2021-03-21 21:21:55,060] {logging_mixin.py:104} INFO - [2021-03-21 21:21:55,060] {dag.py:1818} INFO - Sync 1 DAGs
[2021-03-21 21:21:55,069] {logging_mixin.py:104} INFO - [2021-03-21 21:21:55,069] {dag.py:2273} INFO - Setting next_dagrun for example_task_group to 2021-03-19 00:00:00+00:00
[2021-03-21 21:21:55,075] {scheduler_job.py:190} INFO - Processing /home/airflow/.local/lib/python3.6/site-packages/airflow/example_dags/example_task_group.py took 0.037 seconds
[2021-03-21 21:22:25,809] {scheduler_job.py:182} INFO - Started process (PID=268) to work on /home/airflow/.local/lib/python3.6/site-packages/airflow/example_dags/example_task_group.py
[2021-03-21 21:22:25,810] {scheduler_job.py:629} INFO - Processing file /home/airflow/.local/lib/python3.6/site-packages/airflow/example_dags/example_task_group.py for tasks to queue
[2021-03-21 21:22:25,810] {logging_mixin.py:104} INFO - [2021-03-21 21:22:25,810] {dagbag.py:448} INFO - Filling up the DagBag from /home/airflow/.local/lib/python3.6/site-packages/airflow/example_dags/example_task_group.py
[2021-03-21 21:22:25,817] {scheduler_job.py:639} INFO - DAG(s) dict_keys(['example_task_group']) retrieved from /home/airflow/.local/lib/python3.6/site-packages/airflow/example_dags/example_task_group.py
[2021-03-21 21:22:25,832] {logging_mixin.py:104} INFO - [2021-03-21 21:22:25,832] {dag.py:1818} INFO - Sync 1 DAGs
[2021-03-21 21:22:25,841] {logging_mixin.py:104} INFO - [2021-03-21 21:22:25,841] {dag.py:2273} INFO - Setting next_dagrun for example_task_group to 2021-03-19 00:00:00+00:00
[2021-03-21 21:22:25,847] {scheduler_job.py:190} INFO - Processing /home/airflow/.local/lib/python3.6/site-packages/airflow/example_dags/example_task_group.py took 0.039 seconds
[2021-03-21 21:22:56,604] {scheduler_job.py:182} INFO - Started process (PID=294) to work on /home/airflow/.local/lib/python3.6/site-packages/airflow/example_dags/example_task_group.py
[2021-03-21 21:22:56,605] {scheduler_job.py:629} INFO - Processing file /home/airflow/.local/lib/python3.6/site-packages/airflow/example_dags/example_task_group.py for tasks to queue
[2021-03-21 21:22:56,605] {logging_mixin.py:104} INFO - [2021-03-21 21:22:56,605] {dagbag.py:448} INFO - Filling up the DagBag from /home/airflow/.local/lib/python3.6/site-packages/airflow/example_dags/example_task_group.py
[2021-03-21 21:22:56,612] {scheduler_job.py:639} INFO - DAG(s) dict_keys(['example_task_group']) retrieved from /home/airflow/.local/lib/python3.6/site-packages/airflow/example_dags/example_task_group.py
[2021-03-21 21:22:56,625] {logging_mixin.py:104} INFO - [2021-03-21 21:22:56,625] {dag.py:1818} INFO - Sync 1 DAGs
[2021-03-21 21:22:56,633] {logging_mixin.py:104} INFO - [2021-03-21 21:22:56,633] {dag.py:2273} INFO - Setting next_dagrun for example_task_group to 2021-03-19 00:00:00+00:00
[2021-03-21 21:22:56,639] {scheduler_job.py:190} INFO - Processing /home/airflow/.local/lib/python3.6/site-packages/airflow/example_dags/example_task_group.py took 0.036 seconds
[2021-03-21 21:23:27,493] {scheduler_job.py:182} INFO - Started process (PID=320) to work on /home/airflow/.local/lib/python3.6/site-packages/airflow/example_dags/example_task_group.py
[2021-03-21 21:23:27,493] {scheduler_job.py:629} INFO - Processing file /home/airflow/.local/lib/python3.6/site-packages/airflow/example_dags/example_task_group.py for tasks to queue
[2021-03-21 21:23:27,494] {logging_mixin.py:104} INFO - [2021-03-21 21:23:27,494] {dagbag.py:448} INFO - Filling up the DagBag from /home/airflow/.local/lib/python3.6/site-packages/airflow/example_dags/example_task_group.py
[2021-03-21 21:23:27,501] {scheduler_job.py:639} INFO - DAG(s) dict_keys(['example_task_group']) retrieved from /home/airflow/.local/lib/python3.6/site-packages/airflow/example_dags/example_task_group.py
[2021-03-21 21:23:27,514] {logging_mixin.py:104} INFO - [2021-03-21 21:23:27,514] {dag.py:1818} INFO - Sync 1 DAGs
[2021-03-21 21:23:27,523] {logging_mixin.py:104} INFO - [2021-03-21 21:23:27,523] {dag.py:2273} INFO - Setting next_dagrun for example_task_group to 2021-03-19 00:00:00+00:00
[2021-03-21 21:23:27,528] {scheduler_job.py:190} INFO - Processing /home/airflow/.local/lib/python3.6/site-packages/airflow/example_dags/example_task_group.py took 0.037 seconds
[2021-03-21 21:23:58,273] {scheduler_job.py:182} INFO - Started process (PID=346) to work on /home/airflow/.local/lib/python3.6/site-packages/airflow/example_dags/example_task_group.py
[2021-03-21 21:23:58,274] {scheduler_job.py:629} INFO - Processing file /home/airflow/.local/lib/python3.6/site-packages/airflow/example_dags/example_task_group.py for tasks to queue
[2021-03-21 21:23:58,274] {logging_mixin.py:104} INFO - [2021-03-21 21:23:58,274] {dagbag.py:448} INFO - Filling up the DagBag from /home/airflow/.local/lib/python3.6/site-packages/airflow/example_dags/example_task_group.py
[2021-03-21 21:23:58,282] {scheduler_job.py:639} INFO - DAG(s) dict_keys(['example_task_group']) retrieved from /home/airflow/.local/lib/python3.6/site-packages/airflow/example_dags/example_task_group.py
[2021-03-21 21:23:58,299] {logging_mixin.py:104} INFO - [2021-03-21 21:23:58,299] {dag.py:1818} INFO - Sync 1 DAGs
[2021-03-21 21:23:58,309] {logging_mixin.py:104} INFO - [2021-03-21 21:23:58,309] {dag.py:2273} INFO - Setting next_dagrun for example_task_group to 2021-03-19 00:00:00+00:00
[2021-03-21 21:23:58,318] {scheduler_job.py:190} INFO - Processing /home/airflow/.local/lib/python3.6/site-packages/airflow/example_dags/example_task_group.py took 0.046 seconds
[2021-03-21 21:24:29,066] {scheduler_job.py:182} INFO - Started process (PID=372) to work on /home/airflow/.local/lib/python3.6/site-packages/airflow/example_dags/example_task_group.py
[2021-03-21 21:24:29,067] {scheduler_job.py:629} INFO - Processing file /home/airflow/.local/lib/python3.6/site-packages/airflow/example_dags/example_task_group.py for tasks to queue
[2021-03-21 21:24:29,068] {logging_mixin.py:104} INFO - [2021-03-21 21:24:29,068] {dagbag.py:448} INFO - Filling up the DagBag from /home/airflow/.local/lib/python3.6/site-packages/airflow/example_dags/example_task_group.py
[2021-03-21 21:24:29,075] {scheduler_job.py:639} INFO - DAG(s) dict_keys(['example_task_group']) retrieved from /home/airflow/.local/lib/python3.6/site-packages/airflow/example_dags/example_task_group.py
[2021-03-21 21:24:29,094] {logging_mixin.py:104} INFO - [2021-03-21 21:24:29,094] {dag.py:1818} INFO - Sync 1 DAGs
[2021-03-21 21:24:29,104] {logging_mixin.py:104} INFO - [2021-03-21 21:24:29,104] {dag.py:2273} INFO - Setting next_dagrun for example_task_group to 2021-03-19 00:00:00+00:00
[2021-03-21 21:24:29,114] {scheduler_job.py:190} INFO - Processing /home/airflow/.local/lib/python3.6/site-packages/airflow/example_dags/example_task_group.py took 0.049 seconds
[2021-03-21 21:24:59,957] {scheduler_job.py:182} INFO - Started process (PID=398) to work on /home/airflow/.local/lib/python3.6/site-packages/airflow/example_dags/example_task_group.py
[2021-03-21 21:24:59,958] {scheduler_job.py:629} INFO - Processing file /home/airflow/.local/lib/python3.6/site-packages/airflow/example_dags/example_task_group.py for tasks to queue
[2021-03-21 21:24:59,959] {logging_mixin.py:104} INFO - [2021-03-21 21:24:59,959] {dagbag.py:448} INFO - Filling up the DagBag from /home/airflow/.local/lib/python3.6/site-packages/airflow/example_dags/example_task_group.py
[2021-03-21 21:24:59,966] {scheduler_job.py:639} INFO - DAG(s) dict_keys(['example_task_group']) retrieved from /home/airflow/.local/lib/python3.6/site-packages/airflow/example_dags/example_task_group.py
[2021-03-21 21:24:59,981] {logging_mixin.py:104} INFO - [2021-03-21 21:24:59,981] {dag.py:1818} INFO - Sync 1 DAGs
[2021-03-21 21:24:59,992] {logging_mixin.py:104} INFO - [2021-03-21 21:24:59,992] {dag.py:2273} INFO - Setting next_dagrun for example_task_group to 2021-03-19 00:00:00+00:00
[2021-03-21 21:24:59,999] {scheduler_job.py:190} INFO - Processing /home/airflow/.local/lib/python3.6/site-packages/airflow/example_dags/example_task_group.py took 0.044 seconds
[2021-03-21 21:25:30,906] {scheduler_job.py:182} INFO - Started process (PID=424) to work on /home/airflow/.local/lib/python3.6/site-packages/airflow/example_dags/example_task_group.py
[2021-03-21 21:25:30,907] {scheduler_job.py:629} INFO - Processing file /home/airflow/.local/lib/python3.6/site-packages/airflow/example_dags/example_task_group.py for tasks to queue
[2021-03-21 21:25:30,907] {logging_mixin.py:104} INFO - [2021-03-21 21:25:30,907] {dagbag.py:448} INFO - Filling up the DagBag from /home/airflow/.local/lib/python3.6/site-packages/airflow/example_dags/example_task_group.py
[2021-03-21 21:25:30,914] {scheduler_job.py:639} INFO - DAG(s) dict_keys(['example_task_group']) retrieved from /home/airflow/.local/lib/python3.6/site-packages/airflow/example_dags/example_task_group.py
[2021-03-21 21:25:30,929] {logging_mixin.py:104} INFO - [2021-03-21 21:25:30,928] {dag.py:1818} INFO - Sync 1 DAGs
[2021-03-21 21:25:30,939] {logging_mixin.py:104} INFO - [2021-03-21 21:25:30,939] {dag.py:2273} INFO - Setting next_dagrun for example_task_group to 2021-03-19 00:00:00+00:00
[2021-03-21 21:25:30,945] {scheduler_job.py:190} INFO - Processing /home/airflow/.local/lib/python3.6/site-packages/airflow/example_dags/example_task_group.py took 0.040 seconds
[2021-03-21 21:26:01,676] {scheduler_job.py:182} INFO - Started process (PID=450) to work on /home/airflow/.local/lib/python3.6/site-packages/airflow/example_dags/example_task_group.py
[2021-03-21 21:26:01,677] {scheduler_job.py:629} INFO - Processing file /home/airflow/.local/lib/python3.6/site-packages/airflow/example_dags/example_task_group.py for tasks to queue
[2021-03-21 21:26:01,678] {logging_mixin.py:104} INFO - [2021-03-21 21:26:01,678] {dagbag.py:448} INFO - Filling up the DagBag from /home/airflow/.local/lib/python3.6/site-packages/airflow/example_dags/example_task_group.py
[2021-03-21 21:26:01,684] {scheduler_job.py:639} INFO - DAG(s) dict_keys(['example_task_group']) retrieved from /home/airflow/.local/lib/python3.6/site-packages/airflow/example_dags/example_task_group.py
[2021-03-21 21:26:01,701] {logging_mixin.py:104} INFO - [2021-03-21 21:26:01,701] {dag.py:1818} INFO - Sync 1 DAGs
[2021-03-21 21:26:01,713] {logging_mixin.py:104} INFO - [2021-03-21 21:26:01,713] {dag.py:2273} INFO - Setting next_dagrun for example_task_group to 2021-03-19 00:00:00+00:00
[2021-03-21 21:26:01,718] {scheduler_job.py:190} INFO - Processing /home/airflow/.local/lib/python3.6/site-packages/airflow/example_dags/example_task_group.py took 0.044 seconds
[2021-03-21 21:26:32,402] {scheduler_job.py:182} INFO - Started process (PID=476) to work on /home/airflow/.local/lib/python3.6/site-packages/airflow/example_dags/example_task_group.py
[2021-03-21 21:26:32,403] {scheduler_job.py:629} INFO - Processing file /home/airflow/.local/lib/python3.6/site-packages/airflow/example_dags/example_task_group.py for tasks to queue
[2021-03-21 21:26:32,403] {logging_mixin.py:104} INFO - [2021-03-21 21:26:32,403] {dagbag.py:448} INFO - Filling up the DagBag from /home/airflow/.local/lib/python3.6/site-packages/airflow/example_dags/example_task_group.py
[2021-03-21 21:26:32,411] {scheduler_job.py:639} INFO - DAG(s) dict_keys(['example_task_group']) retrieved from /home/airflow/.local/lib/python3.6/site-packages/airflow/example_dags/example_task_group.py
[2021-03-21 21:26:32,428] {logging_mixin.py:104} INFO - [2021-03-21 21:26:32,427] {dag.py:1818} INFO - Sync 1 DAGs
[2021-03-21 21:26:32,440] {logging_mixin.py:104} INFO - [2021-03-21 21:26:32,440] {dag.py:2273} INFO - Setting next_dagrun for example_task_group to 2021-03-19 00:00:00+00:00
[2021-03-21 21:26:32,447] {scheduler_job.py:190} INFO - Processing /home/airflow/.local/lib/python3.6/site-packages/airflow/example_dags/example_task_group.py took 0.047 seconds
