[2021-03-21 21:17:50,683] {scheduler_job.py:182} INFO - Started process (PID=51) to work on /home/airflow/.local/lib/python3.6/site-packages/airflow/example_dags/example_bash_operator.py
[2021-03-21 21:17:50,684] {scheduler_job.py:629} INFO - Processing file /home/airflow/.local/lib/python3.6/site-packages/airflow/example_dags/example_bash_operator.py for tasks to queue
[2021-03-21 21:17:50,685] {logging_mixin.py:104} INFO - [2021-03-21 21:17:50,685] {dagbag.py:448} INFO - Filling up the DagBag from /home/airflow/.local/lib/python3.6/site-packages/airflow/example_dags/example_bash_operator.py
[2021-03-21 21:17:50,698] {scheduler_job.py:639} INFO - DAG(s) dict_keys(['example_bash_operator']) retrieved from /home/airflow/.local/lib/python3.6/site-packages/airflow/example_dags/example_bash_operator.py
[2021-03-21 21:17:50,718] {logging_mixin.py:104} INFO - [2021-03-21 21:17:50,718] {dag.py:1818} INFO - Sync 1 DAGs
[2021-03-21 21:17:50,728] {logging_mixin.py:104} INFO - [2021-03-21 21:17:50,728] {dag.py:1837} INFO - Creating ORM DAG for example_bash_operator
[2021-03-21 21:17:50,744] {logging_mixin.py:104} INFO - [2021-03-21 21:17:50,744] {dag.py:2273} INFO - Setting next_dagrun for example_bash_operator to 2021-03-19 00:00:00+00:00
[2021-03-21 21:17:50,762] {scheduler_job.py:190} INFO - Processing /home/airflow/.local/lib/python3.6/site-packages/airflow/example_dags/example_bash_operator.py took 0.082 seconds
[2021-03-21 21:18:20,791] {scheduler_job.py:182} INFO - Started process (PID=77) to work on /home/airflow/.local/lib/python3.6/site-packages/airflow/example_dags/example_bash_operator.py
[2021-03-21 21:18:20,793] {scheduler_job.py:629} INFO - Processing file /home/airflow/.local/lib/python3.6/site-packages/airflow/example_dags/example_bash_operator.py for tasks to queue
[2021-03-21 21:18:20,794] {logging_mixin.py:104} INFO - [2021-03-21 21:18:20,794] {dagbag.py:448} INFO - Filling up the DagBag from /home/airflow/.local/lib/python3.6/site-packages/airflow/example_dags/example_bash_operator.py
[2021-03-21 21:18:20,803] {scheduler_job.py:639} INFO - DAG(s) dict_keys(['example_bash_operator']) retrieved from /home/airflow/.local/lib/python3.6/site-packages/airflow/example_dags/example_bash_operator.py
[2021-03-21 21:18:20,819] {logging_mixin.py:104} INFO - [2021-03-21 21:18:20,818] {dag.py:1818} INFO - Sync 1 DAGs
[2021-03-21 21:18:20,832] {logging_mixin.py:104} INFO - [2021-03-21 21:18:20,832] {dag.py:2273} INFO - Setting next_dagrun for example_bash_operator to 2021-03-19 00:00:00+00:00
[2021-03-21 21:18:20,839] {scheduler_job.py:190} INFO - Processing /home/airflow/.local/lib/python3.6/site-packages/airflow/example_dags/example_bash_operator.py took 0.049 seconds
[2021-03-21 21:18:51,685] {scheduler_job.py:182} INFO - Started process (PID=103) to work on /home/airflow/.local/lib/python3.6/site-packages/airflow/example_dags/example_bash_operator.py
[2021-03-21 21:18:51,688] {scheduler_job.py:629} INFO - Processing file /home/airflow/.local/lib/python3.6/site-packages/airflow/example_dags/example_bash_operator.py for tasks to queue
[2021-03-21 21:18:51,689] {logging_mixin.py:104} INFO - [2021-03-21 21:18:51,689] {dagbag.py:448} INFO - Filling up the DagBag from /home/airflow/.local/lib/python3.6/site-packages/airflow/example_dags/example_bash_operator.py
[2021-03-21 21:18:51,696] {scheduler_job.py:639} INFO - DAG(s) dict_keys(['example_bash_operator']) retrieved from /home/airflow/.local/lib/python3.6/site-packages/airflow/example_dags/example_bash_operator.py
[2021-03-21 21:18:51,713] {logging_mixin.py:104} INFO - [2021-03-21 21:18:51,713] {dag.py:1818} INFO - Sync 1 DAGs
[2021-03-21 21:18:51,728] {logging_mixin.py:104} INFO - [2021-03-21 21:18:51,727] {dag.py:2273} INFO - Setting next_dagrun for example_bash_operator to 2021-03-19 00:00:00+00:00
[2021-03-21 21:18:51,735] {scheduler_job.py:190} INFO - Processing /home/airflow/.local/lib/python3.6/site-packages/airflow/example_dags/example_bash_operator.py took 0.052 seconds
[2021-03-21 21:19:22,593] {scheduler_job.py:182} INFO - Started process (PID=129) to work on /home/airflow/.local/lib/python3.6/site-packages/airflow/example_dags/example_bash_operator.py
[2021-03-21 21:19:22,594] {scheduler_job.py:629} INFO - Processing file /home/airflow/.local/lib/python3.6/site-packages/airflow/example_dags/example_bash_operator.py for tasks to queue
[2021-03-21 21:19:22,595] {logging_mixin.py:104} INFO - [2021-03-21 21:19:22,595] {dagbag.py:448} INFO - Filling up the DagBag from /home/airflow/.local/lib/python3.6/site-packages/airflow/example_dags/example_bash_operator.py
[2021-03-21 21:19:22,603] {scheduler_job.py:639} INFO - DAG(s) dict_keys(['example_bash_operator']) retrieved from /home/airflow/.local/lib/python3.6/site-packages/airflow/example_dags/example_bash_operator.py
[2021-03-21 21:19:22,617] {logging_mixin.py:104} INFO - [2021-03-21 21:19:22,617] {dag.py:1818} INFO - Sync 1 DAGs
[2021-03-21 21:19:22,631] {logging_mixin.py:104} INFO - [2021-03-21 21:19:22,631] {dag.py:2273} INFO - Setting next_dagrun for example_bash_operator to 2021-03-19 00:00:00+00:00
[2021-03-21 21:19:22,638] {scheduler_job.py:190} INFO - Processing /home/airflow/.local/lib/python3.6/site-packages/airflow/example_dags/example_bash_operator.py took 0.046 seconds
[2021-03-21 21:19:53,417] {scheduler_job.py:182} INFO - Started process (PID=155) to work on /home/airflow/.local/lib/python3.6/site-packages/airflow/example_dags/example_bash_operator.py
[2021-03-21 21:19:53,418] {scheduler_job.py:629} INFO - Processing file /home/airflow/.local/lib/python3.6/site-packages/airflow/example_dags/example_bash_operator.py for tasks to queue
[2021-03-21 21:19:53,419] {logging_mixin.py:104} INFO - [2021-03-21 21:19:53,419] {dagbag.py:448} INFO - Filling up the DagBag from /home/airflow/.local/lib/python3.6/site-packages/airflow/example_dags/example_bash_operator.py
[2021-03-21 21:19:53,427] {scheduler_job.py:639} INFO - DAG(s) dict_keys(['example_bash_operator']) retrieved from /home/airflow/.local/lib/python3.6/site-packages/airflow/example_dags/example_bash_operator.py
[2021-03-21 21:19:53,441] {logging_mixin.py:104} INFO - [2021-03-21 21:19:53,441] {dag.py:1818} INFO - Sync 1 DAGs
[2021-03-21 21:19:53,456] {logging_mixin.py:104} INFO - [2021-03-21 21:19:53,456] {dag.py:2273} INFO - Setting next_dagrun for example_bash_operator to 2021-03-19 00:00:00+00:00
[2021-03-21 21:19:53,465] {scheduler_job.py:190} INFO - Processing /home/airflow/.local/lib/python3.6/site-packages/airflow/example_dags/example_bash_operator.py took 0.049 seconds
[2021-03-21 21:20:24,233] {scheduler_job.py:182} INFO - Started process (PID=181) to work on /home/airflow/.local/lib/python3.6/site-packages/airflow/example_dags/example_bash_operator.py
[2021-03-21 21:20:24,234] {scheduler_job.py:629} INFO - Processing file /home/airflow/.local/lib/python3.6/site-packages/airflow/example_dags/example_bash_operator.py for tasks to queue
[2021-03-21 21:20:24,234] {logging_mixin.py:104} INFO - [2021-03-21 21:20:24,234] {dagbag.py:448} INFO - Filling up the DagBag from /home/airflow/.local/lib/python3.6/site-packages/airflow/example_dags/example_bash_operator.py
[2021-03-21 21:20:24,242] {scheduler_job.py:639} INFO - DAG(s) dict_keys(['example_bash_operator']) retrieved from /home/airflow/.local/lib/python3.6/site-packages/airflow/example_dags/example_bash_operator.py
[2021-03-21 21:20:24,257] {logging_mixin.py:104} INFO - [2021-03-21 21:20:24,257] {dag.py:1818} INFO - Sync 1 DAGs
[2021-03-21 21:20:24,272] {logging_mixin.py:104} INFO - [2021-03-21 21:20:24,272] {dag.py:2273} INFO - Setting next_dagrun for example_bash_operator to 2021-03-19 00:00:00+00:00
[2021-03-21 21:20:24,279] {scheduler_job.py:190} INFO - Processing /home/airflow/.local/lib/python3.6/site-packages/airflow/example_dags/example_bash_operator.py took 0.048 seconds
[2021-03-21 21:20:54,992] {scheduler_job.py:182} INFO - Started process (PID=207) to work on /home/airflow/.local/lib/python3.6/site-packages/airflow/example_dags/example_bash_operator.py
[2021-03-21 21:20:54,993] {scheduler_job.py:629} INFO - Processing file /home/airflow/.local/lib/python3.6/site-packages/airflow/example_dags/example_bash_operator.py for tasks to queue
[2021-03-21 21:20:54,993] {logging_mixin.py:104} INFO - [2021-03-21 21:20:54,993] {dagbag.py:448} INFO - Filling up the DagBag from /home/airflow/.local/lib/python3.6/site-packages/airflow/example_dags/example_bash_operator.py
[2021-03-21 21:20:55,001] {scheduler_job.py:639} INFO - DAG(s) dict_keys(['example_bash_operator']) retrieved from /home/airflow/.local/lib/python3.6/site-packages/airflow/example_dags/example_bash_operator.py
[2021-03-21 21:20:55,014] {logging_mixin.py:104} INFO - [2021-03-21 21:20:55,014] {dag.py:1818} INFO - Sync 1 DAGs
[2021-03-21 21:20:55,028] {logging_mixin.py:104} INFO - [2021-03-21 21:20:55,028] {dag.py:2273} INFO - Setting next_dagrun for example_bash_operator to 2021-03-19 00:00:00+00:00
[2021-03-21 21:20:55,034] {scheduler_job.py:190} INFO - Processing /home/airflow/.local/lib/python3.6/site-packages/airflow/example_dags/example_bash_operator.py took 0.044 seconds
[2021-03-21 21:21:25,762] {scheduler_job.py:182} INFO - Started process (PID=233) to work on /home/airflow/.local/lib/python3.6/site-packages/airflow/example_dags/example_bash_operator.py
[2021-03-21 21:21:25,763] {scheduler_job.py:629} INFO - Processing file /home/airflow/.local/lib/python3.6/site-packages/airflow/example_dags/example_bash_operator.py for tasks to queue
[2021-03-21 21:21:25,764] {logging_mixin.py:104} INFO - [2021-03-21 21:21:25,763] {dagbag.py:448} INFO - Filling up the DagBag from /home/airflow/.local/lib/python3.6/site-packages/airflow/example_dags/example_bash_operator.py
[2021-03-21 21:21:25,771] {scheduler_job.py:639} INFO - DAG(s) dict_keys(['example_bash_operator']) retrieved from /home/airflow/.local/lib/python3.6/site-packages/airflow/example_dags/example_bash_operator.py
[2021-03-21 21:21:25,785] {logging_mixin.py:104} INFO - [2021-03-21 21:21:25,785] {dag.py:1818} INFO - Sync 1 DAGs
[2021-03-21 21:21:25,799] {logging_mixin.py:104} INFO - [2021-03-21 21:21:25,799] {dag.py:2273} INFO - Setting next_dagrun for example_bash_operator to 2021-03-19 00:00:00+00:00
[2021-03-21 21:21:25,806] {scheduler_job.py:190} INFO - Processing /home/airflow/.local/lib/python3.6/site-packages/airflow/example_dags/example_bash_operator.py took 0.045 seconds
[2021-03-21 21:21:56,535] {scheduler_job.py:182} INFO - Started process (PID=259) to work on /home/airflow/.local/lib/python3.6/site-packages/airflow/example_dags/example_bash_operator.py
[2021-03-21 21:21:56,536] {scheduler_job.py:629} INFO - Processing file /home/airflow/.local/lib/python3.6/site-packages/airflow/example_dags/example_bash_operator.py for tasks to queue
[2021-03-21 21:21:56,536] {logging_mixin.py:104} INFO - [2021-03-21 21:21:56,536] {dagbag.py:448} INFO - Filling up the DagBag from /home/airflow/.local/lib/python3.6/site-packages/airflow/example_dags/example_bash_operator.py
[2021-03-21 21:21:56,544] {scheduler_job.py:639} INFO - DAG(s) dict_keys(['example_bash_operator']) retrieved from /home/airflow/.local/lib/python3.6/site-packages/airflow/example_dags/example_bash_operator.py
[2021-03-21 21:21:56,557] {logging_mixin.py:104} INFO - [2021-03-21 21:21:56,557] {dag.py:1818} INFO - Sync 1 DAGs
[2021-03-21 21:21:56,571] {logging_mixin.py:104} INFO - [2021-03-21 21:21:56,571] {dag.py:2273} INFO - Setting next_dagrun for example_bash_operator to 2021-03-19 00:00:00+00:00
[2021-03-21 21:21:56,578] {scheduler_job.py:190} INFO - Processing /home/airflow/.local/lib/python3.6/site-packages/airflow/example_dags/example_bash_operator.py took 0.045 seconds
[2021-03-21 21:22:27,299] {scheduler_job.py:182} INFO - Started process (PID=285) to work on /home/airflow/.local/lib/python3.6/site-packages/airflow/example_dags/example_bash_operator.py
[2021-03-21 21:22:27,300] {scheduler_job.py:629} INFO - Processing file /home/airflow/.local/lib/python3.6/site-packages/airflow/example_dags/example_bash_operator.py for tasks to queue
[2021-03-21 21:22:27,301] {logging_mixin.py:104} INFO - [2021-03-21 21:22:27,301] {dagbag.py:448} INFO - Filling up the DagBag from /home/airflow/.local/lib/python3.6/site-packages/airflow/example_dags/example_bash_operator.py
[2021-03-21 21:22:27,308] {scheduler_job.py:639} INFO - DAG(s) dict_keys(['example_bash_operator']) retrieved from /home/airflow/.local/lib/python3.6/site-packages/airflow/example_dags/example_bash_operator.py
[2021-03-21 21:22:27,323] {logging_mixin.py:104} INFO - [2021-03-21 21:22:27,323] {dag.py:1818} INFO - Sync 1 DAGs
[2021-03-21 21:22:27,339] {logging_mixin.py:104} INFO - [2021-03-21 21:22:27,338] {dag.py:2273} INFO - Setting next_dagrun for example_bash_operator to 2021-03-19 00:00:00+00:00
[2021-03-21 21:22:27,346] {scheduler_job.py:190} INFO - Processing /home/airflow/.local/lib/python3.6/site-packages/airflow/example_dags/example_bash_operator.py took 0.049 seconds
[2021-03-21 21:22:58,195] {scheduler_job.py:182} INFO - Started process (PID=311) to work on /home/airflow/.local/lib/python3.6/site-packages/airflow/example_dags/example_bash_operator.py
[2021-03-21 21:22:58,196] {scheduler_job.py:629} INFO - Processing file /home/airflow/.local/lib/python3.6/site-packages/airflow/example_dags/example_bash_operator.py for tasks to queue
[2021-03-21 21:22:58,196] {logging_mixin.py:104} INFO - [2021-03-21 21:22:58,196] {dagbag.py:448} INFO - Filling up the DagBag from /home/airflow/.local/lib/python3.6/site-packages/airflow/example_dags/example_bash_operator.py
[2021-03-21 21:22:58,205] {scheduler_job.py:639} INFO - DAG(s) dict_keys(['example_bash_operator']) retrieved from /home/airflow/.local/lib/python3.6/site-packages/airflow/example_dags/example_bash_operator.py
[2021-03-21 21:22:58,220] {logging_mixin.py:104} INFO - [2021-03-21 21:22:58,220] {dag.py:1818} INFO - Sync 1 DAGs
[2021-03-21 21:22:58,234] {logging_mixin.py:104} INFO - [2021-03-21 21:22:58,234] {dag.py:2273} INFO - Setting next_dagrun for example_bash_operator to 2021-03-19 00:00:00+00:00
[2021-03-21 21:22:58,242] {scheduler_job.py:190} INFO - Processing /home/airflow/.local/lib/python3.6/site-packages/airflow/example_dags/example_bash_operator.py took 0.049 seconds
[2021-03-21 21:23:28,991] {scheduler_job.py:182} INFO - Started process (PID=337) to work on /home/airflow/.local/lib/python3.6/site-packages/airflow/example_dags/example_bash_operator.py
[2021-03-21 21:23:28,991] {scheduler_job.py:629} INFO - Processing file /home/airflow/.local/lib/python3.6/site-packages/airflow/example_dags/example_bash_operator.py for tasks to queue
[2021-03-21 21:23:28,992] {logging_mixin.py:104} INFO - [2021-03-21 21:23:28,992] {dagbag.py:448} INFO - Filling up the DagBag from /home/airflow/.local/lib/python3.6/site-packages/airflow/example_dags/example_bash_operator.py
[2021-03-21 21:23:28,999] {scheduler_job.py:639} INFO - DAG(s) dict_keys(['example_bash_operator']) retrieved from /home/airflow/.local/lib/python3.6/site-packages/airflow/example_dags/example_bash_operator.py
[2021-03-21 21:23:29,013] {logging_mixin.py:104} INFO - [2021-03-21 21:23:29,013] {dag.py:1818} INFO - Sync 1 DAGs
[2021-03-21 21:23:29,027] {logging_mixin.py:104} INFO - [2021-03-21 21:23:29,027] {dag.py:2273} INFO - Setting next_dagrun for example_bash_operator to 2021-03-19 00:00:00+00:00
[2021-03-21 21:23:29,034] {scheduler_job.py:190} INFO - Processing /home/airflow/.local/lib/python3.6/site-packages/airflow/example_dags/example_bash_operator.py took 0.046 seconds
[2021-03-21 21:23:59,777] {scheduler_job.py:182} INFO - Started process (PID=363) to work on /home/airflow/.local/lib/python3.6/site-packages/airflow/example_dags/example_bash_operator.py
[2021-03-21 21:23:59,778] {scheduler_job.py:629} INFO - Processing file /home/airflow/.local/lib/python3.6/site-packages/airflow/example_dags/example_bash_operator.py for tasks to queue
[2021-03-21 21:23:59,778] {logging_mixin.py:104} INFO - [2021-03-21 21:23:59,778] {dagbag.py:448} INFO - Filling up the DagBag from /home/airflow/.local/lib/python3.6/site-packages/airflow/example_dags/example_bash_operator.py
[2021-03-21 21:23:59,786] {scheduler_job.py:639} INFO - DAG(s) dict_keys(['example_bash_operator']) retrieved from /home/airflow/.local/lib/python3.6/site-packages/airflow/example_dags/example_bash_operator.py
[2021-03-21 21:23:59,800] {logging_mixin.py:104} INFO - [2021-03-21 21:23:59,800] {dag.py:1818} INFO - Sync 1 DAGs
[2021-03-21 21:23:59,814] {logging_mixin.py:104} INFO - [2021-03-21 21:23:59,814] {dag.py:2273} INFO - Setting next_dagrun for example_bash_operator to 2021-03-19 00:00:00+00:00
[2021-03-21 21:23:59,823] {scheduler_job.py:190} INFO - Processing /home/airflow/.local/lib/python3.6/site-packages/airflow/example_dags/example_bash_operator.py took 0.047 seconds
[2021-03-21 21:24:30,627] {scheduler_job.py:182} INFO - Started process (PID=389) to work on /home/airflow/.local/lib/python3.6/site-packages/airflow/example_dags/example_bash_operator.py
[2021-03-21 21:24:30,628] {scheduler_job.py:629} INFO - Processing file /home/airflow/.local/lib/python3.6/site-packages/airflow/example_dags/example_bash_operator.py for tasks to queue
[2021-03-21 21:24:30,628] {logging_mixin.py:104} INFO - [2021-03-21 21:24:30,628] {dagbag.py:448} INFO - Filling up the DagBag from /home/airflow/.local/lib/python3.6/site-packages/airflow/example_dags/example_bash_operator.py
[2021-03-21 21:24:30,636] {scheduler_job.py:639} INFO - DAG(s) dict_keys(['example_bash_operator']) retrieved from /home/airflow/.local/lib/python3.6/site-packages/airflow/example_dags/example_bash_operator.py
[2021-03-21 21:24:30,653] {logging_mixin.py:104} INFO - [2021-03-21 21:24:30,653] {dag.py:1818} INFO - Sync 1 DAGs
[2021-03-21 21:24:30,669] {logging_mixin.py:104} INFO - [2021-03-21 21:24:30,669] {dag.py:2273} INFO - Setting next_dagrun for example_bash_operator to 2021-03-19 00:00:00+00:00
[2021-03-21 21:24:30,677] {scheduler_job.py:190} INFO - Processing /home/airflow/.local/lib/python3.6/site-packages/airflow/example_dags/example_bash_operator.py took 0.052 seconds
[2021-03-21 21:25:01,623] {scheduler_job.py:182} INFO - Started process (PID=415) to work on /home/airflow/.local/lib/python3.6/site-packages/airflow/example_dags/example_bash_operator.py
[2021-03-21 21:25:01,625] {scheduler_job.py:629} INFO - Processing file /home/airflow/.local/lib/python3.6/site-packages/airflow/example_dags/example_bash_operator.py for tasks to queue
[2021-03-21 21:25:01,625] {logging_mixin.py:104} INFO - [2021-03-21 21:25:01,625] {dagbag.py:448} INFO - Filling up the DagBag from /home/airflow/.local/lib/python3.6/site-packages/airflow/example_dags/example_bash_operator.py
[2021-03-21 21:25:01,632] {scheduler_job.py:639} INFO - DAG(s) dict_keys(['example_bash_operator']) retrieved from /home/airflow/.local/lib/python3.6/site-packages/airflow/example_dags/example_bash_operator.py
[2021-03-21 21:25:01,646] {logging_mixin.py:104} INFO - [2021-03-21 21:25:01,646] {dag.py:1818} INFO - Sync 1 DAGs
[2021-03-21 21:25:01,662] {logging_mixin.py:104} INFO - [2021-03-21 21:25:01,662] {dag.py:2273} INFO - Setting next_dagrun for example_bash_operator to 2021-03-19 00:00:00+00:00
[2021-03-21 21:25:01,669] {scheduler_job.py:190} INFO - Processing /home/airflow/.local/lib/python3.6/site-packages/airflow/example_dags/example_bash_operator.py took 0.048 seconds
[2021-03-21 21:25:32,401] {scheduler_job.py:182} INFO - Started process (PID=441) to work on /home/airflow/.local/lib/python3.6/site-packages/airflow/example_dags/example_bash_operator.py
[2021-03-21 21:25:32,402] {scheduler_job.py:629} INFO - Processing file /home/airflow/.local/lib/python3.6/site-packages/airflow/example_dags/example_bash_operator.py for tasks to queue
[2021-03-21 21:25:32,403] {logging_mixin.py:104} INFO - [2021-03-21 21:25:32,402] {dagbag.py:448} INFO - Filling up the DagBag from /home/airflow/.local/lib/python3.6/site-packages/airflow/example_dags/example_bash_operator.py
[2021-03-21 21:25:32,410] {scheduler_job.py:639} INFO - DAG(s) dict_keys(['example_bash_operator']) retrieved from /home/airflow/.local/lib/python3.6/site-packages/airflow/example_dags/example_bash_operator.py
[2021-03-21 21:25:32,424] {logging_mixin.py:104} INFO - [2021-03-21 21:25:32,424] {dag.py:1818} INFO - Sync 1 DAGs
[2021-03-21 21:25:32,439] {logging_mixin.py:104} INFO - [2021-03-21 21:25:32,439] {dag.py:2273} INFO - Setting next_dagrun for example_bash_operator to 2021-03-19 00:00:00+00:00
[2021-03-21 21:25:32,446] {scheduler_job.py:190} INFO - Processing /home/airflow/.local/lib/python3.6/site-packages/airflow/example_dags/example_bash_operator.py took 0.046 seconds
[2021-03-21 21:26:03,159] {scheduler_job.py:182} INFO - Started process (PID=467) to work on /home/airflow/.local/lib/python3.6/site-packages/airflow/example_dags/example_bash_operator.py
[2021-03-21 21:26:03,160] {scheduler_job.py:629} INFO - Processing file /home/airflow/.local/lib/python3.6/site-packages/airflow/example_dags/example_bash_operator.py for tasks to queue
[2021-03-21 21:26:03,160] {logging_mixin.py:104} INFO - [2021-03-21 21:26:03,160] {dagbag.py:448} INFO - Filling up the DagBag from /home/airflow/.local/lib/python3.6/site-packages/airflow/example_dags/example_bash_operator.py
[2021-03-21 21:26:03,168] {scheduler_job.py:639} INFO - DAG(s) dict_keys(['example_bash_operator']) retrieved from /home/airflow/.local/lib/python3.6/site-packages/airflow/example_dags/example_bash_operator.py
[2021-03-21 21:26:03,182] {logging_mixin.py:104} INFO - [2021-03-21 21:26:03,182] {dag.py:1818} INFO - Sync 1 DAGs
[2021-03-21 21:26:03,197] {logging_mixin.py:104} INFO - [2021-03-21 21:26:03,197] {dag.py:2273} INFO - Setting next_dagrun for example_bash_operator to 2021-03-19 00:00:00+00:00
[2021-03-21 21:26:03,204] {scheduler_job.py:190} INFO - Processing /home/airflow/.local/lib/python3.6/site-packages/airflow/example_dags/example_bash_operator.py took 0.046 seconds
[2021-03-21 21:26:34,073] {scheduler_job.py:182} INFO - Started process (PID=493) to work on /home/airflow/.local/lib/python3.6/site-packages/airflow/example_dags/example_bash_operator.py
[2021-03-21 21:26:34,074] {scheduler_job.py:629} INFO - Processing file /home/airflow/.local/lib/python3.6/site-packages/airflow/example_dags/example_bash_operator.py for tasks to queue
[2021-03-21 21:26:34,074] {logging_mixin.py:104} INFO - [2021-03-21 21:26:34,074] {dagbag.py:448} INFO - Filling up the DagBag from /home/airflow/.local/lib/python3.6/site-packages/airflow/example_dags/example_bash_operator.py
[2021-03-21 21:26:34,082] {scheduler_job.py:639} INFO - DAG(s) dict_keys(['example_bash_operator']) retrieved from /home/airflow/.local/lib/python3.6/site-packages/airflow/example_dags/example_bash_operator.py
[2021-03-21 21:26:34,100] {logging_mixin.py:104} INFO - [2021-03-21 21:26:34,099] {dag.py:1818} INFO - Sync 1 DAGs
[2021-03-21 21:26:34,120] {logging_mixin.py:104} INFO - [2021-03-21 21:26:34,120] {dag.py:2273} INFO - Setting next_dagrun for example_bash_operator to 2021-03-19 00:00:00+00:00
[2021-03-21 21:26:34,129] {scheduler_job.py:190} INFO - Processing /home/airflow/.local/lib/python3.6/site-packages/airflow/example_dags/example_bash_operator.py took 0.059 seconds
