[2021-03-21 21:17:50,389] {scheduler_job.py:182} INFO - Started process (PID=44) to work on /home/airflow/.local/lib/python3.6/site-packages/airflow/example_dags/example_skip_dag.py
[2021-03-21 21:17:50,390] {scheduler_job.py:629} INFO - Processing file /home/airflow/.local/lib/python3.6/site-packages/airflow/example_dags/example_skip_dag.py for tasks to queue
[2021-03-21 21:17:50,391] {logging_mixin.py:104} INFO - [2021-03-21 21:17:50,391] {dagbag.py:448} INFO - Filling up the DagBag from /home/airflow/.local/lib/python3.6/site-packages/airflow/example_dags/example_skip_dag.py
[2021-03-21 21:17:50,398] {scheduler_job.py:639} INFO - DAG(s) dict_keys(['example_skip_dag']) retrieved from /home/airflow/.local/lib/python3.6/site-packages/airflow/example_dags/example_skip_dag.py
[2021-03-21 21:17:50,417] {logging_mixin.py:104} INFO - [2021-03-21 21:17:50,417] {dag.py:1818} INFO - Sync 1 DAGs
[2021-03-21 21:17:50,424] {logging_mixin.py:104} INFO - [2021-03-21 21:17:50,424] {dag.py:1837} INFO - Creating ORM DAG for example_skip_dag
[2021-03-21 21:17:50,429] {logging_mixin.py:104} INFO - [2021-03-21 21:17:50,429] {dag.py:2273} INFO - Setting next_dagrun for example_skip_dag to 2021-03-19 00:00:00+00:00
[2021-03-21 21:17:50,445] {scheduler_job.py:190} INFO - Processing /home/airflow/.local/lib/python3.6/site-packages/airflow/example_dags/example_skip_dag.py took 0.058 seconds
[2021-03-21 21:18:20,477] {scheduler_job.py:182} INFO - Started process (PID=70) to work on /home/airflow/.local/lib/python3.6/site-packages/airflow/example_dags/example_skip_dag.py
[2021-03-21 21:18:20,478] {scheduler_job.py:629} INFO - Processing file /home/airflow/.local/lib/python3.6/site-packages/airflow/example_dags/example_skip_dag.py for tasks to queue
[2021-03-21 21:18:20,479] {logging_mixin.py:104} INFO - [2021-03-21 21:18:20,478] {dagbag.py:448} INFO - Filling up the DagBag from /home/airflow/.local/lib/python3.6/site-packages/airflow/example_dags/example_skip_dag.py
[2021-03-21 21:18:20,486] {scheduler_job.py:639} INFO - DAG(s) dict_keys(['example_skip_dag']) retrieved from /home/airflow/.local/lib/python3.6/site-packages/airflow/example_dags/example_skip_dag.py
[2021-03-21 21:18:20,502] {logging_mixin.py:104} INFO - [2021-03-21 21:18:20,502] {dag.py:1818} INFO - Sync 1 DAGs
[2021-03-21 21:18:20,512] {logging_mixin.py:104} INFO - [2021-03-21 21:18:20,512] {dag.py:2273} INFO - Setting next_dagrun for example_skip_dag to 2021-03-19 00:00:00+00:00
[2021-03-21 21:18:20,519] {scheduler_job.py:190} INFO - Processing /home/airflow/.local/lib/python3.6/site-packages/airflow/example_dags/example_skip_dag.py took 0.044 seconds
[2021-03-21 21:18:51,498] {scheduler_job.py:182} INFO - Started process (PID=96) to work on /home/airflow/.local/lib/python3.6/site-packages/airflow/example_dags/example_skip_dag.py
[2021-03-21 21:18:51,499] {scheduler_job.py:629} INFO - Processing file /home/airflow/.local/lib/python3.6/site-packages/airflow/example_dags/example_skip_dag.py for tasks to queue
[2021-03-21 21:18:51,500] {logging_mixin.py:104} INFO - [2021-03-21 21:18:51,500] {dagbag.py:448} INFO - Filling up the DagBag from /home/airflow/.local/lib/python3.6/site-packages/airflow/example_dags/example_skip_dag.py
[2021-03-21 21:18:51,506] {scheduler_job.py:639} INFO - DAG(s) dict_keys(['example_skip_dag']) retrieved from /home/airflow/.local/lib/python3.6/site-packages/airflow/example_dags/example_skip_dag.py
[2021-03-21 21:18:51,520] {logging_mixin.py:104} INFO - [2021-03-21 21:18:51,520] {dag.py:1818} INFO - Sync 1 DAGs
[2021-03-21 21:18:51,529] {logging_mixin.py:104} INFO - [2021-03-21 21:18:51,529] {dag.py:2273} INFO - Setting next_dagrun for example_skip_dag to 2021-03-19 00:00:00+00:00
[2021-03-21 21:18:51,535] {scheduler_job.py:190} INFO - Processing /home/airflow/.local/lib/python3.6/site-packages/airflow/example_dags/example_skip_dag.py took 0.038 seconds
[2021-03-21 21:19:22,398] {scheduler_job.py:182} INFO - Started process (PID=122) to work on /home/airflow/.local/lib/python3.6/site-packages/airflow/example_dags/example_skip_dag.py
[2021-03-21 21:19:22,399] {scheduler_job.py:629} INFO - Processing file /home/airflow/.local/lib/python3.6/site-packages/airflow/example_dags/example_skip_dag.py for tasks to queue
[2021-03-21 21:19:22,400] {logging_mixin.py:104} INFO - [2021-03-21 21:19:22,400] {dagbag.py:448} INFO - Filling up the DagBag from /home/airflow/.local/lib/python3.6/site-packages/airflow/example_dags/example_skip_dag.py
[2021-03-21 21:19:22,406] {scheduler_job.py:639} INFO - DAG(s) dict_keys(['example_skip_dag']) retrieved from /home/airflow/.local/lib/python3.6/site-packages/airflow/example_dags/example_skip_dag.py
[2021-03-21 21:19:22,422] {logging_mixin.py:104} INFO - [2021-03-21 21:19:22,421] {dag.py:1818} INFO - Sync 1 DAGs
[2021-03-21 21:19:22,433] {logging_mixin.py:104} INFO - [2021-03-21 21:19:22,433] {dag.py:2273} INFO - Setting next_dagrun for example_skip_dag to 2021-03-19 00:00:00+00:00
[2021-03-21 21:19:22,440] {scheduler_job.py:190} INFO - Processing /home/airflow/.local/lib/python3.6/site-packages/airflow/example_dags/example_skip_dag.py took 0.045 seconds
[2021-03-21 21:19:53,225] {scheduler_job.py:182} INFO - Started process (PID=148) to work on /home/airflow/.local/lib/python3.6/site-packages/airflow/example_dags/example_skip_dag.py
[2021-03-21 21:19:53,226] {scheduler_job.py:629} INFO - Processing file /home/airflow/.local/lib/python3.6/site-packages/airflow/example_dags/example_skip_dag.py for tasks to queue
[2021-03-21 21:19:53,227] {logging_mixin.py:104} INFO - [2021-03-21 21:19:53,227] {dagbag.py:448} INFO - Filling up the DagBag from /home/airflow/.local/lib/python3.6/site-packages/airflow/example_dags/example_skip_dag.py
[2021-03-21 21:19:53,233] {scheduler_job.py:639} INFO - DAG(s) dict_keys(['example_skip_dag']) retrieved from /home/airflow/.local/lib/python3.6/site-packages/airflow/example_dags/example_skip_dag.py
[2021-03-21 21:19:53,247] {logging_mixin.py:104} INFO - [2021-03-21 21:19:53,247] {dag.py:1818} INFO - Sync 1 DAGs
[2021-03-21 21:19:53,259] {logging_mixin.py:104} INFO - [2021-03-21 21:19:53,259] {dag.py:2273} INFO - Setting next_dagrun for example_skip_dag to 2021-03-19 00:00:00+00:00
[2021-03-21 21:19:53,266] {scheduler_job.py:190} INFO - Processing /home/airflow/.local/lib/python3.6/site-packages/airflow/example_dags/example_skip_dag.py took 0.043 seconds
[2021-03-21 21:20:24,025] {scheduler_job.py:182} INFO - Started process (PID=174) to work on /home/airflow/.local/lib/python3.6/site-packages/airflow/example_dags/example_skip_dag.py
[2021-03-21 21:20:24,026] {scheduler_job.py:629} INFO - Processing file /home/airflow/.local/lib/python3.6/site-packages/airflow/example_dags/example_skip_dag.py for tasks to queue
[2021-03-21 21:20:24,027] {logging_mixin.py:104} INFO - [2021-03-21 21:20:24,027] {dagbag.py:448} INFO - Filling up the DagBag from /home/airflow/.local/lib/python3.6/site-packages/airflow/example_dags/example_skip_dag.py
[2021-03-21 21:20:24,034] {scheduler_job.py:639} INFO - DAG(s) dict_keys(['example_skip_dag']) retrieved from /home/airflow/.local/lib/python3.6/site-packages/airflow/example_dags/example_skip_dag.py
[2021-03-21 21:20:24,049] {logging_mixin.py:104} INFO - [2021-03-21 21:20:24,049] {dag.py:1818} INFO - Sync 1 DAGs
[2021-03-21 21:20:24,059] {logging_mixin.py:104} INFO - [2021-03-21 21:20:24,059] {dag.py:2273} INFO - Setting next_dagrun for example_skip_dag to 2021-03-19 00:00:00+00:00
[2021-03-21 21:20:24,065] {scheduler_job.py:190} INFO - Processing /home/airflow/.local/lib/python3.6/site-packages/airflow/example_dags/example_skip_dag.py took 0.042 seconds
[2021-03-21 21:20:54,829] {scheduler_job.py:182} INFO - Started process (PID=200) to work on /home/airflow/.local/lib/python3.6/site-packages/airflow/example_dags/example_skip_dag.py
[2021-03-21 21:20:54,829] {scheduler_job.py:629} INFO - Processing file /home/airflow/.local/lib/python3.6/site-packages/airflow/example_dags/example_skip_dag.py for tasks to queue
[2021-03-21 21:20:54,830] {logging_mixin.py:104} INFO - [2021-03-21 21:20:54,830] {dagbag.py:448} INFO - Filling up the DagBag from /home/airflow/.local/lib/python3.6/site-packages/airflow/example_dags/example_skip_dag.py
[2021-03-21 21:20:54,836] {scheduler_job.py:639} INFO - DAG(s) dict_keys(['example_skip_dag']) retrieved from /home/airflow/.local/lib/python3.6/site-packages/airflow/example_dags/example_skip_dag.py
[2021-03-21 21:20:54,849] {logging_mixin.py:104} INFO - [2021-03-21 21:20:54,849] {dag.py:1818} INFO - Sync 1 DAGs
[2021-03-21 21:20:54,859] {logging_mixin.py:104} INFO - [2021-03-21 21:20:54,859] {dag.py:2273} INFO - Setting next_dagrun for example_skip_dag to 2021-03-19 00:00:00+00:00
[2021-03-21 21:20:54,866] {scheduler_job.py:190} INFO - Processing /home/airflow/.local/lib/python3.6/site-packages/airflow/example_dags/example_skip_dag.py took 0.039 seconds
[2021-03-21 21:21:25,588] {scheduler_job.py:182} INFO - Started process (PID=226) to work on /home/airflow/.local/lib/python3.6/site-packages/airflow/example_dags/example_skip_dag.py
[2021-03-21 21:21:25,589] {scheduler_job.py:629} INFO - Processing file /home/airflow/.local/lib/python3.6/site-packages/airflow/example_dags/example_skip_dag.py for tasks to queue
[2021-03-21 21:21:25,589] {logging_mixin.py:104} INFO - [2021-03-21 21:21:25,589] {dagbag.py:448} INFO - Filling up the DagBag from /home/airflow/.local/lib/python3.6/site-packages/airflow/example_dags/example_skip_dag.py
[2021-03-21 21:21:25,595] {scheduler_job.py:639} INFO - DAG(s) dict_keys(['example_skip_dag']) retrieved from /home/airflow/.local/lib/python3.6/site-packages/airflow/example_dags/example_skip_dag.py
[2021-03-21 21:21:25,610] {logging_mixin.py:104} INFO - [2021-03-21 21:21:25,610] {dag.py:1818} INFO - Sync 1 DAGs
[2021-03-21 21:21:25,620] {logging_mixin.py:104} INFO - [2021-03-21 21:21:25,620] {dag.py:2273} INFO - Setting next_dagrun for example_skip_dag to 2021-03-19 00:00:00+00:00
[2021-03-21 21:21:25,626] {scheduler_job.py:190} INFO - Processing /home/airflow/.local/lib/python3.6/site-packages/airflow/example_dags/example_skip_dag.py took 0.040 seconds
[2021-03-21 21:21:56,343] {scheduler_job.py:182} INFO - Started process (PID=252) to work on /home/airflow/.local/lib/python3.6/site-packages/airflow/example_dags/example_skip_dag.py
[2021-03-21 21:21:56,343] {scheduler_job.py:629} INFO - Processing file /home/airflow/.local/lib/python3.6/site-packages/airflow/example_dags/example_skip_dag.py for tasks to queue
[2021-03-21 21:21:56,344] {logging_mixin.py:104} INFO - [2021-03-21 21:21:56,344] {dagbag.py:448} INFO - Filling up the DagBag from /home/airflow/.local/lib/python3.6/site-packages/airflow/example_dags/example_skip_dag.py
[2021-03-21 21:21:56,352] {scheduler_job.py:639} INFO - DAG(s) dict_keys(['example_skip_dag']) retrieved from /home/airflow/.local/lib/python3.6/site-packages/airflow/example_dags/example_skip_dag.py
[2021-03-21 21:21:56,369] {logging_mixin.py:104} INFO - [2021-03-21 21:21:56,369] {dag.py:1818} INFO - Sync 1 DAGs
[2021-03-21 21:21:56,380] {logging_mixin.py:104} INFO - [2021-03-21 21:21:56,380] {dag.py:2273} INFO - Setting next_dagrun for example_skip_dag to 2021-03-19 00:00:00+00:00
[2021-03-21 21:21:56,387] {scheduler_job.py:190} INFO - Processing /home/airflow/.local/lib/python3.6/site-packages/airflow/example_dags/example_skip_dag.py took 0.046 seconds
[2021-03-21 21:22:27,119] {scheduler_job.py:182} INFO - Started process (PID=278) to work on /home/airflow/.local/lib/python3.6/site-packages/airflow/example_dags/example_skip_dag.py
[2021-03-21 21:22:27,120] {scheduler_job.py:629} INFO - Processing file /home/airflow/.local/lib/python3.6/site-packages/airflow/example_dags/example_skip_dag.py for tasks to queue
[2021-03-21 21:22:27,121] {logging_mixin.py:104} INFO - [2021-03-21 21:22:27,121] {dagbag.py:448} INFO - Filling up the DagBag from /home/airflow/.local/lib/python3.6/site-packages/airflow/example_dags/example_skip_dag.py
[2021-03-21 21:22:27,127] {scheduler_job.py:639} INFO - DAG(s) dict_keys(['example_skip_dag']) retrieved from /home/airflow/.local/lib/python3.6/site-packages/airflow/example_dags/example_skip_dag.py
[2021-03-21 21:22:27,141] {logging_mixin.py:104} INFO - [2021-03-21 21:22:27,141] {dag.py:1818} INFO - Sync 1 DAGs
[2021-03-21 21:22:27,151] {logging_mixin.py:104} INFO - [2021-03-21 21:22:27,150] {dag.py:2273} INFO - Setting next_dagrun for example_skip_dag to 2021-03-19 00:00:00+00:00
[2021-03-21 21:22:27,156] {scheduler_job.py:190} INFO - Processing /home/airflow/.local/lib/python3.6/site-packages/airflow/example_dags/example_skip_dag.py took 0.039 seconds
[2021-03-21 21:22:57,965] {scheduler_job.py:182} INFO - Started process (PID=304) to work on /home/airflow/.local/lib/python3.6/site-packages/airflow/example_dags/example_skip_dag.py
[2021-03-21 21:22:57,966] {scheduler_job.py:629} INFO - Processing file /home/airflow/.local/lib/python3.6/site-packages/airflow/example_dags/example_skip_dag.py for tasks to queue
[2021-03-21 21:22:57,966] {logging_mixin.py:104} INFO - [2021-03-21 21:22:57,966] {dagbag.py:448} INFO - Filling up the DagBag from /home/airflow/.local/lib/python3.6/site-packages/airflow/example_dags/example_skip_dag.py
[2021-03-21 21:22:57,973] {scheduler_job.py:639} INFO - DAG(s) dict_keys(['example_skip_dag']) retrieved from /home/airflow/.local/lib/python3.6/site-packages/airflow/example_dags/example_skip_dag.py
[2021-03-21 21:22:57,987] {logging_mixin.py:104} INFO - [2021-03-21 21:22:57,987] {dag.py:1818} INFO - Sync 1 DAGs
[2021-03-21 21:22:57,999] {logging_mixin.py:104} INFO - [2021-03-21 21:22:57,999] {dag.py:2273} INFO - Setting next_dagrun for example_skip_dag to 2021-03-19 00:00:00+00:00
[2021-03-21 21:22:58,007] {scheduler_job.py:190} INFO - Processing /home/airflow/.local/lib/python3.6/site-packages/airflow/example_dags/example_skip_dag.py took 0.044 seconds
[2021-03-21 21:23:28,824] {scheduler_job.py:182} INFO - Started process (PID=330) to work on /home/airflow/.local/lib/python3.6/site-packages/airflow/example_dags/example_skip_dag.py
[2021-03-21 21:23:28,824] {scheduler_job.py:629} INFO - Processing file /home/airflow/.local/lib/python3.6/site-packages/airflow/example_dags/example_skip_dag.py for tasks to queue
[2021-03-21 21:23:28,825] {logging_mixin.py:104} INFO - [2021-03-21 21:23:28,825] {dagbag.py:448} INFO - Filling up the DagBag from /home/airflow/.local/lib/python3.6/site-packages/airflow/example_dags/example_skip_dag.py
[2021-03-21 21:23:28,831] {scheduler_job.py:639} INFO - DAG(s) dict_keys(['example_skip_dag']) retrieved from /home/airflow/.local/lib/python3.6/site-packages/airflow/example_dags/example_skip_dag.py
[2021-03-21 21:23:28,845] {logging_mixin.py:104} INFO - [2021-03-21 21:23:28,845] {dag.py:1818} INFO - Sync 1 DAGs
[2021-03-21 21:23:28,855] {logging_mixin.py:104} INFO - [2021-03-21 21:23:28,855] {dag.py:2273} INFO - Setting next_dagrun for example_skip_dag to 2021-03-19 00:00:00+00:00
[2021-03-21 21:23:28,861] {scheduler_job.py:190} INFO - Processing /home/airflow/.local/lib/python3.6/site-packages/airflow/example_dags/example_skip_dag.py took 0.039 seconds
[2021-03-21 21:23:59,587] {scheduler_job.py:182} INFO - Started process (PID=356) to work on /home/airflow/.local/lib/python3.6/site-packages/airflow/example_dags/example_skip_dag.py
[2021-03-21 21:23:59,587] {scheduler_job.py:629} INFO - Processing file /home/airflow/.local/lib/python3.6/site-packages/airflow/example_dags/example_skip_dag.py for tasks to queue
[2021-03-21 21:23:59,588] {logging_mixin.py:104} INFO - [2021-03-21 21:23:59,588] {dagbag.py:448} INFO - Filling up the DagBag from /home/airflow/.local/lib/python3.6/site-packages/airflow/example_dags/example_skip_dag.py
[2021-03-21 21:23:59,595] {scheduler_job.py:639} INFO - DAG(s) dict_keys(['example_skip_dag']) retrieved from /home/airflow/.local/lib/python3.6/site-packages/airflow/example_dags/example_skip_dag.py
[2021-03-21 21:23:59,609] {logging_mixin.py:104} INFO - [2021-03-21 21:23:59,609] {dag.py:1818} INFO - Sync 1 DAGs
[2021-03-21 21:23:59,619] {logging_mixin.py:104} INFO - [2021-03-21 21:23:59,618] {dag.py:2273} INFO - Setting next_dagrun for example_skip_dag to 2021-03-19 00:00:00+00:00
[2021-03-21 21:23:59,625] {scheduler_job.py:190} INFO - Processing /home/airflow/.local/lib/python3.6/site-packages/airflow/example_dags/example_skip_dag.py took 0.040 seconds
[2021-03-21 21:24:30,383] {scheduler_job.py:182} INFO - Started process (PID=382) to work on /home/airflow/.local/lib/python3.6/site-packages/airflow/example_dags/example_skip_dag.py
[2021-03-21 21:24:30,384] {scheduler_job.py:629} INFO - Processing file /home/airflow/.local/lib/python3.6/site-packages/airflow/example_dags/example_skip_dag.py for tasks to queue
[2021-03-21 21:24:30,385] {logging_mixin.py:104} INFO - [2021-03-21 21:24:30,385] {dagbag.py:448} INFO - Filling up the DagBag from /home/airflow/.local/lib/python3.6/site-packages/airflow/example_dags/example_skip_dag.py
[2021-03-21 21:24:30,392] {scheduler_job.py:639} INFO - DAG(s) dict_keys(['example_skip_dag']) retrieved from /home/airflow/.local/lib/python3.6/site-packages/airflow/example_dags/example_skip_dag.py
[2021-03-21 21:24:30,411] {logging_mixin.py:104} INFO - [2021-03-21 21:24:30,410] {dag.py:1818} INFO - Sync 1 DAGs
[2021-03-21 21:24:30,422] {logging_mixin.py:104} INFO - [2021-03-21 21:24:30,422] {dag.py:2273} INFO - Setting next_dagrun for example_skip_dag to 2021-03-19 00:00:00+00:00
[2021-03-21 21:24:30,430] {scheduler_job.py:190} INFO - Processing /home/airflow/.local/lib/python3.6/site-packages/airflow/example_dags/example_skip_dag.py took 0.048 seconds
[2021-03-21 21:25:01,360] {scheduler_job.py:182} INFO - Started process (PID=408) to work on /home/airflow/.local/lib/python3.6/site-packages/airflow/example_dags/example_skip_dag.py
[2021-03-21 21:25:01,361] {scheduler_job.py:629} INFO - Processing file /home/airflow/.local/lib/python3.6/site-packages/airflow/example_dags/example_skip_dag.py for tasks to queue
[2021-03-21 21:25:01,362] {logging_mixin.py:104} INFO - [2021-03-21 21:25:01,362] {dagbag.py:448} INFO - Filling up the DagBag from /home/airflow/.local/lib/python3.6/site-packages/airflow/example_dags/example_skip_dag.py
[2021-03-21 21:25:01,368] {scheduler_job.py:639} INFO - DAG(s) dict_keys(['example_skip_dag']) retrieved from /home/airflow/.local/lib/python3.6/site-packages/airflow/example_dags/example_skip_dag.py
[2021-03-21 21:25:01,384] {logging_mixin.py:104} INFO - [2021-03-21 21:25:01,384] {dag.py:1818} INFO - Sync 1 DAGs
[2021-03-21 21:25:01,397] {logging_mixin.py:104} INFO - [2021-03-21 21:25:01,396] {dag.py:2273} INFO - Setting next_dagrun for example_skip_dag to 2021-03-19 00:00:00+00:00
[2021-03-21 21:25:01,406] {scheduler_job.py:190} INFO - Processing /home/airflow/.local/lib/python3.6/site-packages/airflow/example_dags/example_skip_dag.py took 0.049 seconds
[2021-03-21 21:25:32,214] {scheduler_job.py:182} INFO - Started process (PID=434) to work on /home/airflow/.local/lib/python3.6/site-packages/airflow/example_dags/example_skip_dag.py
[2021-03-21 21:25:32,215] {scheduler_job.py:629} INFO - Processing file /home/airflow/.local/lib/python3.6/site-packages/airflow/example_dags/example_skip_dag.py for tasks to queue
[2021-03-21 21:25:32,215] {logging_mixin.py:104} INFO - [2021-03-21 21:25:32,215] {dagbag.py:448} INFO - Filling up the DagBag from /home/airflow/.local/lib/python3.6/site-packages/airflow/example_dags/example_skip_dag.py
[2021-03-21 21:25:32,222] {scheduler_job.py:639} INFO - DAG(s) dict_keys(['example_skip_dag']) retrieved from /home/airflow/.local/lib/python3.6/site-packages/airflow/example_dags/example_skip_dag.py
[2021-03-21 21:25:32,236] {logging_mixin.py:104} INFO - [2021-03-21 21:25:32,236] {dag.py:1818} INFO - Sync 1 DAGs
[2021-03-21 21:25:32,246] {logging_mixin.py:104} INFO - [2021-03-21 21:25:32,246] {dag.py:2273} INFO - Setting next_dagrun for example_skip_dag to 2021-03-19 00:00:00+00:00
[2021-03-21 21:25:32,252] {scheduler_job.py:190} INFO - Processing /home/airflow/.local/lib/python3.6/site-packages/airflow/example_dags/example_skip_dag.py took 0.040 seconds
[2021-03-21 21:26:02,973] {scheduler_job.py:182} INFO - Started process (PID=460) to work on /home/airflow/.local/lib/python3.6/site-packages/airflow/example_dags/example_skip_dag.py
[2021-03-21 21:26:02,974] {scheduler_job.py:629} INFO - Processing file /home/airflow/.local/lib/python3.6/site-packages/airflow/example_dags/example_skip_dag.py for tasks to queue
[2021-03-21 21:26:02,974] {logging_mixin.py:104} INFO - [2021-03-21 21:26:02,974] {dagbag.py:448} INFO - Filling up the DagBag from /home/airflow/.local/lib/python3.6/site-packages/airflow/example_dags/example_skip_dag.py
[2021-03-21 21:26:02,980] {scheduler_job.py:639} INFO - DAG(s) dict_keys(['example_skip_dag']) retrieved from /home/airflow/.local/lib/python3.6/site-packages/airflow/example_dags/example_skip_dag.py
[2021-03-21 21:26:02,994] {logging_mixin.py:104} INFO - [2021-03-21 21:26:02,994] {dag.py:1818} INFO - Sync 1 DAGs
[2021-03-21 21:26:03,005] {logging_mixin.py:104} INFO - [2021-03-21 21:26:03,005] {dag.py:2273} INFO - Setting next_dagrun for example_skip_dag to 2021-03-19 00:00:00+00:00
[2021-03-21 21:26:03,011] {scheduler_job.py:190} INFO - Processing /home/airflow/.local/lib/python3.6/site-packages/airflow/example_dags/example_skip_dag.py took 0.040 seconds
[2021-03-21 21:26:33,779] {scheduler_job.py:182} INFO - Started process (PID=486) to work on /home/airflow/.local/lib/python3.6/site-packages/airflow/example_dags/example_skip_dag.py
[2021-03-21 21:26:33,780] {scheduler_job.py:629} INFO - Processing file /home/airflow/.local/lib/python3.6/site-packages/airflow/example_dags/example_skip_dag.py for tasks to queue
[2021-03-21 21:26:33,781] {logging_mixin.py:104} INFO - [2021-03-21 21:26:33,781] {dagbag.py:448} INFO - Filling up the DagBag from /home/airflow/.local/lib/python3.6/site-packages/airflow/example_dags/example_skip_dag.py
[2021-03-21 21:26:33,788] {scheduler_job.py:639} INFO - DAG(s) dict_keys(['example_skip_dag']) retrieved from /home/airflow/.local/lib/python3.6/site-packages/airflow/example_dags/example_skip_dag.py
[2021-03-21 21:26:33,802] {logging_mixin.py:104} INFO - [2021-03-21 21:26:33,802] {dag.py:1818} INFO - Sync 1 DAGs
[2021-03-21 21:26:33,815] {logging_mixin.py:104} INFO - [2021-03-21 21:26:33,815] {dag.py:2273} INFO - Setting next_dagrun for example_skip_dag to 2021-03-19 00:00:00+00:00
[2021-03-21 21:26:33,824] {scheduler_job.py:190} INFO - Processing /home/airflow/.local/lib/python3.6/site-packages/airflow/example_dags/example_skip_dag.py took 0.047 seconds
