[2021-03-21 21:17:50,256] {scheduler_job.py:182} INFO - Started process (PID=40) to work on /home/airflow/.local/lib/python3.6/site-packages/airflow/example_dags/example_kubernetes_executor_config.py
[2021-03-21 21:17:50,257] {scheduler_job.py:629} INFO - Processing file /home/airflow/.local/lib/python3.6/site-packages/airflow/example_dags/example_kubernetes_executor_config.py for tasks to queue
[2021-03-21 21:17:50,257] {logging_mixin.py:104} INFO - [2021-03-21 21:17:50,257] {dagbag.py:448} INFO - Filling up the DagBag from /home/airflow/.local/lib/python3.6/site-packages/airflow/example_dags/example_kubernetes_executor_config.py
[2021-03-21 21:17:50,267] {scheduler_job.py:639} INFO - DAG(s) dict_keys(['example_kubernetes_executor_config']) retrieved from /home/airflow/.local/lib/python3.6/site-packages/airflow/example_dags/example_kubernetes_executor_config.py
[2021-03-21 21:17:50,285] {logging_mixin.py:104} INFO - [2021-03-21 21:17:50,285] {dag.py:1818} INFO - Sync 1 DAGs
[2021-03-21 21:17:50,292] {logging_mixin.py:104} INFO - [2021-03-21 21:17:50,292] {dag.py:1837} INFO - Creating ORM DAG for example_kubernetes_executor_config
[2021-03-21 21:17:50,296] {logging_mixin.py:104} INFO - [2021-03-21 21:17:50,296] {dag.py:2273} INFO - Setting next_dagrun for example_kubernetes_executor_config to None
[2021-03-21 21:17:50,307] {scheduler_job.py:190} INFO - Processing /home/airflow/.local/lib/python3.6/site-packages/airflow/example_dags/example_kubernetes_executor_config.py took 0.053 seconds
[2021-03-21 21:18:20,364] {scheduler_job.py:182} INFO - Started process (PID=66) to work on /home/airflow/.local/lib/python3.6/site-packages/airflow/example_dags/example_kubernetes_executor_config.py
[2021-03-21 21:18:20,365] {scheduler_job.py:629} INFO - Processing file /home/airflow/.local/lib/python3.6/site-packages/airflow/example_dags/example_kubernetes_executor_config.py for tasks to queue
[2021-03-21 21:18:20,366] {logging_mixin.py:104} INFO - [2021-03-21 21:18:20,366] {dagbag.py:448} INFO - Filling up the DagBag from /home/airflow/.local/lib/python3.6/site-packages/airflow/example_dags/example_kubernetes_executor_config.py
[2021-03-21 21:18:20,374] {scheduler_job.py:639} INFO - DAG(s) dict_keys(['example_kubernetes_executor_config']) retrieved from /home/airflow/.local/lib/python3.6/site-packages/airflow/example_dags/example_kubernetes_executor_config.py
[2021-03-21 21:18:20,389] {logging_mixin.py:104} INFO - [2021-03-21 21:18:20,389] {dag.py:1818} INFO - Sync 1 DAGs
[2021-03-21 21:18:20,401] {logging_mixin.py:104} INFO - [2021-03-21 21:18:20,400] {dag.py:2273} INFO - Setting next_dagrun for example_kubernetes_executor_config to None
[2021-03-21 21:18:20,407] {scheduler_job.py:190} INFO - Processing /home/airflow/.local/lib/python3.6/site-packages/airflow/example_dags/example_kubernetes_executor_config.py took 0.046 seconds
[2021-03-21 21:18:51,393] {scheduler_job.py:182} INFO - Started process (PID=92) to work on /home/airflow/.local/lib/python3.6/site-packages/airflow/example_dags/example_kubernetes_executor_config.py
[2021-03-21 21:18:51,394] {scheduler_job.py:629} INFO - Processing file /home/airflow/.local/lib/python3.6/site-packages/airflow/example_dags/example_kubernetes_executor_config.py for tasks to queue
[2021-03-21 21:18:51,395] {logging_mixin.py:104} INFO - [2021-03-21 21:18:51,395] {dagbag.py:448} INFO - Filling up the DagBag from /home/airflow/.local/lib/python3.6/site-packages/airflow/example_dags/example_kubernetes_executor_config.py
[2021-03-21 21:18:51,403] {scheduler_job.py:639} INFO - DAG(s) dict_keys(['example_kubernetes_executor_config']) retrieved from /home/airflow/.local/lib/python3.6/site-packages/airflow/example_dags/example_kubernetes_executor_config.py
[2021-03-21 21:18:51,419] {logging_mixin.py:104} INFO - [2021-03-21 21:18:51,419] {dag.py:1818} INFO - Sync 1 DAGs
[2021-03-21 21:18:51,429] {logging_mixin.py:104} INFO - [2021-03-21 21:18:51,429] {dag.py:2273} INFO - Setting next_dagrun for example_kubernetes_executor_config to None
[2021-03-21 21:18:51,435] {scheduler_job.py:190} INFO - Processing /home/airflow/.local/lib/python3.6/site-packages/airflow/example_dags/example_kubernetes_executor_config.py took 0.044 seconds
[2021-03-21 21:19:22,279] {scheduler_job.py:182} INFO - Started process (PID=118) to work on /home/airflow/.local/lib/python3.6/site-packages/airflow/example_dags/example_kubernetes_executor_config.py
[2021-03-21 21:19:22,280] {scheduler_job.py:629} INFO - Processing file /home/airflow/.local/lib/python3.6/site-packages/airflow/example_dags/example_kubernetes_executor_config.py for tasks to queue
[2021-03-21 21:19:22,281] {logging_mixin.py:104} INFO - [2021-03-21 21:19:22,281] {dagbag.py:448} INFO - Filling up the DagBag from /home/airflow/.local/lib/python3.6/site-packages/airflow/example_dags/example_kubernetes_executor_config.py
[2021-03-21 21:19:22,289] {scheduler_job.py:639} INFO - DAG(s) dict_keys(['example_kubernetes_executor_config']) retrieved from /home/airflow/.local/lib/python3.6/site-packages/airflow/example_dags/example_kubernetes_executor_config.py
[2021-03-21 21:19:22,306] {logging_mixin.py:104} INFO - [2021-03-21 21:19:22,306] {dag.py:1818} INFO - Sync 1 DAGs
[2021-03-21 21:19:22,316] {logging_mixin.py:104} INFO - [2021-03-21 21:19:22,316] {dag.py:2273} INFO - Setting next_dagrun for example_kubernetes_executor_config to None
[2021-03-21 21:19:22,325] {scheduler_job.py:190} INFO - Processing /home/airflow/.local/lib/python3.6/site-packages/airflow/example_dags/example_kubernetes_executor_config.py took 0.048 seconds
[2021-03-21 21:19:53,046] {scheduler_job.py:182} INFO - Started process (PID=144) to work on /home/airflow/.local/lib/python3.6/site-packages/airflow/example_dags/example_kubernetes_executor_config.py
[2021-03-21 21:19:53,047] {scheduler_job.py:629} INFO - Processing file /home/airflow/.local/lib/python3.6/site-packages/airflow/example_dags/example_kubernetes_executor_config.py for tasks to queue
[2021-03-21 21:19:53,047] {logging_mixin.py:104} INFO - [2021-03-21 21:19:53,047] {dagbag.py:448} INFO - Filling up the DagBag from /home/airflow/.local/lib/python3.6/site-packages/airflow/example_dags/example_kubernetes_executor_config.py
[2021-03-21 21:19:53,055] {scheduler_job.py:639} INFO - DAG(s) dict_keys(['example_kubernetes_executor_config']) retrieved from /home/airflow/.local/lib/python3.6/site-packages/airflow/example_dags/example_kubernetes_executor_config.py
[2021-03-21 21:19:53,073] {logging_mixin.py:104} INFO - [2021-03-21 21:19:53,073] {dag.py:1818} INFO - Sync 1 DAGs
[2021-03-21 21:19:53,083] {logging_mixin.py:104} INFO - [2021-03-21 21:19:53,083] {dag.py:2273} INFO - Setting next_dagrun for example_kubernetes_executor_config to None
[2021-03-21 21:19:53,089] {scheduler_job.py:190} INFO - Processing /home/airflow/.local/lib/python3.6/site-packages/airflow/example_dags/example_kubernetes_executor_config.py took 0.044 seconds
[2021-03-21 21:20:23,922] {scheduler_job.py:182} INFO - Started process (PID=170) to work on /home/airflow/.local/lib/python3.6/site-packages/airflow/example_dags/example_kubernetes_executor_config.py
[2021-03-21 21:20:23,923] {scheduler_job.py:629} INFO - Processing file /home/airflow/.local/lib/python3.6/site-packages/airflow/example_dags/example_kubernetes_executor_config.py for tasks to queue
[2021-03-21 21:20:23,924] {logging_mixin.py:104} INFO - [2021-03-21 21:20:23,924] {dagbag.py:448} INFO - Filling up the DagBag from /home/airflow/.local/lib/python3.6/site-packages/airflow/example_dags/example_kubernetes_executor_config.py
[2021-03-21 21:20:23,932] {scheduler_job.py:639} INFO - DAG(s) dict_keys(['example_kubernetes_executor_config']) retrieved from /home/airflow/.local/lib/python3.6/site-packages/airflow/example_dags/example_kubernetes_executor_config.py
[2021-03-21 21:20:23,947] {logging_mixin.py:104} INFO - [2021-03-21 21:20:23,947] {dag.py:1818} INFO - Sync 1 DAGs
[2021-03-21 21:20:23,956] {logging_mixin.py:104} INFO - [2021-03-21 21:20:23,956] {dag.py:2273} INFO - Setting next_dagrun for example_kubernetes_executor_config to None
[2021-03-21 21:20:23,962] {scheduler_job.py:190} INFO - Processing /home/airflow/.local/lib/python3.6/site-packages/airflow/example_dags/example_kubernetes_executor_config.py took 0.042 seconds
[2021-03-21 21:20:54,667] {scheduler_job.py:182} INFO - Started process (PID=196) to work on /home/airflow/.local/lib/python3.6/site-packages/airflow/example_dags/example_kubernetes_executor_config.py
[2021-03-21 21:20:54,668] {scheduler_job.py:629} INFO - Processing file /home/airflow/.local/lib/python3.6/site-packages/airflow/example_dags/example_kubernetes_executor_config.py for tasks to queue
[2021-03-21 21:20:54,669] {logging_mixin.py:104} INFO - [2021-03-21 21:20:54,669] {dagbag.py:448} INFO - Filling up the DagBag from /home/airflow/.local/lib/python3.6/site-packages/airflow/example_dags/example_kubernetes_executor_config.py
[2021-03-21 21:20:54,677] {scheduler_job.py:639} INFO - DAG(s) dict_keys(['example_kubernetes_executor_config']) retrieved from /home/airflow/.local/lib/python3.6/site-packages/airflow/example_dags/example_kubernetes_executor_config.py
[2021-03-21 21:20:54,692] {logging_mixin.py:104} INFO - [2021-03-21 21:20:54,691] {dag.py:1818} INFO - Sync 1 DAGs
[2021-03-21 21:20:54,700] {logging_mixin.py:104} INFO - [2021-03-21 21:20:54,700] {dag.py:2273} INFO - Setting next_dagrun for example_kubernetes_executor_config to None
[2021-03-21 21:20:54,706] {scheduler_job.py:190} INFO - Processing /home/airflow/.local/lib/python3.6/site-packages/airflow/example_dags/example_kubernetes_executor_config.py took 0.041 seconds
[2021-03-21 21:21:25,477] {scheduler_job.py:182} INFO - Started process (PID=222) to work on /home/airflow/.local/lib/python3.6/site-packages/airflow/example_dags/example_kubernetes_executor_config.py
[2021-03-21 21:21:25,477] {scheduler_job.py:629} INFO - Processing file /home/airflow/.local/lib/python3.6/site-packages/airflow/example_dags/example_kubernetes_executor_config.py for tasks to queue
[2021-03-21 21:21:25,478] {logging_mixin.py:104} INFO - [2021-03-21 21:21:25,478] {dagbag.py:448} INFO - Filling up the DagBag from /home/airflow/.local/lib/python3.6/site-packages/airflow/example_dags/example_kubernetes_executor_config.py
[2021-03-21 21:21:25,486] {scheduler_job.py:639} INFO - DAG(s) dict_keys(['example_kubernetes_executor_config']) retrieved from /home/airflow/.local/lib/python3.6/site-packages/airflow/example_dags/example_kubernetes_executor_config.py
[2021-03-21 21:21:25,501] {logging_mixin.py:104} INFO - [2021-03-21 21:21:25,501] {dag.py:1818} INFO - Sync 1 DAGs
[2021-03-21 21:21:25,512] {logging_mixin.py:104} INFO - [2021-03-21 21:21:25,512] {dag.py:2273} INFO - Setting next_dagrun for example_kubernetes_executor_config to None
[2021-03-21 21:21:25,519] {scheduler_job.py:190} INFO - Processing /home/airflow/.local/lib/python3.6/site-packages/airflow/example_dags/example_kubernetes_executor_config.py took 0.044 seconds
[2021-03-21 21:21:56,238] {scheduler_job.py:182} INFO - Started process (PID=248) to work on /home/airflow/.local/lib/python3.6/site-packages/airflow/example_dags/example_kubernetes_executor_config.py
[2021-03-21 21:21:56,239] {scheduler_job.py:629} INFO - Processing file /home/airflow/.local/lib/python3.6/site-packages/airflow/example_dags/example_kubernetes_executor_config.py for tasks to queue
[2021-03-21 21:21:56,239] {logging_mixin.py:104} INFO - [2021-03-21 21:21:56,239] {dagbag.py:448} INFO - Filling up the DagBag from /home/airflow/.local/lib/python3.6/site-packages/airflow/example_dags/example_kubernetes_executor_config.py
[2021-03-21 21:21:56,247] {scheduler_job.py:639} INFO - DAG(s) dict_keys(['example_kubernetes_executor_config']) retrieved from /home/airflow/.local/lib/python3.6/site-packages/airflow/example_dags/example_kubernetes_executor_config.py
[2021-03-21 21:21:56,263] {logging_mixin.py:104} INFO - [2021-03-21 21:21:56,263] {dag.py:1818} INFO - Sync 1 DAGs
[2021-03-21 21:21:56,273] {logging_mixin.py:104} INFO - [2021-03-21 21:21:56,273] {dag.py:2273} INFO - Setting next_dagrun for example_kubernetes_executor_config to None
[2021-03-21 21:21:56,279] {scheduler_job.py:190} INFO - Processing /home/airflow/.local/lib/python3.6/site-packages/airflow/example_dags/example_kubernetes_executor_config.py took 0.043 seconds
[2021-03-21 21:22:27,017] {scheduler_job.py:182} INFO - Started process (PID=274) to work on /home/airflow/.local/lib/python3.6/site-packages/airflow/example_dags/example_kubernetes_executor_config.py
[2021-03-21 21:22:27,018] {scheduler_job.py:629} INFO - Processing file /home/airflow/.local/lib/python3.6/site-packages/airflow/example_dags/example_kubernetes_executor_config.py for tasks to queue
[2021-03-21 21:22:27,019] {logging_mixin.py:104} INFO - [2021-03-21 21:22:27,019] {dagbag.py:448} INFO - Filling up the DagBag from /home/airflow/.local/lib/python3.6/site-packages/airflow/example_dags/example_kubernetes_executor_config.py
[2021-03-21 21:22:27,027] {scheduler_job.py:639} INFO - DAG(s) dict_keys(['example_kubernetes_executor_config']) retrieved from /home/airflow/.local/lib/python3.6/site-packages/airflow/example_dags/example_kubernetes_executor_config.py
[2021-03-21 21:22:27,041] {logging_mixin.py:104} INFO - [2021-03-21 21:22:27,041] {dag.py:1818} INFO - Sync 1 DAGs
[2021-03-21 21:22:27,051] {logging_mixin.py:104} INFO - [2021-03-21 21:22:27,050] {dag.py:2273} INFO - Setting next_dagrun for example_kubernetes_executor_config to None
[2021-03-21 21:22:27,057] {scheduler_job.py:190} INFO - Processing /home/airflow/.local/lib/python3.6/site-packages/airflow/example_dags/example_kubernetes_executor_config.py took 0.041 seconds
[2021-03-21 21:22:57,836] {scheduler_job.py:182} INFO - Started process (PID=300) to work on /home/airflow/.local/lib/python3.6/site-packages/airflow/example_dags/example_kubernetes_executor_config.py
[2021-03-21 21:22:57,837] {scheduler_job.py:629} INFO - Processing file /home/airflow/.local/lib/python3.6/site-packages/airflow/example_dags/example_kubernetes_executor_config.py for tasks to queue
[2021-03-21 21:22:57,838] {logging_mixin.py:104} INFO - [2021-03-21 21:22:57,838] {dagbag.py:448} INFO - Filling up the DagBag from /home/airflow/.local/lib/python3.6/site-packages/airflow/example_dags/example_kubernetes_executor_config.py
[2021-03-21 21:22:57,848] {scheduler_job.py:639} INFO - DAG(s) dict_keys(['example_kubernetes_executor_config']) retrieved from /home/airflow/.local/lib/python3.6/site-packages/airflow/example_dags/example_kubernetes_executor_config.py
[2021-03-21 21:22:57,869] {logging_mixin.py:104} INFO - [2021-03-21 21:22:57,868] {dag.py:1818} INFO - Sync 1 DAGs
[2021-03-21 21:22:57,883] {logging_mixin.py:104} INFO - [2021-03-21 21:22:57,883] {dag.py:2273} INFO - Setting next_dagrun for example_kubernetes_executor_config to None
[2021-03-21 21:22:57,892] {scheduler_job.py:190} INFO - Processing /home/airflow/.local/lib/python3.6/site-packages/airflow/example_dags/example_kubernetes_executor_config.py took 0.058 seconds
[2021-03-21 21:23:28,654] {scheduler_job.py:182} INFO - Started process (PID=326) to work on /home/airflow/.local/lib/python3.6/site-packages/airflow/example_dags/example_kubernetes_executor_config.py
[2021-03-21 21:23:28,655] {scheduler_job.py:629} INFO - Processing file /home/airflow/.local/lib/python3.6/site-packages/airflow/example_dags/example_kubernetes_executor_config.py for tasks to queue
[2021-03-21 21:23:28,656] {logging_mixin.py:104} INFO - [2021-03-21 21:23:28,656] {dagbag.py:448} INFO - Filling up the DagBag from /home/airflow/.local/lib/python3.6/site-packages/airflow/example_dags/example_kubernetes_executor_config.py
[2021-03-21 21:23:28,665] {scheduler_job.py:639} INFO - DAG(s) dict_keys(['example_kubernetes_executor_config']) retrieved from /home/airflow/.local/lib/python3.6/site-packages/airflow/example_dags/example_kubernetes_executor_config.py
[2021-03-21 21:23:28,679] {logging_mixin.py:104} INFO - [2021-03-21 21:23:28,679] {dag.py:1818} INFO - Sync 1 DAGs
[2021-03-21 21:23:28,689] {logging_mixin.py:104} INFO - [2021-03-21 21:23:28,689] {dag.py:2273} INFO - Setting next_dagrun for example_kubernetes_executor_config to None
[2021-03-21 21:23:28,695] {scheduler_job.py:190} INFO - Processing /home/airflow/.local/lib/python3.6/site-packages/airflow/example_dags/example_kubernetes_executor_config.py took 0.042 seconds
[2021-03-21 21:23:59,481] {scheduler_job.py:182} INFO - Started process (PID=352) to work on /home/airflow/.local/lib/python3.6/site-packages/airflow/example_dags/example_kubernetes_executor_config.py
[2021-03-21 21:23:59,482] {scheduler_job.py:629} INFO - Processing file /home/airflow/.local/lib/python3.6/site-packages/airflow/example_dags/example_kubernetes_executor_config.py for tasks to queue
[2021-03-21 21:23:59,483] {logging_mixin.py:104} INFO - [2021-03-21 21:23:59,483] {dagbag.py:448} INFO - Filling up the DagBag from /home/airflow/.local/lib/python3.6/site-packages/airflow/example_dags/example_kubernetes_executor_config.py
[2021-03-21 21:23:59,492] {scheduler_job.py:639} INFO - DAG(s) dict_keys(['example_kubernetes_executor_config']) retrieved from /home/airflow/.local/lib/python3.6/site-packages/airflow/example_dags/example_kubernetes_executor_config.py
[2021-03-21 21:23:59,507] {logging_mixin.py:104} INFO - [2021-03-21 21:23:59,507] {dag.py:1818} INFO - Sync 1 DAGs
[2021-03-21 21:23:59,517] {logging_mixin.py:104} INFO - [2021-03-21 21:23:59,517] {dag.py:2273} INFO - Setting next_dagrun for example_kubernetes_executor_config to None
[2021-03-21 21:23:59,524] {scheduler_job.py:190} INFO - Processing /home/airflow/.local/lib/python3.6/site-packages/airflow/example_dags/example_kubernetes_executor_config.py took 0.044 seconds
[2021-03-21 21:24:30,278] {scheduler_job.py:182} INFO - Started process (PID=378) to work on /home/airflow/.local/lib/python3.6/site-packages/airflow/example_dags/example_kubernetes_executor_config.py
[2021-03-21 21:24:30,278] {scheduler_job.py:629} INFO - Processing file /home/airflow/.local/lib/python3.6/site-packages/airflow/example_dags/example_kubernetes_executor_config.py for tasks to queue
[2021-03-21 21:24:30,279] {logging_mixin.py:104} INFO - [2021-03-21 21:24:30,279] {dagbag.py:448} INFO - Filling up the DagBag from /home/airflow/.local/lib/python3.6/site-packages/airflow/example_dags/example_kubernetes_executor_config.py
[2021-03-21 21:24:30,287] {scheduler_job.py:639} INFO - DAG(s) dict_keys(['example_kubernetes_executor_config']) retrieved from /home/airflow/.local/lib/python3.6/site-packages/airflow/example_dags/example_kubernetes_executor_config.py
[2021-03-21 21:24:30,302] {logging_mixin.py:104} INFO - [2021-03-21 21:24:30,302] {dag.py:1818} INFO - Sync 1 DAGs
[2021-03-21 21:24:30,313] {logging_mixin.py:104} INFO - [2021-03-21 21:24:30,313] {dag.py:2273} INFO - Setting next_dagrun for example_kubernetes_executor_config to None
[2021-03-21 21:24:30,319] {scheduler_job.py:190} INFO - Processing /home/airflow/.local/lib/python3.6/site-packages/airflow/example_dags/example_kubernetes_executor_config.py took 0.043 seconds
[2021-03-21 21:25:01,229] {scheduler_job.py:182} INFO - Started process (PID=404) to work on /home/airflow/.local/lib/python3.6/site-packages/airflow/example_dags/example_kubernetes_executor_config.py
[2021-03-21 21:25:01,231] {scheduler_job.py:629} INFO - Processing file /home/airflow/.local/lib/python3.6/site-packages/airflow/example_dags/example_kubernetes_executor_config.py for tasks to queue
[2021-03-21 21:25:01,231] {logging_mixin.py:104} INFO - [2021-03-21 21:25:01,231] {dagbag.py:448} INFO - Filling up the DagBag from /home/airflow/.local/lib/python3.6/site-packages/airflow/example_dags/example_kubernetes_executor_config.py
[2021-03-21 21:25:01,240] {scheduler_job.py:639} INFO - DAG(s) dict_keys(['example_kubernetes_executor_config']) retrieved from /home/airflow/.local/lib/python3.6/site-packages/airflow/example_dags/example_kubernetes_executor_config.py
[2021-03-21 21:25:01,256] {logging_mixin.py:104} INFO - [2021-03-21 21:25:01,256] {dag.py:1818} INFO - Sync 1 DAGs
[2021-03-21 21:25:01,268] {logging_mixin.py:104} INFO - [2021-03-21 21:25:01,268] {dag.py:2273} INFO - Setting next_dagrun for example_kubernetes_executor_config to None
[2021-03-21 21:25:01,275] {scheduler_job.py:190} INFO - Processing /home/airflow/.local/lib/python3.6/site-packages/airflow/example_dags/example_kubernetes_executor_config.py took 0.048 seconds
[2021-03-21 21:25:32,111] {scheduler_job.py:182} INFO - Started process (PID=430) to work on /home/airflow/.local/lib/python3.6/site-packages/airflow/example_dags/example_kubernetes_executor_config.py
[2021-03-21 21:25:32,112] {scheduler_job.py:629} INFO - Processing file /home/airflow/.local/lib/python3.6/site-packages/airflow/example_dags/example_kubernetes_executor_config.py for tasks to queue
[2021-03-21 21:25:32,112] {logging_mixin.py:104} INFO - [2021-03-21 21:25:32,112] {dagbag.py:448} INFO - Filling up the DagBag from /home/airflow/.local/lib/python3.6/site-packages/airflow/example_dags/example_kubernetes_executor_config.py
[2021-03-21 21:25:32,120] {scheduler_job.py:639} INFO - DAG(s) dict_keys(['example_kubernetes_executor_config']) retrieved from /home/airflow/.local/lib/python3.6/site-packages/airflow/example_dags/example_kubernetes_executor_config.py
[2021-03-21 21:25:32,134] {logging_mixin.py:104} INFO - [2021-03-21 21:25:32,134] {dag.py:1818} INFO - Sync 1 DAGs
[2021-03-21 21:25:32,144] {logging_mixin.py:104} INFO - [2021-03-21 21:25:32,144] {dag.py:2273} INFO - Setting next_dagrun for example_kubernetes_executor_config to None
[2021-03-21 21:25:32,150] {scheduler_job.py:190} INFO - Processing /home/airflow/.local/lib/python3.6/site-packages/airflow/example_dags/example_kubernetes_executor_config.py took 0.041 seconds
[2021-03-21 21:26:02,872] {scheduler_job.py:182} INFO - Started process (PID=456) to work on /home/airflow/.local/lib/python3.6/site-packages/airflow/example_dags/example_kubernetes_executor_config.py
[2021-03-21 21:26:02,873] {scheduler_job.py:629} INFO - Processing file /home/airflow/.local/lib/python3.6/site-packages/airflow/example_dags/example_kubernetes_executor_config.py for tasks to queue
[2021-03-21 21:26:02,874] {logging_mixin.py:104} INFO - [2021-03-21 21:26:02,874] {dagbag.py:448} INFO - Filling up the DagBag from /home/airflow/.local/lib/python3.6/site-packages/airflow/example_dags/example_kubernetes_executor_config.py
[2021-03-21 21:26:02,881] {scheduler_job.py:639} INFO - DAG(s) dict_keys(['example_kubernetes_executor_config']) retrieved from /home/airflow/.local/lib/python3.6/site-packages/airflow/example_dags/example_kubernetes_executor_config.py
[2021-03-21 21:26:02,896] {logging_mixin.py:104} INFO - [2021-03-21 21:26:02,896] {dag.py:1818} INFO - Sync 1 DAGs
[2021-03-21 21:26:02,905] {logging_mixin.py:104} INFO - [2021-03-21 21:26:02,905] {dag.py:2273} INFO - Setting next_dagrun for example_kubernetes_executor_config to None
[2021-03-21 21:26:02,911] {scheduler_job.py:190} INFO - Processing /home/airflow/.local/lib/python3.6/site-packages/airflow/example_dags/example_kubernetes_executor_config.py took 0.040 seconds
[2021-03-21 21:26:33,644] {scheduler_job.py:182} INFO - Started process (PID=482) to work on /home/airflow/.local/lib/python3.6/site-packages/airflow/example_dags/example_kubernetes_executor_config.py
[2021-03-21 21:26:33,644] {scheduler_job.py:629} INFO - Processing file /home/airflow/.local/lib/python3.6/site-packages/airflow/example_dags/example_kubernetes_executor_config.py for tasks to queue
[2021-03-21 21:26:33,645] {logging_mixin.py:104} INFO - [2021-03-21 21:26:33,645] {dagbag.py:448} INFO - Filling up the DagBag from /home/airflow/.local/lib/python3.6/site-packages/airflow/example_dags/example_kubernetes_executor_config.py
[2021-03-21 21:26:33,653] {scheduler_job.py:639} INFO - DAG(s) dict_keys(['example_kubernetes_executor_config']) retrieved from /home/airflow/.local/lib/python3.6/site-packages/airflow/example_dags/example_kubernetes_executor_config.py
[2021-03-21 21:26:33,668] {logging_mixin.py:104} INFO - [2021-03-21 21:26:33,668] {dag.py:1818} INFO - Sync 1 DAGs
[2021-03-21 21:26:33,681] {logging_mixin.py:104} INFO - [2021-03-21 21:26:33,681] {dag.py:2273} INFO - Setting next_dagrun for example_kubernetes_executor_config to None
[2021-03-21 21:26:33,690] {scheduler_job.py:190} INFO - Processing /home/airflow/.local/lib/python3.6/site-packages/airflow/example_dags/example_kubernetes_executor_config.py took 0.047 seconds
