[2021-03-21 21:17:50,702] {scheduler_job.py:182} INFO - Started process (PID=52) to work on /home/airflow/.local/lib/python3.6/site-packages/airflow/example_dags/example_latest_only.py
[2021-03-21 21:17:50,703] {scheduler_job.py:629} INFO - Processing file /home/airflow/.local/lib/python3.6/site-packages/airflow/example_dags/example_latest_only.py for tasks to queue
[2021-03-21 21:17:50,704] {logging_mixin.py:104} INFO - [2021-03-21 21:17:50,703] {dagbag.py:448} INFO - Filling up the DagBag from /home/airflow/.local/lib/python3.6/site-packages/airflow/example_dags/example_latest_only.py
[2021-03-21 21:17:50,713] {scheduler_job.py:639} INFO - DAG(s) dict_keys(['latest_only']) retrieved from /home/airflow/.local/lib/python3.6/site-packages/airflow/example_dags/example_latest_only.py
[2021-03-21 21:17:50,739] {logging_mixin.py:104} INFO - [2021-03-21 21:17:50,739] {dag.py:1818} INFO - Sync 1 DAGs
[2021-03-21 21:17:50,751] {logging_mixin.py:104} INFO - [2021-03-21 21:17:50,751] {dag.py:1837} INFO - Creating ORM DAG for latest_only
[2021-03-21 21:17:50,757] {logging_mixin.py:104} INFO - [2021-03-21 21:17:50,757] {dag.py:2273} INFO - Setting next_dagrun for latest_only to 2021-03-19 00:00:00+00:00
[2021-03-21 21:17:50,773] {scheduler_job.py:190} INFO - Processing /home/airflow/.local/lib/python3.6/site-packages/airflow/example_dags/example_latest_only.py took 0.073 seconds
[2021-03-21 21:18:20,858] {scheduler_job.py:182} INFO - Started process (PID=78) to work on /home/airflow/.local/lib/python3.6/site-packages/airflow/example_dags/example_latest_only.py
[2021-03-21 21:18:20,859] {scheduler_job.py:629} INFO - Processing file /home/airflow/.local/lib/python3.6/site-packages/airflow/example_dags/example_latest_only.py for tasks to queue
[2021-03-21 21:18:20,860] {logging_mixin.py:104} INFO - [2021-03-21 21:18:20,859] {dagbag.py:448} INFO - Filling up the DagBag from /home/airflow/.local/lib/python3.6/site-packages/airflow/example_dags/example_latest_only.py
[2021-03-21 21:18:20,866] {scheduler_job.py:639} INFO - DAG(s) dict_keys(['latest_only']) retrieved from /home/airflow/.local/lib/python3.6/site-packages/airflow/example_dags/example_latest_only.py
[2021-03-21 21:18:20,879] {logging_mixin.py:104} INFO - [2021-03-21 21:18:20,879] {dag.py:1818} INFO - Sync 1 DAGs
[2021-03-21 21:18:20,889] {logging_mixin.py:104} INFO - [2021-03-21 21:18:20,889] {dag.py:2273} INFO - Setting next_dagrun for latest_only to 2021-03-19 00:00:00+00:00
[2021-03-21 21:18:20,896] {scheduler_job.py:190} INFO - Processing /home/airflow/.local/lib/python3.6/site-packages/airflow/example_dags/example_latest_only.py took 0.040 seconds
[2021-03-21 21:18:51,703] {scheduler_job.py:182} INFO - Started process (PID=104) to work on /home/airflow/.local/lib/python3.6/site-packages/airflow/example_dags/example_latest_only.py
[2021-03-21 21:18:51,704] {scheduler_job.py:629} INFO - Processing file /home/airflow/.local/lib/python3.6/site-packages/airflow/example_dags/example_latest_only.py for tasks to queue
[2021-03-21 21:18:51,705] {logging_mixin.py:104} INFO - [2021-03-21 21:18:51,704] {dagbag.py:448} INFO - Filling up the DagBag from /home/airflow/.local/lib/python3.6/site-packages/airflow/example_dags/example_latest_only.py
[2021-03-21 21:18:51,712] {scheduler_job.py:639} INFO - DAG(s) dict_keys(['latest_only']) retrieved from /home/airflow/.local/lib/python3.6/site-packages/airflow/example_dags/example_latest_only.py
[2021-03-21 21:18:51,727] {logging_mixin.py:104} INFO - [2021-03-21 21:18:51,727] {dag.py:1818} INFO - Sync 1 DAGs
[2021-03-21 21:18:51,737] {logging_mixin.py:104} INFO - [2021-03-21 21:18:51,737] {dag.py:2273} INFO - Setting next_dagrun for latest_only to 2021-03-19 00:00:00+00:00
[2021-03-21 21:18:51,744] {scheduler_job.py:190} INFO - Processing /home/airflow/.local/lib/python3.6/site-packages/airflow/example_dags/example_latest_only.py took 0.043 seconds
[2021-03-21 21:19:22,614] {scheduler_job.py:182} INFO - Started process (PID=130) to work on /home/airflow/.local/lib/python3.6/site-packages/airflow/example_dags/example_latest_only.py
[2021-03-21 21:19:22,615] {scheduler_job.py:629} INFO - Processing file /home/airflow/.local/lib/python3.6/site-packages/airflow/example_dags/example_latest_only.py for tasks to queue
[2021-03-21 21:19:22,616] {logging_mixin.py:104} INFO - [2021-03-21 21:19:22,616] {dagbag.py:448} INFO - Filling up the DagBag from /home/airflow/.local/lib/python3.6/site-packages/airflow/example_dags/example_latest_only.py
[2021-03-21 21:19:22,622] {scheduler_job.py:639} INFO - DAG(s) dict_keys(['latest_only']) retrieved from /home/airflow/.local/lib/python3.6/site-packages/airflow/example_dags/example_latest_only.py
[2021-03-21 21:19:22,635] {logging_mixin.py:104} INFO - [2021-03-21 21:19:22,634] {dag.py:1818} INFO - Sync 1 DAGs
[2021-03-21 21:19:22,644] {logging_mixin.py:104} INFO - [2021-03-21 21:19:22,644] {dag.py:2273} INFO - Setting next_dagrun for latest_only to 2021-03-19 00:00:00+00:00
[2021-03-21 21:19:22,651] {scheduler_job.py:190} INFO - Processing /home/airflow/.local/lib/python3.6/site-packages/airflow/example_dags/example_latest_only.py took 0.039 seconds
[2021-03-21 21:19:53,449] {scheduler_job.py:182} INFO - Started process (PID=156) to work on /home/airflow/.local/lib/python3.6/site-packages/airflow/example_dags/example_latest_only.py
[2021-03-21 21:19:53,450] {scheduler_job.py:629} INFO - Processing file /home/airflow/.local/lib/python3.6/site-packages/airflow/example_dags/example_latest_only.py for tasks to queue
[2021-03-21 21:19:53,450] {logging_mixin.py:104} INFO - [2021-03-21 21:19:53,450] {dagbag.py:448} INFO - Filling up the DagBag from /home/airflow/.local/lib/python3.6/site-packages/airflow/example_dags/example_latest_only.py
[2021-03-21 21:19:53,457] {scheduler_job.py:639} INFO - DAG(s) dict_keys(['latest_only']) retrieved from /home/airflow/.local/lib/python3.6/site-packages/airflow/example_dags/example_latest_only.py
[2021-03-21 21:19:53,473] {logging_mixin.py:104} INFO - [2021-03-21 21:19:53,472] {dag.py:1818} INFO - Sync 1 DAGs
[2021-03-21 21:19:53,484] {logging_mixin.py:104} INFO - [2021-03-21 21:19:53,484] {dag.py:2273} INFO - Setting next_dagrun for latest_only to 2021-03-19 00:00:00+00:00
[2021-03-21 21:19:53,490] {scheduler_job.py:190} INFO - Processing /home/airflow/.local/lib/python3.6/site-packages/airflow/example_dags/example_latest_only.py took 0.043 seconds
[2021-03-21 21:20:24,250] {scheduler_job.py:182} INFO - Started process (PID=182) to work on /home/airflow/.local/lib/python3.6/site-packages/airflow/example_dags/example_latest_only.py
[2021-03-21 21:20:24,251] {scheduler_job.py:629} INFO - Processing file /home/airflow/.local/lib/python3.6/site-packages/airflow/example_dags/example_latest_only.py for tasks to queue
[2021-03-21 21:20:24,251] {logging_mixin.py:104} INFO - [2021-03-21 21:20:24,251] {dagbag.py:448} INFO - Filling up the DagBag from /home/airflow/.local/lib/python3.6/site-packages/airflow/example_dags/example_latest_only.py
[2021-03-21 21:20:24,257] {scheduler_job.py:639} INFO - DAG(s) dict_keys(['latest_only']) retrieved from /home/airflow/.local/lib/python3.6/site-packages/airflow/example_dags/example_latest_only.py
[2021-03-21 21:20:24,271] {logging_mixin.py:104} INFO - [2021-03-21 21:20:24,271] {dag.py:1818} INFO - Sync 1 DAGs
[2021-03-21 21:20:24,281] {logging_mixin.py:104} INFO - [2021-03-21 21:20:24,281] {dag.py:2273} INFO - Setting next_dagrun for latest_only to 2021-03-19 00:00:00+00:00
[2021-03-21 21:20:24,289] {scheduler_job.py:190} INFO - Processing /home/airflow/.local/lib/python3.6/site-packages/airflow/example_dags/example_latest_only.py took 0.041 seconds
[2021-03-21 21:20:55,027] {scheduler_job.py:182} INFO - Started process (PID=208) to work on /home/airflow/.local/lib/python3.6/site-packages/airflow/example_dags/example_latest_only.py
[2021-03-21 21:20:55,028] {scheduler_job.py:629} INFO - Processing file /home/airflow/.local/lib/python3.6/site-packages/airflow/example_dags/example_latest_only.py for tasks to queue
[2021-03-21 21:20:55,028] {logging_mixin.py:104} INFO - [2021-03-21 21:20:55,028] {dagbag.py:448} INFO - Filling up the DagBag from /home/airflow/.local/lib/python3.6/site-packages/airflow/example_dags/example_latest_only.py
[2021-03-21 21:20:55,034] {scheduler_job.py:639} INFO - DAG(s) dict_keys(['latest_only']) retrieved from /home/airflow/.local/lib/python3.6/site-packages/airflow/example_dags/example_latest_only.py
[2021-03-21 21:20:55,047] {logging_mixin.py:104} INFO - [2021-03-21 21:20:55,047] {dag.py:1818} INFO - Sync 1 DAGs
[2021-03-21 21:20:55,057] {logging_mixin.py:104} INFO - [2021-03-21 21:20:55,057] {dag.py:2273} INFO - Setting next_dagrun for latest_only to 2021-03-19 00:00:00+00:00
[2021-03-21 21:20:55,064] {scheduler_job.py:190} INFO - Processing /home/airflow/.local/lib/python3.6/site-packages/airflow/example_dags/example_latest_only.py took 0.038 seconds
[2021-03-21 21:21:25,790] {scheduler_job.py:182} INFO - Started process (PID=234) to work on /home/airflow/.local/lib/python3.6/site-packages/airflow/example_dags/example_latest_only.py
[2021-03-21 21:21:25,791] {scheduler_job.py:629} INFO - Processing file /home/airflow/.local/lib/python3.6/site-packages/airflow/example_dags/example_latest_only.py for tasks to queue
[2021-03-21 21:21:25,791] {logging_mixin.py:104} INFO - [2021-03-21 21:21:25,791] {dagbag.py:448} INFO - Filling up the DagBag from /home/airflow/.local/lib/python3.6/site-packages/airflow/example_dags/example_latest_only.py
[2021-03-21 21:21:25,797] {scheduler_job.py:639} INFO - DAG(s) dict_keys(['latest_only']) retrieved from /home/airflow/.local/lib/python3.6/site-packages/airflow/example_dags/example_latest_only.py
[2021-03-21 21:21:25,811] {logging_mixin.py:104} INFO - [2021-03-21 21:21:25,811] {dag.py:1818} INFO - Sync 1 DAGs
[2021-03-21 21:21:25,821] {logging_mixin.py:104} INFO - [2021-03-21 21:21:25,821] {dag.py:2273} INFO - Setting next_dagrun for latest_only to 2021-03-19 00:00:00+00:00
[2021-03-21 21:21:25,828] {scheduler_job.py:190} INFO - Processing /home/airflow/.local/lib/python3.6/site-packages/airflow/example_dags/example_latest_only.py took 0.040 seconds
[2021-03-21 21:21:56,551] {scheduler_job.py:182} INFO - Started process (PID=260) to work on /home/airflow/.local/lib/python3.6/site-packages/airflow/example_dags/example_latest_only.py
[2021-03-21 21:21:56,552] {scheduler_job.py:629} INFO - Processing file /home/airflow/.local/lib/python3.6/site-packages/airflow/example_dags/example_latest_only.py for tasks to queue
[2021-03-21 21:21:56,552] {logging_mixin.py:104} INFO - [2021-03-21 21:21:56,552] {dagbag.py:448} INFO - Filling up the DagBag from /home/airflow/.local/lib/python3.6/site-packages/airflow/example_dags/example_latest_only.py
[2021-03-21 21:21:56,558] {scheduler_job.py:639} INFO - DAG(s) dict_keys(['latest_only']) retrieved from /home/airflow/.local/lib/python3.6/site-packages/airflow/example_dags/example_latest_only.py
[2021-03-21 21:21:56,571] {logging_mixin.py:104} INFO - [2021-03-21 21:21:56,571] {dag.py:1818} INFO - Sync 1 DAGs
[2021-03-21 21:21:56,581] {logging_mixin.py:104} INFO - [2021-03-21 21:21:56,581] {dag.py:2273} INFO - Setting next_dagrun for latest_only to 2021-03-19 00:00:00+00:00
[2021-03-21 21:21:56,588] {scheduler_job.py:190} INFO - Processing /home/airflow/.local/lib/python3.6/site-packages/airflow/example_dags/example_latest_only.py took 0.039 seconds
[2021-03-21 21:22:27,319] {scheduler_job.py:182} INFO - Started process (PID=286) to work on /home/airflow/.local/lib/python3.6/site-packages/airflow/example_dags/example_latest_only.py
[2021-03-21 21:22:27,320] {scheduler_job.py:629} INFO - Processing file /home/airflow/.local/lib/python3.6/site-packages/airflow/example_dags/example_latest_only.py for tasks to queue
[2021-03-21 21:22:27,320] {logging_mixin.py:104} INFO - [2021-03-21 21:22:27,320] {dagbag.py:448} INFO - Filling up the DagBag from /home/airflow/.local/lib/python3.6/site-packages/airflow/example_dags/example_latest_only.py
[2021-03-21 21:22:27,326] {scheduler_job.py:639} INFO - DAG(s) dict_keys(['latest_only']) retrieved from /home/airflow/.local/lib/python3.6/site-packages/airflow/example_dags/example_latest_only.py
[2021-03-21 21:22:27,341] {logging_mixin.py:104} INFO - [2021-03-21 21:22:27,341] {dag.py:1818} INFO - Sync 1 DAGs
[2021-03-21 21:22:27,351] {logging_mixin.py:104} INFO - [2021-03-21 21:22:27,350] {dag.py:2273} INFO - Setting next_dagrun for latest_only to 2021-03-19 00:00:00+00:00
[2021-03-21 21:22:27,357] {scheduler_job.py:190} INFO - Processing /home/airflow/.local/lib/python3.6/site-packages/airflow/example_dags/example_latest_only.py took 0.040 seconds
[2021-03-21 21:22:58,206] {scheduler_job.py:182} INFO - Started process (PID=312) to work on /home/airflow/.local/lib/python3.6/site-packages/airflow/example_dags/example_latest_only.py
[2021-03-21 21:22:58,206] {scheduler_job.py:629} INFO - Processing file /home/airflow/.local/lib/python3.6/site-packages/airflow/example_dags/example_latest_only.py for tasks to queue
[2021-03-21 21:22:58,207] {logging_mixin.py:104} INFO - [2021-03-21 21:22:58,207] {dagbag.py:448} INFO - Filling up the DagBag from /home/airflow/.local/lib/python3.6/site-packages/airflow/example_dags/example_latest_only.py
[2021-03-21 21:22:58,214] {scheduler_job.py:639} INFO - DAG(s) dict_keys(['latest_only']) retrieved from /home/airflow/.local/lib/python3.6/site-packages/airflow/example_dags/example_latest_only.py
[2021-03-21 21:22:58,227] {logging_mixin.py:104} INFO - [2021-03-21 21:22:58,227] {dag.py:1818} INFO - Sync 1 DAGs
[2021-03-21 21:22:58,239] {logging_mixin.py:104} INFO - [2021-03-21 21:22:58,239] {dag.py:2273} INFO - Setting next_dagrun for latest_only to 2021-03-19 00:00:00+00:00
[2021-03-21 21:22:58,246] {scheduler_job.py:190} INFO - Processing /home/airflow/.local/lib/python3.6/site-packages/airflow/example_dags/example_latest_only.py took 0.042 seconds
[2021-03-21 21:23:29,023] {scheduler_job.py:182} INFO - Started process (PID=338) to work on /home/airflow/.local/lib/python3.6/site-packages/airflow/example_dags/example_latest_only.py
[2021-03-21 21:23:29,024] {scheduler_job.py:629} INFO - Processing file /home/airflow/.local/lib/python3.6/site-packages/airflow/example_dags/example_latest_only.py for tasks to queue
[2021-03-21 21:23:29,024] {logging_mixin.py:104} INFO - [2021-03-21 21:23:29,024] {dagbag.py:448} INFO - Filling up the DagBag from /home/airflow/.local/lib/python3.6/site-packages/airflow/example_dags/example_latest_only.py
[2021-03-21 21:23:29,030] {scheduler_job.py:639} INFO - DAG(s) dict_keys(['latest_only']) retrieved from /home/airflow/.local/lib/python3.6/site-packages/airflow/example_dags/example_latest_only.py
[2021-03-21 21:23:29,043] {logging_mixin.py:104} INFO - [2021-03-21 21:23:29,043] {dag.py:1818} INFO - Sync 1 DAGs
[2021-03-21 21:23:29,054] {logging_mixin.py:104} INFO - [2021-03-21 21:23:29,054] {dag.py:2273} INFO - Setting next_dagrun for latest_only to 2021-03-19 00:00:00+00:00
[2021-03-21 21:23:29,060] {scheduler_job.py:190} INFO - Processing /home/airflow/.local/lib/python3.6/site-packages/airflow/example_dags/example_latest_only.py took 0.039 seconds
[2021-03-21 21:23:59,795] {scheduler_job.py:182} INFO - Started process (PID=364) to work on /home/airflow/.local/lib/python3.6/site-packages/airflow/example_dags/example_latest_only.py
[2021-03-21 21:23:59,796] {scheduler_job.py:629} INFO - Processing file /home/airflow/.local/lib/python3.6/site-packages/airflow/example_dags/example_latest_only.py for tasks to queue
[2021-03-21 21:23:59,796] {logging_mixin.py:104} INFO - [2021-03-21 21:23:59,796] {dagbag.py:448} INFO - Filling up the DagBag from /home/airflow/.local/lib/python3.6/site-packages/airflow/example_dags/example_latest_only.py
[2021-03-21 21:23:59,802] {scheduler_job.py:639} INFO - DAG(s) dict_keys(['latest_only']) retrieved from /home/airflow/.local/lib/python3.6/site-packages/airflow/example_dags/example_latest_only.py
[2021-03-21 21:23:59,815] {logging_mixin.py:104} INFO - [2021-03-21 21:23:59,815] {dag.py:1818} INFO - Sync 1 DAGs
[2021-03-21 21:23:59,825] {logging_mixin.py:104} INFO - [2021-03-21 21:23:59,824] {dag.py:2273} INFO - Setting next_dagrun for latest_only to 2021-03-19 00:00:00+00:00
[2021-03-21 21:23:59,831] {scheduler_job.py:190} INFO - Processing /home/airflow/.local/lib/python3.6/site-packages/airflow/example_dags/example_latest_only.py took 0.038 seconds
[2021-03-21 21:24:30,637] {scheduler_job.py:182} INFO - Started process (PID=390) to work on /home/airflow/.local/lib/python3.6/site-packages/airflow/example_dags/example_latest_only.py
[2021-03-21 21:24:30,638] {scheduler_job.py:629} INFO - Processing file /home/airflow/.local/lib/python3.6/site-packages/airflow/example_dags/example_latest_only.py for tasks to queue
[2021-03-21 21:24:30,639] {logging_mixin.py:104} INFO - [2021-03-21 21:24:30,639] {dagbag.py:448} INFO - Filling up the DagBag from /home/airflow/.local/lib/python3.6/site-packages/airflow/example_dags/example_latest_only.py
[2021-03-21 21:24:30,646] {scheduler_job.py:639} INFO - DAG(s) dict_keys(['latest_only']) retrieved from /home/airflow/.local/lib/python3.6/site-packages/airflow/example_dags/example_latest_only.py
[2021-03-21 21:24:30,661] {logging_mixin.py:104} INFO - [2021-03-21 21:24:30,661] {dag.py:1818} INFO - Sync 1 DAGs
[2021-03-21 21:24:30,672] {logging_mixin.py:104} INFO - [2021-03-21 21:24:30,672] {dag.py:2273} INFO - Setting next_dagrun for latest_only to 2021-03-19 00:00:00+00:00
[2021-03-21 21:24:30,680] {scheduler_job.py:190} INFO - Processing /home/airflow/.local/lib/python3.6/site-packages/airflow/example_dags/example_latest_only.py took 0.044 seconds
[2021-03-21 21:25:01,660] {scheduler_job.py:182} INFO - Started process (PID=416) to work on /home/airflow/.local/lib/python3.6/site-packages/airflow/example_dags/example_latest_only.py
[2021-03-21 21:25:01,661] {scheduler_job.py:629} INFO - Processing file /home/airflow/.local/lib/python3.6/site-packages/airflow/example_dags/example_latest_only.py for tasks to queue
[2021-03-21 21:25:01,662] {logging_mixin.py:104} INFO - [2021-03-21 21:25:01,662] {dagbag.py:448} INFO - Filling up the DagBag from /home/airflow/.local/lib/python3.6/site-packages/airflow/example_dags/example_latest_only.py
[2021-03-21 21:25:01,667] {scheduler_job.py:639} INFO - DAG(s) dict_keys(['latest_only']) retrieved from /home/airflow/.local/lib/python3.6/site-packages/airflow/example_dags/example_latest_only.py
[2021-03-21 21:25:01,681] {logging_mixin.py:104} INFO - [2021-03-21 21:25:01,681] {dag.py:1818} INFO - Sync 1 DAGs
[2021-03-21 21:25:01,691] {logging_mixin.py:104} INFO - [2021-03-21 21:25:01,690] {dag.py:2273} INFO - Setting next_dagrun for latest_only to 2021-03-19 00:00:00+00:00
[2021-03-21 21:25:01,698] {scheduler_job.py:190} INFO - Processing /home/airflow/.local/lib/python3.6/site-packages/airflow/example_dags/example_latest_only.py took 0.039 seconds
[2021-03-21 21:25:32,419] {scheduler_job.py:182} INFO - Started process (PID=442) to work on /home/airflow/.local/lib/python3.6/site-packages/airflow/example_dags/example_latest_only.py
[2021-03-21 21:25:32,419] {scheduler_job.py:629} INFO - Processing file /home/airflow/.local/lib/python3.6/site-packages/airflow/example_dags/example_latest_only.py for tasks to queue
[2021-03-21 21:25:32,420] {logging_mixin.py:104} INFO - [2021-03-21 21:25:32,420] {dagbag.py:448} INFO - Filling up the DagBag from /home/airflow/.local/lib/python3.6/site-packages/airflow/example_dags/example_latest_only.py
[2021-03-21 21:25:32,426] {scheduler_job.py:639} INFO - DAG(s) dict_keys(['latest_only']) retrieved from /home/airflow/.local/lib/python3.6/site-packages/airflow/example_dags/example_latest_only.py
[2021-03-21 21:25:32,438] {logging_mixin.py:104} INFO - [2021-03-21 21:25:32,438] {dag.py:1818} INFO - Sync 1 DAGs
[2021-03-21 21:25:32,448] {logging_mixin.py:104} INFO - [2021-03-21 21:25:32,448] {dag.py:2273} INFO - Setting next_dagrun for latest_only to 2021-03-19 00:00:00+00:00
[2021-03-21 21:25:32,456] {scheduler_job.py:190} INFO - Processing /home/airflow/.local/lib/python3.6/site-packages/airflow/example_dags/example_latest_only.py took 0.039 seconds
[2021-03-21 21:26:03,172] {scheduler_job.py:182} INFO - Started process (PID=468) to work on /home/airflow/.local/lib/python3.6/site-packages/airflow/example_dags/example_latest_only.py
[2021-03-21 21:26:03,172] {scheduler_job.py:629} INFO - Processing file /home/airflow/.local/lib/python3.6/site-packages/airflow/example_dags/example_latest_only.py for tasks to queue
[2021-03-21 21:26:03,173] {logging_mixin.py:104} INFO - [2021-03-21 21:26:03,173] {dagbag.py:448} INFO - Filling up the DagBag from /home/airflow/.local/lib/python3.6/site-packages/airflow/example_dags/example_latest_only.py
[2021-03-21 21:26:03,179] {scheduler_job.py:639} INFO - DAG(s) dict_keys(['latest_only']) retrieved from /home/airflow/.local/lib/python3.6/site-packages/airflow/example_dags/example_latest_only.py
[2021-03-21 21:26:03,193] {logging_mixin.py:104} INFO - [2021-03-21 21:26:03,193] {dag.py:1818} INFO - Sync 1 DAGs
[2021-03-21 21:26:03,203] {logging_mixin.py:104} INFO - [2021-03-21 21:26:03,203] {dag.py:2273} INFO - Setting next_dagrun for latest_only to 2021-03-19 00:00:00+00:00
[2021-03-21 21:26:03,209] {scheduler_job.py:190} INFO - Processing /home/airflow/.local/lib/python3.6/site-packages/airflow/example_dags/example_latest_only.py took 0.039 seconds
[2021-03-21 21:26:34,118] {scheduler_job.py:182} INFO - Started process (PID=494) to work on /home/airflow/.local/lib/python3.6/site-packages/airflow/example_dags/example_latest_only.py
[2021-03-21 21:26:34,119] {scheduler_job.py:629} INFO - Processing file /home/airflow/.local/lib/python3.6/site-packages/airflow/example_dags/example_latest_only.py for tasks to queue
[2021-03-21 21:26:34,120] {logging_mixin.py:104} INFO - [2021-03-21 21:26:34,120] {dagbag.py:448} INFO - Filling up the DagBag from /home/airflow/.local/lib/python3.6/site-packages/airflow/example_dags/example_latest_only.py
[2021-03-21 21:26:34,128] {scheduler_job.py:639} INFO - DAG(s) dict_keys(['latest_only']) retrieved from /home/airflow/.local/lib/python3.6/site-packages/airflow/example_dags/example_latest_only.py
[2021-03-21 21:26:34,144] {logging_mixin.py:104} INFO - [2021-03-21 21:26:34,144] {dag.py:1818} INFO - Sync 1 DAGs
[2021-03-21 21:26:34,157] {logging_mixin.py:104} INFO - [2021-03-21 21:26:34,157] {dag.py:2273} INFO - Setting next_dagrun for latest_only to 2021-03-19 00:00:00+00:00
[2021-03-21 21:26:34,165] {scheduler_job.py:190} INFO - Processing /home/airflow/.local/lib/python3.6/site-packages/airflow/example_dags/example_latest_only.py took 0.048 seconds
