[2021-03-21 21:17:50,438] {scheduler_job.py:182} INFO - Started process (PID=45) to work on /home/airflow/.local/lib/python3.6/site-packages/airflow/example_dags/example_branch_operator.py
[2021-03-21 21:17:50,442] {scheduler_job.py:629} INFO - Processing file /home/airflow/.local/lib/python3.6/site-packages/airflow/example_dags/example_branch_operator.py for tasks to queue
[2021-03-21 21:17:50,442] {logging_mixin.py:104} INFO - [2021-03-21 21:17:50,442] {dagbag.py:448} INFO - Filling up the DagBag from /home/airflow/.local/lib/python3.6/site-packages/airflow/example_dags/example_branch_operator.py
[2021-03-21 21:17:50,457] {scheduler_job.py:639} INFO - DAG(s) dict_keys(['example_branch_operator']) retrieved from /home/airflow/.local/lib/python3.6/site-packages/airflow/example_dags/example_branch_operator.py
[2021-03-21 21:17:50,481] {logging_mixin.py:104} INFO - [2021-03-21 21:17:50,481] {dag.py:1818} INFO - Sync 1 DAGs
[2021-03-21 21:17:50,489] {logging_mixin.py:104} INFO - [2021-03-21 21:17:50,489] {dag.py:1837} INFO - Creating ORM DAG for example_branch_operator
[2021-03-21 21:17:50,501] {logging_mixin.py:104} INFO - [2021-03-21 21:17:50,501] {dag.py:2273} INFO - Setting next_dagrun for example_branch_operator to 2021-03-19 00:00:00+00:00
[2021-03-21 21:17:50,515] {scheduler_job.py:190} INFO - Processing /home/airflow/.local/lib/python3.6/site-packages/airflow/example_dags/example_branch_operator.py took 0.080 seconds
[2021-03-21 21:18:20,534] {scheduler_job.py:182} INFO - Started process (PID=71) to work on /home/airflow/.local/lib/python3.6/site-packages/airflow/example_dags/example_branch_operator.py
[2021-03-21 21:18:20,535] {scheduler_job.py:629} INFO - Processing file /home/airflow/.local/lib/python3.6/site-packages/airflow/example_dags/example_branch_operator.py for tasks to queue
[2021-03-21 21:18:20,536] {logging_mixin.py:104} INFO - [2021-03-21 21:18:20,536] {dagbag.py:448} INFO - Filling up the DagBag from /home/airflow/.local/lib/python3.6/site-packages/airflow/example_dags/example_branch_operator.py
[2021-03-21 21:18:20,544] {scheduler_job.py:639} INFO - DAG(s) dict_keys(['example_branch_operator']) retrieved from /home/airflow/.local/lib/python3.6/site-packages/airflow/example_dags/example_branch_operator.py
[2021-03-21 21:18:20,558] {logging_mixin.py:104} INFO - [2021-03-21 21:18:20,558] {dag.py:1818} INFO - Sync 1 DAGs
[2021-03-21 21:18:20,571] {logging_mixin.py:104} INFO - [2021-03-21 21:18:20,571] {dag.py:2273} INFO - Setting next_dagrun for example_branch_operator to 2021-03-19 00:00:00+00:00
[2021-03-21 21:18:20,577] {scheduler_job.py:190} INFO - Processing /home/airflow/.local/lib/python3.6/site-packages/airflow/example_dags/example_branch_operator.py took 0.044 seconds
[2021-03-21 21:18:51,507] {scheduler_job.py:182} INFO - Started process (PID=97) to work on /home/airflow/.local/lib/python3.6/site-packages/airflow/example_dags/example_branch_operator.py
[2021-03-21 21:18:51,508] {scheduler_job.py:629} INFO - Processing file /home/airflow/.local/lib/python3.6/site-packages/airflow/example_dags/example_branch_operator.py for tasks to queue
[2021-03-21 21:18:51,508] {logging_mixin.py:104} INFO - [2021-03-21 21:18:51,508] {dagbag.py:448} INFO - Filling up the DagBag from /home/airflow/.local/lib/python3.6/site-packages/airflow/example_dags/example_branch_operator.py
[2021-03-21 21:18:51,517] {scheduler_job.py:639} INFO - DAG(s) dict_keys(['example_branch_operator']) retrieved from /home/airflow/.local/lib/python3.6/site-packages/airflow/example_dags/example_branch_operator.py
[2021-03-21 21:18:51,531] {logging_mixin.py:104} INFO - [2021-03-21 21:18:51,531] {dag.py:1818} INFO - Sync 1 DAGs
[2021-03-21 21:18:51,546] {logging_mixin.py:104} INFO - [2021-03-21 21:18:51,546] {dag.py:2273} INFO - Setting next_dagrun for example_branch_operator to 2021-03-19 00:00:00+00:00
[2021-03-21 21:18:51,552] {scheduler_job.py:190} INFO - Processing /home/airflow/.local/lib/python3.6/site-packages/airflow/example_dags/example_branch_operator.py took 0.047 seconds
[2021-03-21 21:19:22,404] {scheduler_job.py:182} INFO - Started process (PID=123) to work on /home/airflow/.local/lib/python3.6/site-packages/airflow/example_dags/example_branch_operator.py
[2021-03-21 21:19:22,405] {scheduler_job.py:629} INFO - Processing file /home/airflow/.local/lib/python3.6/site-packages/airflow/example_dags/example_branch_operator.py for tasks to queue
[2021-03-21 21:19:22,405] {logging_mixin.py:104} INFO - [2021-03-21 21:19:22,405] {dagbag.py:448} INFO - Filling up the DagBag from /home/airflow/.local/lib/python3.6/site-packages/airflow/example_dags/example_branch_operator.py
[2021-03-21 21:19:22,416] {scheduler_job.py:639} INFO - DAG(s) dict_keys(['example_branch_operator']) retrieved from /home/airflow/.local/lib/python3.6/site-packages/airflow/example_dags/example_branch_operator.py
[2021-03-21 21:19:22,432] {logging_mixin.py:104} INFO - [2021-03-21 21:19:22,432] {dag.py:1818} INFO - Sync 1 DAGs
[2021-03-21 21:19:22,447] {logging_mixin.py:104} INFO - [2021-03-21 21:19:22,447] {dag.py:2273} INFO - Setting next_dagrun for example_branch_operator to 2021-03-19 00:00:00+00:00
[2021-03-21 21:19:22,455] {scheduler_job.py:190} INFO - Processing /home/airflow/.local/lib/python3.6/site-packages/airflow/example_dags/example_branch_operator.py took 0.053 seconds
[2021-03-21 21:19:53,225] {scheduler_job.py:182} INFO - Started process (PID=149) to work on /home/airflow/.local/lib/python3.6/site-packages/airflow/example_dags/example_branch_operator.py
[2021-03-21 21:19:53,226] {scheduler_job.py:629} INFO - Processing file /home/airflow/.local/lib/python3.6/site-packages/airflow/example_dags/example_branch_operator.py for tasks to queue
[2021-03-21 21:19:53,226] {logging_mixin.py:104} INFO - [2021-03-21 21:19:53,226] {dagbag.py:448} INFO - Filling up the DagBag from /home/airflow/.local/lib/python3.6/site-packages/airflow/example_dags/example_branch_operator.py
[2021-03-21 21:19:53,236] {scheduler_job.py:639} INFO - DAG(s) dict_keys(['example_branch_operator']) retrieved from /home/airflow/.local/lib/python3.6/site-packages/airflow/example_dags/example_branch_operator.py
[2021-03-21 21:19:53,250] {logging_mixin.py:104} INFO - [2021-03-21 21:19:53,250] {dag.py:1818} INFO - Sync 1 DAGs
[2021-03-21 21:19:53,265] {logging_mixin.py:104} INFO - [2021-03-21 21:19:53,265] {dag.py:2273} INFO - Setting next_dagrun for example_branch_operator to 2021-03-19 00:00:00+00:00
[2021-03-21 21:19:53,274] {scheduler_job.py:190} INFO - Processing /home/airflow/.local/lib/python3.6/site-packages/airflow/example_dags/example_branch_operator.py took 0.051 seconds
[2021-03-21 21:20:24,037] {scheduler_job.py:182} INFO - Started process (PID=175) to work on /home/airflow/.local/lib/python3.6/site-packages/airflow/example_dags/example_branch_operator.py
[2021-03-21 21:20:24,038] {scheduler_job.py:629} INFO - Processing file /home/airflow/.local/lib/python3.6/site-packages/airflow/example_dags/example_branch_operator.py for tasks to queue
[2021-03-21 21:20:24,038] {logging_mixin.py:104} INFO - [2021-03-21 21:20:24,038] {dagbag.py:448} INFO - Filling up the DagBag from /home/airflow/.local/lib/python3.6/site-packages/airflow/example_dags/example_branch_operator.py
[2021-03-21 21:20:24,049] {scheduler_job.py:639} INFO - DAG(s) dict_keys(['example_branch_operator']) retrieved from /home/airflow/.local/lib/python3.6/site-packages/airflow/example_dags/example_branch_operator.py
[2021-03-21 21:20:24,064] {logging_mixin.py:104} INFO - [2021-03-21 21:20:24,063] {dag.py:1818} INFO - Sync 1 DAGs
[2021-03-21 21:20:24,079] {logging_mixin.py:104} INFO - [2021-03-21 21:20:24,079] {dag.py:2273} INFO - Setting next_dagrun for example_branch_operator to 2021-03-19 00:00:00+00:00
[2021-03-21 21:20:24,086] {scheduler_job.py:190} INFO - Processing /home/airflow/.local/lib/python3.6/site-packages/airflow/example_dags/example_branch_operator.py took 0.051 seconds
[2021-03-21 21:20:54,829] {scheduler_job.py:182} INFO - Started process (PID=201) to work on /home/airflow/.local/lib/python3.6/site-packages/airflow/example_dags/example_branch_operator.py
[2021-03-21 21:20:54,829] {scheduler_job.py:629} INFO - Processing file /home/airflow/.local/lib/python3.6/site-packages/airflow/example_dags/example_branch_operator.py for tasks to queue
[2021-03-21 21:20:54,830] {logging_mixin.py:104} INFO - [2021-03-21 21:20:54,830] {dagbag.py:448} INFO - Filling up the DagBag from /home/airflow/.local/lib/python3.6/site-packages/airflow/example_dags/example_branch_operator.py
[2021-03-21 21:20:54,838] {scheduler_job.py:639} INFO - DAG(s) dict_keys(['example_branch_operator']) retrieved from /home/airflow/.local/lib/python3.6/site-packages/airflow/example_dags/example_branch_operator.py
[2021-03-21 21:20:54,852] {logging_mixin.py:104} INFO - [2021-03-21 21:20:54,852] {dag.py:1818} INFO - Sync 1 DAGs
[2021-03-21 21:20:54,865] {logging_mixin.py:104} INFO - [2021-03-21 21:20:54,865] {dag.py:2273} INFO - Setting next_dagrun for example_branch_operator to 2021-03-19 00:00:00+00:00
[2021-03-21 21:20:54,871] {scheduler_job.py:190} INFO - Processing /home/airflow/.local/lib/python3.6/site-packages/airflow/example_dags/example_branch_operator.py took 0.044 seconds
[2021-03-21 21:21:25,589] {scheduler_job.py:182} INFO - Started process (PID=227) to work on /home/airflow/.local/lib/python3.6/site-packages/airflow/example_dags/example_branch_operator.py
[2021-03-21 21:21:25,589] {scheduler_job.py:629} INFO - Processing file /home/airflow/.local/lib/python3.6/site-packages/airflow/example_dags/example_branch_operator.py for tasks to queue
[2021-03-21 21:21:25,590] {logging_mixin.py:104} INFO - [2021-03-21 21:21:25,590] {dagbag.py:448} INFO - Filling up the DagBag from /home/airflow/.local/lib/python3.6/site-packages/airflow/example_dags/example_branch_operator.py
[2021-03-21 21:21:25,599] {scheduler_job.py:639} INFO - DAG(s) dict_keys(['example_branch_operator']) retrieved from /home/airflow/.local/lib/python3.6/site-packages/airflow/example_dags/example_branch_operator.py
[2021-03-21 21:21:25,612] {logging_mixin.py:104} INFO - [2021-03-21 21:21:25,612] {dag.py:1818} INFO - Sync 1 DAGs
[2021-03-21 21:21:25,626] {logging_mixin.py:104} INFO - [2021-03-21 21:21:25,625] {dag.py:2273} INFO - Setting next_dagrun for example_branch_operator to 2021-03-19 00:00:00+00:00
[2021-03-21 21:21:25,632] {scheduler_job.py:190} INFO - Processing /home/airflow/.local/lib/python3.6/site-packages/airflow/example_dags/example_branch_operator.py took 0.045 seconds
[2021-03-21 21:21:56,356] {scheduler_job.py:182} INFO - Started process (PID=253) to work on /home/airflow/.local/lib/python3.6/site-packages/airflow/example_dags/example_branch_operator.py
[2021-03-21 21:21:56,357] {scheduler_job.py:629} INFO - Processing file /home/airflow/.local/lib/python3.6/site-packages/airflow/example_dags/example_branch_operator.py for tasks to queue
[2021-03-21 21:21:56,357] {logging_mixin.py:104} INFO - [2021-03-21 21:21:56,357] {dagbag.py:448} INFO - Filling up the DagBag from /home/airflow/.local/lib/python3.6/site-packages/airflow/example_dags/example_branch_operator.py
[2021-03-21 21:21:56,368] {scheduler_job.py:639} INFO - DAG(s) dict_keys(['example_branch_operator']) retrieved from /home/airflow/.local/lib/python3.6/site-packages/airflow/example_dags/example_branch_operator.py
[2021-03-21 21:21:56,384] {logging_mixin.py:104} INFO - [2021-03-21 21:21:56,384] {dag.py:1818} INFO - Sync 1 DAGs
[2021-03-21 21:21:56,399] {logging_mixin.py:104} INFO - [2021-03-21 21:21:56,399] {dag.py:2273} INFO - Setting next_dagrun for example_branch_operator to 2021-03-19 00:00:00+00:00
[2021-03-21 21:21:56,408] {scheduler_job.py:190} INFO - Processing /home/airflow/.local/lib/python3.6/site-packages/airflow/example_dags/example_branch_operator.py took 0.053 seconds
[2021-03-21 21:22:27,129] {scheduler_job.py:182} INFO - Started process (PID=279) to work on /home/airflow/.local/lib/python3.6/site-packages/airflow/example_dags/example_branch_operator.py
[2021-03-21 21:22:27,129] {scheduler_job.py:629} INFO - Processing file /home/airflow/.local/lib/python3.6/site-packages/airflow/example_dags/example_branch_operator.py for tasks to queue
[2021-03-21 21:22:27,130] {logging_mixin.py:104} INFO - [2021-03-21 21:22:27,130] {dagbag.py:448} INFO - Filling up the DagBag from /home/airflow/.local/lib/python3.6/site-packages/airflow/example_dags/example_branch_operator.py
[2021-03-21 21:22:27,139] {scheduler_job.py:639} INFO - DAG(s) dict_keys(['example_branch_operator']) retrieved from /home/airflow/.local/lib/python3.6/site-packages/airflow/example_dags/example_branch_operator.py
[2021-03-21 21:22:27,153] {logging_mixin.py:104} INFO - [2021-03-21 21:22:27,153] {dag.py:1818} INFO - Sync 1 DAGs
[2021-03-21 21:22:27,167] {logging_mixin.py:104} INFO - [2021-03-21 21:22:27,167] {dag.py:2273} INFO - Setting next_dagrun for example_branch_operator to 2021-03-19 00:00:00+00:00
[2021-03-21 21:22:27,173] {scheduler_job.py:190} INFO - Processing /home/airflow/.local/lib/python3.6/site-packages/airflow/example_dags/example_branch_operator.py took 0.046 seconds
[2021-03-21 21:22:58,021] {scheduler_job.py:182} INFO - Started process (PID=305) to work on /home/airflow/.local/lib/python3.6/site-packages/airflow/example_dags/example_branch_operator.py
[2021-03-21 21:22:58,022] {scheduler_job.py:629} INFO - Processing file /home/airflow/.local/lib/python3.6/site-packages/airflow/example_dags/example_branch_operator.py for tasks to queue
[2021-03-21 21:22:58,023] {logging_mixin.py:104} INFO - [2021-03-21 21:22:58,023] {dagbag.py:448} INFO - Filling up the DagBag from /home/airflow/.local/lib/python3.6/site-packages/airflow/example_dags/example_branch_operator.py
[2021-03-21 21:22:58,033] {scheduler_job.py:639} INFO - DAG(s) dict_keys(['example_branch_operator']) retrieved from /home/airflow/.local/lib/python3.6/site-packages/airflow/example_dags/example_branch_operator.py
[2021-03-21 21:22:58,050] {logging_mixin.py:104} INFO - [2021-03-21 21:22:58,050] {dag.py:1818} INFO - Sync 1 DAGs
[2021-03-21 21:22:58,066] {logging_mixin.py:104} INFO - [2021-03-21 21:22:58,066] {dag.py:2273} INFO - Setting next_dagrun for example_branch_operator to 2021-03-19 00:00:00+00:00
[2021-03-21 21:22:58,073] {scheduler_job.py:190} INFO - Processing /home/airflow/.local/lib/python3.6/site-packages/airflow/example_dags/example_branch_operator.py took 0.054 seconds
[2021-03-21 21:23:28,824] {scheduler_job.py:182} INFO - Started process (PID=331) to work on /home/airflow/.local/lib/python3.6/site-packages/airflow/example_dags/example_branch_operator.py
[2021-03-21 21:23:28,825] {scheduler_job.py:629} INFO - Processing file /home/airflow/.local/lib/python3.6/site-packages/airflow/example_dags/example_branch_operator.py for tasks to queue
[2021-03-21 21:23:28,825] {logging_mixin.py:104} INFO - [2021-03-21 21:23:28,825] {dagbag.py:448} INFO - Filling up the DagBag from /home/airflow/.local/lib/python3.6/site-packages/airflow/example_dags/example_branch_operator.py
[2021-03-21 21:23:28,834] {scheduler_job.py:639} INFO - DAG(s) dict_keys(['example_branch_operator']) retrieved from /home/airflow/.local/lib/python3.6/site-packages/airflow/example_dags/example_branch_operator.py
[2021-03-21 21:23:28,847] {logging_mixin.py:104} INFO - [2021-03-21 21:23:28,847] {dag.py:1818} INFO - Sync 1 DAGs
[2021-03-21 21:23:28,860] {logging_mixin.py:104} INFO - [2021-03-21 21:23:28,860] {dag.py:2273} INFO - Setting next_dagrun for example_branch_operator to 2021-03-19 00:00:00+00:00
[2021-03-21 21:23:28,867] {scheduler_job.py:190} INFO - Processing /home/airflow/.local/lib/python3.6/site-packages/airflow/example_dags/example_branch_operator.py took 0.045 seconds
[2021-03-21 21:23:59,596] {scheduler_job.py:182} INFO - Started process (PID=357) to work on /home/airflow/.local/lib/python3.6/site-packages/airflow/example_dags/example_branch_operator.py
[2021-03-21 21:23:59,596] {scheduler_job.py:629} INFO - Processing file /home/airflow/.local/lib/python3.6/site-packages/airflow/example_dags/example_branch_operator.py for tasks to queue
[2021-03-21 21:23:59,597] {logging_mixin.py:104} INFO - [2021-03-21 21:23:59,597] {dagbag.py:448} INFO - Filling up the DagBag from /home/airflow/.local/lib/python3.6/site-packages/airflow/example_dags/example_branch_operator.py
[2021-03-21 21:23:59,606] {scheduler_job.py:639} INFO - DAG(s) dict_keys(['example_branch_operator']) retrieved from /home/airflow/.local/lib/python3.6/site-packages/airflow/example_dags/example_branch_operator.py
[2021-03-21 21:23:59,621] {logging_mixin.py:104} INFO - [2021-03-21 21:23:59,621] {dag.py:1818} INFO - Sync 1 DAGs
[2021-03-21 21:23:59,637] {logging_mixin.py:104} INFO - [2021-03-21 21:23:59,637] {dag.py:2273} INFO - Setting next_dagrun for example_branch_operator to 2021-03-19 00:00:00+00:00
[2021-03-21 21:23:59,645] {scheduler_job.py:190} INFO - Processing /home/airflow/.local/lib/python3.6/site-packages/airflow/example_dags/example_branch_operator.py took 0.050 seconds
[2021-03-21 21:24:30,397] {scheduler_job.py:182} INFO - Started process (PID=383) to work on /home/airflow/.local/lib/python3.6/site-packages/airflow/example_dags/example_branch_operator.py
[2021-03-21 21:24:30,399] {scheduler_job.py:629} INFO - Processing file /home/airflow/.local/lib/python3.6/site-packages/airflow/example_dags/example_branch_operator.py for tasks to queue
[2021-03-21 21:24:30,399] {logging_mixin.py:104} INFO - [2021-03-21 21:24:30,399] {dagbag.py:448} INFO - Filling up the DagBag from /home/airflow/.local/lib/python3.6/site-packages/airflow/example_dags/example_branch_operator.py
[2021-03-21 21:24:30,411] {scheduler_job.py:639} INFO - DAG(s) dict_keys(['example_branch_operator']) retrieved from /home/airflow/.local/lib/python3.6/site-packages/airflow/example_dags/example_branch_operator.py
[2021-03-21 21:24:30,428] {logging_mixin.py:104} INFO - [2021-03-21 21:24:30,428] {dag.py:1818} INFO - Sync 1 DAGs
[2021-03-21 21:24:30,451] {logging_mixin.py:104} INFO - [2021-03-21 21:24:30,451] {dag.py:2273} INFO - Setting next_dagrun for example_branch_operator to 2021-03-19 00:00:00+00:00
[2021-03-21 21:24:30,459] {scheduler_job.py:190} INFO - Processing /home/airflow/.local/lib/python3.6/site-packages/airflow/example_dags/example_branch_operator.py took 0.064 seconds
[2021-03-21 21:25:01,425] {scheduler_job.py:182} INFO - Started process (PID=409) to work on /home/airflow/.local/lib/python3.6/site-packages/airflow/example_dags/example_branch_operator.py
[2021-03-21 21:25:01,426] {scheduler_job.py:629} INFO - Processing file /home/airflow/.local/lib/python3.6/site-packages/airflow/example_dags/example_branch_operator.py for tasks to queue
[2021-03-21 21:25:01,427] {logging_mixin.py:104} INFO - [2021-03-21 21:25:01,427] {dagbag.py:448} INFO - Filling up the DagBag from /home/airflow/.local/lib/python3.6/site-packages/airflow/example_dags/example_branch_operator.py
[2021-03-21 21:25:01,437] {scheduler_job.py:639} INFO - DAG(s) dict_keys(['example_branch_operator']) retrieved from /home/airflow/.local/lib/python3.6/site-packages/airflow/example_dags/example_branch_operator.py
[2021-03-21 21:25:01,453] {logging_mixin.py:104} INFO - [2021-03-21 21:25:01,453] {dag.py:1818} INFO - Sync 1 DAGs
[2021-03-21 21:25:01,468] {logging_mixin.py:104} INFO - [2021-03-21 21:25:01,468] {dag.py:2273} INFO - Setting next_dagrun for example_branch_operator to 2021-03-19 00:00:00+00:00
[2021-03-21 21:25:01,475] {scheduler_job.py:190} INFO - Processing /home/airflow/.local/lib/python3.6/site-packages/airflow/example_dags/example_branch_operator.py took 0.053 seconds
[2021-03-21 21:25:32,226] {scheduler_job.py:182} INFO - Started process (PID=435) to work on /home/airflow/.local/lib/python3.6/site-packages/airflow/example_dags/example_branch_operator.py
[2021-03-21 21:25:32,227] {scheduler_job.py:629} INFO - Processing file /home/airflow/.local/lib/python3.6/site-packages/airflow/example_dags/example_branch_operator.py for tasks to queue
[2021-03-21 21:25:32,227] {logging_mixin.py:104} INFO - [2021-03-21 21:25:32,227] {dagbag.py:448} INFO - Filling up the DagBag from /home/airflow/.local/lib/python3.6/site-packages/airflow/example_dags/example_branch_operator.py
[2021-03-21 21:25:32,236] {scheduler_job.py:639} INFO - DAG(s) dict_keys(['example_branch_operator']) retrieved from /home/airflow/.local/lib/python3.6/site-packages/airflow/example_dags/example_branch_operator.py
[2021-03-21 21:25:32,250] {logging_mixin.py:104} INFO - [2021-03-21 21:25:32,249] {dag.py:1818} INFO - Sync 1 DAGs
[2021-03-21 21:25:32,265] {logging_mixin.py:104} INFO - [2021-03-21 21:25:32,264] {dag.py:2273} INFO - Setting next_dagrun for example_branch_operator to 2021-03-19 00:00:00+00:00
[2021-03-21 21:25:32,272] {scheduler_job.py:190} INFO - Processing /home/airflow/.local/lib/python3.6/site-packages/airflow/example_dags/example_branch_operator.py took 0.048 seconds
[2021-03-21 21:26:02,987] {scheduler_job.py:182} INFO - Started process (PID=461) to work on /home/airflow/.local/lib/python3.6/site-packages/airflow/example_dags/example_branch_operator.py
[2021-03-21 21:26:02,988] {scheduler_job.py:629} INFO - Processing file /home/airflow/.local/lib/python3.6/site-packages/airflow/example_dags/example_branch_operator.py for tasks to queue
[2021-03-21 21:26:02,988] {logging_mixin.py:104} INFO - [2021-03-21 21:26:02,988] {dagbag.py:448} INFO - Filling up the DagBag from /home/airflow/.local/lib/python3.6/site-packages/airflow/example_dags/example_branch_operator.py
[2021-03-21 21:26:02,997] {scheduler_job.py:639} INFO - DAG(s) dict_keys(['example_branch_operator']) retrieved from /home/airflow/.local/lib/python3.6/site-packages/airflow/example_dags/example_branch_operator.py
[2021-03-21 21:26:03,012] {logging_mixin.py:104} INFO - [2021-03-21 21:26:03,012] {dag.py:1818} INFO - Sync 1 DAGs
[2021-03-21 21:26:03,027] {logging_mixin.py:104} INFO - [2021-03-21 21:26:03,027] {dag.py:2273} INFO - Setting next_dagrun for example_branch_operator to 2021-03-19 00:00:00+00:00
[2021-03-21 21:26:03,034] {scheduler_job.py:190} INFO - Processing /home/airflow/.local/lib/python3.6/site-packages/airflow/example_dags/example_branch_operator.py took 0.048 seconds
[2021-03-21 21:26:33,843] {scheduler_job.py:182} INFO - Started process (PID=487) to work on /home/airflow/.local/lib/python3.6/site-packages/airflow/example_dags/example_branch_operator.py
[2021-03-21 21:26:33,845] {scheduler_job.py:629} INFO - Processing file /home/airflow/.local/lib/python3.6/site-packages/airflow/example_dags/example_branch_operator.py for tasks to queue
[2021-03-21 21:26:33,845] {logging_mixin.py:104} INFO - [2021-03-21 21:26:33,845] {dagbag.py:448} INFO - Filling up the DagBag from /home/airflow/.local/lib/python3.6/site-packages/airflow/example_dags/example_branch_operator.py
[2021-03-21 21:26:33,857] {scheduler_job.py:639} INFO - DAG(s) dict_keys(['example_branch_operator']) retrieved from /home/airflow/.local/lib/python3.6/site-packages/airflow/example_dags/example_branch_operator.py
[2021-03-21 21:26:33,883] {logging_mixin.py:104} INFO - [2021-03-21 21:26:33,883] {dag.py:1818} INFO - Sync 1 DAGs
[2021-03-21 21:26:33,903] {logging_mixin.py:104} INFO - [2021-03-21 21:26:33,903] {dag.py:2273} INFO - Setting next_dagrun for example_branch_operator to 2021-03-19 00:00:00+00:00
[2021-03-21 21:26:33,912] {scheduler_job.py:190} INFO - Processing /home/airflow/.local/lib/python3.6/site-packages/airflow/example_dags/example_branch_operator.py took 0.070 seconds
