[2021-03-21 21:17:50,779] {scheduler_job.py:182} INFO - Started process (PID=53) to work on /home/airflow/.local/lib/python3.6/site-packages/airflow/example_dags/example_python_operator.py
[2021-03-21 21:17:50,780] {scheduler_job.py:629} INFO - Processing file /home/airflow/.local/lib/python3.6/site-packages/airflow/example_dags/example_python_operator.py for tasks to queue
[2021-03-21 21:17:50,781] {logging_mixin.py:104} INFO - [2021-03-21 21:17:50,781] {dagbag.py:448} INFO - Filling up the DagBag from /home/airflow/.local/lib/python3.6/site-packages/airflow/example_dags/example_python_operator.py
[2021-03-21 21:17:50,795] {scheduler_job.py:639} INFO - DAG(s) dict_keys(['example_python_operator']) retrieved from /home/airflow/.local/lib/python3.6/site-packages/airflow/example_dags/example_python_operator.py
[2021-03-21 21:17:50,820] {logging_mixin.py:104} INFO - [2021-03-21 21:17:50,819] {dag.py:1818} INFO - Sync 1 DAGs
[2021-03-21 21:17:50,828] {logging_mixin.py:104} INFO - [2021-03-21 21:17:50,828] {dag.py:1837} INFO - Creating ORM DAG for example_python_operator
[2021-03-21 21:17:50,833] {logging_mixin.py:104} INFO - [2021-03-21 21:17:50,833] {dag.py:2273} INFO - Setting next_dagrun for example_python_operator to None
[2021-03-21 21:17:50,846] {scheduler_job.py:190} INFO - Processing /home/airflow/.local/lib/python3.6/site-packages/airflow/example_dags/example_python_operator.py took 0.070 seconds
[2021-03-21 21:18:20,911] {scheduler_job.py:182} INFO - Started process (PID=80) to work on /home/airflow/.local/lib/python3.6/site-packages/airflow/example_dags/example_python_operator.py
[2021-03-21 21:18:20,912] {scheduler_job.py:629} INFO - Processing file /home/airflow/.local/lib/python3.6/site-packages/airflow/example_dags/example_python_operator.py for tasks to queue
[2021-03-21 21:18:20,912] {logging_mixin.py:104} INFO - [2021-03-21 21:18:20,912] {dagbag.py:448} INFO - Filling up the DagBag from /home/airflow/.local/lib/python3.6/site-packages/airflow/example_dags/example_python_operator.py
[2021-03-21 21:18:20,920] {scheduler_job.py:639} INFO - DAG(s) dict_keys(['example_python_operator']) retrieved from /home/airflow/.local/lib/python3.6/site-packages/airflow/example_dags/example_python_operator.py
[2021-03-21 21:18:20,936] {logging_mixin.py:104} INFO - [2021-03-21 21:18:20,935] {dag.py:1818} INFO - Sync 1 DAGs
[2021-03-21 21:18:20,949] {logging_mixin.py:104} INFO - [2021-03-21 21:18:20,949] {dag.py:2273} INFO - Setting next_dagrun for example_python_operator to None
[2021-03-21 21:18:20,957] {scheduler_job.py:190} INFO - Processing /home/airflow/.local/lib/python3.6/site-packages/airflow/example_dags/example_python_operator.py took 0.047 seconds
[2021-03-21 21:18:51,748] {scheduler_job.py:182} INFO - Started process (PID=105) to work on /home/airflow/.local/lib/python3.6/site-packages/airflow/example_dags/example_python_operator.py
[2021-03-21 21:18:51,749] {scheduler_job.py:629} INFO - Processing file /home/airflow/.local/lib/python3.6/site-packages/airflow/example_dags/example_python_operator.py for tasks to queue
[2021-03-21 21:18:51,749] {logging_mixin.py:104} INFO - [2021-03-21 21:18:51,749] {dagbag.py:448} INFO - Filling up the DagBag from /home/airflow/.local/lib/python3.6/site-packages/airflow/example_dags/example_python_operator.py
[2021-03-21 21:18:51,759] {scheduler_job.py:639} INFO - DAG(s) dict_keys(['example_python_operator']) retrieved from /home/airflow/.local/lib/python3.6/site-packages/airflow/example_dags/example_python_operator.py
[2021-03-21 21:18:51,774] {logging_mixin.py:104} INFO - [2021-03-21 21:18:51,774] {dag.py:1818} INFO - Sync 1 DAGs
[2021-03-21 21:18:51,784] {logging_mixin.py:104} INFO - [2021-03-21 21:18:51,784] {dag.py:2273} INFO - Setting next_dagrun for example_python_operator to None
[2021-03-21 21:18:51,793] {scheduler_job.py:190} INFO - Processing /home/airflow/.local/lib/python3.6/site-packages/airflow/example_dags/example_python_operator.py took 0.047 seconds
[2021-03-21 21:19:22,649] {scheduler_job.py:182} INFO - Started process (PID=131) to work on /home/airflow/.local/lib/python3.6/site-packages/airflow/example_dags/example_python_operator.py
[2021-03-21 21:19:22,649] {scheduler_job.py:629} INFO - Processing file /home/airflow/.local/lib/python3.6/site-packages/airflow/example_dags/example_python_operator.py for tasks to queue
[2021-03-21 21:19:22,650] {logging_mixin.py:104} INFO - [2021-03-21 21:19:22,650] {dagbag.py:448} INFO - Filling up the DagBag from /home/airflow/.local/lib/python3.6/site-packages/airflow/example_dags/example_python_operator.py
[2021-03-21 21:19:22,657] {scheduler_job.py:639} INFO - DAG(s) dict_keys(['example_python_operator']) retrieved from /home/airflow/.local/lib/python3.6/site-packages/airflow/example_dags/example_python_operator.py
[2021-03-21 21:19:22,671] {logging_mixin.py:104} INFO - [2021-03-21 21:19:22,671] {dag.py:1818} INFO - Sync 1 DAGs
[2021-03-21 21:19:22,682] {logging_mixin.py:104} INFO - [2021-03-21 21:19:22,681] {dag.py:2273} INFO - Setting next_dagrun for example_python_operator to None
[2021-03-21 21:19:22,687] {scheduler_job.py:190} INFO - Processing /home/airflow/.local/lib/python3.6/site-packages/airflow/example_dags/example_python_operator.py took 0.040 seconds
[2021-03-21 21:19:53,477] {scheduler_job.py:182} INFO - Started process (PID=157) to work on /home/airflow/.local/lib/python3.6/site-packages/airflow/example_dags/example_python_operator.py
[2021-03-21 21:19:53,478] {scheduler_job.py:629} INFO - Processing file /home/airflow/.local/lib/python3.6/site-packages/airflow/example_dags/example_python_operator.py for tasks to queue
[2021-03-21 21:19:53,479] {logging_mixin.py:104} INFO - [2021-03-21 21:19:53,479] {dagbag.py:448} INFO - Filling up the DagBag from /home/airflow/.local/lib/python3.6/site-packages/airflow/example_dags/example_python_operator.py
[2021-03-21 21:19:53,486] {scheduler_job.py:639} INFO - DAG(s) dict_keys(['example_python_operator']) retrieved from /home/airflow/.local/lib/python3.6/site-packages/airflow/example_dags/example_python_operator.py
[2021-03-21 21:19:53,502] {logging_mixin.py:104} INFO - [2021-03-21 21:19:53,502] {dag.py:1818} INFO - Sync 1 DAGs
[2021-03-21 21:19:53,513] {logging_mixin.py:104} INFO - [2021-03-21 21:19:53,513] {dag.py:2273} INFO - Setting next_dagrun for example_python_operator to None
[2021-03-21 21:19:53,519] {scheduler_job.py:190} INFO - Processing /home/airflow/.local/lib/python3.6/site-packages/airflow/example_dags/example_python_operator.py took 0.044 seconds
[2021-03-21 21:20:24,290] {scheduler_job.py:182} INFO - Started process (PID=183) to work on /home/airflow/.local/lib/python3.6/site-packages/airflow/example_dags/example_python_operator.py
[2021-03-21 21:20:24,291] {scheduler_job.py:629} INFO - Processing file /home/airflow/.local/lib/python3.6/site-packages/airflow/example_dags/example_python_operator.py for tasks to queue
[2021-03-21 21:20:24,292] {logging_mixin.py:104} INFO - [2021-03-21 21:20:24,292] {dagbag.py:448} INFO - Filling up the DagBag from /home/airflow/.local/lib/python3.6/site-packages/airflow/example_dags/example_python_operator.py
[2021-03-21 21:20:24,300] {scheduler_job.py:639} INFO - DAG(s) dict_keys(['example_python_operator']) retrieved from /home/airflow/.local/lib/python3.6/site-packages/airflow/example_dags/example_python_operator.py
[2021-03-21 21:20:24,315] {logging_mixin.py:104} INFO - [2021-03-21 21:20:24,315] {dag.py:1818} INFO - Sync 1 DAGs
[2021-03-21 21:20:24,325] {logging_mixin.py:104} INFO - [2021-03-21 21:20:24,325] {dag.py:2273} INFO - Setting next_dagrun for example_python_operator to None
[2021-03-21 21:20:24,332] {scheduler_job.py:190} INFO - Processing /home/airflow/.local/lib/python3.6/site-packages/airflow/example_dags/example_python_operator.py took 0.043 seconds
[2021-03-21 21:20:55,045] {scheduler_job.py:182} INFO - Started process (PID=209) to work on /home/airflow/.local/lib/python3.6/site-packages/airflow/example_dags/example_python_operator.py
[2021-03-21 21:20:55,046] {scheduler_job.py:629} INFO - Processing file /home/airflow/.local/lib/python3.6/site-packages/airflow/example_dags/example_python_operator.py for tasks to queue
[2021-03-21 21:20:55,047] {logging_mixin.py:104} INFO - [2021-03-21 21:20:55,047] {dagbag.py:448} INFO - Filling up the DagBag from /home/airflow/.local/lib/python3.6/site-packages/airflow/example_dags/example_python_operator.py
[2021-03-21 21:20:55,054] {scheduler_job.py:639} INFO - DAG(s) dict_keys(['example_python_operator']) retrieved from /home/airflow/.local/lib/python3.6/site-packages/airflow/example_dags/example_python_operator.py
[2021-03-21 21:20:55,068] {logging_mixin.py:104} INFO - [2021-03-21 21:20:55,068] {dag.py:1818} INFO - Sync 1 DAGs
[2021-03-21 21:20:55,077] {logging_mixin.py:104} INFO - [2021-03-21 21:20:55,077] {dag.py:2273} INFO - Setting next_dagrun for example_python_operator to None
[2021-03-21 21:20:55,083] {scheduler_job.py:190} INFO - Processing /home/airflow/.local/lib/python3.6/site-packages/airflow/example_dags/example_python_operator.py took 0.039 seconds
[2021-03-21 21:21:25,818] {scheduler_job.py:182} INFO - Started process (PID=235) to work on /home/airflow/.local/lib/python3.6/site-packages/airflow/example_dags/example_python_operator.py
[2021-03-21 21:21:25,819] {scheduler_job.py:629} INFO - Processing file /home/airflow/.local/lib/python3.6/site-packages/airflow/example_dags/example_python_operator.py for tasks to queue
[2021-03-21 21:21:25,820] {logging_mixin.py:104} INFO - [2021-03-21 21:21:25,820] {dagbag.py:448} INFO - Filling up the DagBag from /home/airflow/.local/lib/python3.6/site-packages/airflow/example_dags/example_python_operator.py
[2021-03-21 21:21:25,829] {scheduler_job.py:639} INFO - DAG(s) dict_keys(['example_python_operator']) retrieved from /home/airflow/.local/lib/python3.6/site-packages/airflow/example_dags/example_python_operator.py
[2021-03-21 21:21:25,844] {logging_mixin.py:104} INFO - [2021-03-21 21:21:25,844] {dag.py:1818} INFO - Sync 1 DAGs
[2021-03-21 21:21:25,855] {logging_mixin.py:104} INFO - [2021-03-21 21:21:25,855] {dag.py:2273} INFO - Setting next_dagrun for example_python_operator to None
[2021-03-21 21:21:25,861] {scheduler_job.py:190} INFO - Processing /home/airflow/.local/lib/python3.6/site-packages/airflow/example_dags/example_python_operator.py took 0.045 seconds
[2021-03-21 21:21:56,589] {scheduler_job.py:182} INFO - Started process (PID=261) to work on /home/airflow/.local/lib/python3.6/site-packages/airflow/example_dags/example_python_operator.py
[2021-03-21 21:21:56,590] {scheduler_job.py:629} INFO - Processing file /home/airflow/.local/lib/python3.6/site-packages/airflow/example_dags/example_python_operator.py for tasks to queue
[2021-03-21 21:21:56,590] {logging_mixin.py:104} INFO - [2021-03-21 21:21:56,590] {dagbag.py:448} INFO - Filling up the DagBag from /home/airflow/.local/lib/python3.6/site-packages/airflow/example_dags/example_python_operator.py
[2021-03-21 21:21:56,598] {scheduler_job.py:639} INFO - DAG(s) dict_keys(['example_python_operator']) retrieved from /home/airflow/.local/lib/python3.6/site-packages/airflow/example_dags/example_python_operator.py
[2021-03-21 21:21:56,614] {logging_mixin.py:104} INFO - [2021-03-21 21:21:56,614] {dag.py:1818} INFO - Sync 1 DAGs
[2021-03-21 21:21:56,623] {logging_mixin.py:104} INFO - [2021-03-21 21:21:56,622] {dag.py:2273} INFO - Setting next_dagrun for example_python_operator to None
[2021-03-21 21:21:56,629] {scheduler_job.py:190} INFO - Processing /home/airflow/.local/lib/python3.6/site-packages/airflow/example_dags/example_python_operator.py took 0.041 seconds
[2021-03-21 21:22:27,358] {scheduler_job.py:182} INFO - Started process (PID=287) to work on /home/airflow/.local/lib/python3.6/site-packages/airflow/example_dags/example_python_operator.py
[2021-03-21 21:22:27,359] {scheduler_job.py:629} INFO - Processing file /home/airflow/.local/lib/python3.6/site-packages/airflow/example_dags/example_python_operator.py for tasks to queue
[2021-03-21 21:22:27,359] {logging_mixin.py:104} INFO - [2021-03-21 21:22:27,359] {dagbag.py:448} INFO - Filling up the DagBag from /home/airflow/.local/lib/python3.6/site-packages/airflow/example_dags/example_python_operator.py
[2021-03-21 21:22:27,367] {scheduler_job.py:639} INFO - DAG(s) dict_keys(['example_python_operator']) retrieved from /home/airflow/.local/lib/python3.6/site-packages/airflow/example_dags/example_python_operator.py
[2021-03-21 21:22:27,382] {logging_mixin.py:104} INFO - [2021-03-21 21:22:27,382] {dag.py:1818} INFO - Sync 1 DAGs
[2021-03-21 21:22:27,391] {logging_mixin.py:104} INFO - [2021-03-21 21:22:27,391] {dag.py:2273} INFO - Setting next_dagrun for example_python_operator to None
[2021-03-21 21:22:27,397] {scheduler_job.py:190} INFO - Processing /home/airflow/.local/lib/python3.6/site-packages/airflow/example_dags/example_python_operator.py took 0.041 seconds
[2021-03-21 21:22:58,257] {scheduler_job.py:182} INFO - Started process (PID=313) to work on /home/airflow/.local/lib/python3.6/site-packages/airflow/example_dags/example_python_operator.py
[2021-03-21 21:22:58,258] {scheduler_job.py:629} INFO - Processing file /home/airflow/.local/lib/python3.6/site-packages/airflow/example_dags/example_python_operator.py for tasks to queue
[2021-03-21 21:22:58,258] {logging_mixin.py:104} INFO - [2021-03-21 21:22:58,258] {dagbag.py:448} INFO - Filling up the DagBag from /home/airflow/.local/lib/python3.6/site-packages/airflow/example_dags/example_python_operator.py
[2021-03-21 21:22:58,267] {scheduler_job.py:639} INFO - DAG(s) dict_keys(['example_python_operator']) retrieved from /home/airflow/.local/lib/python3.6/site-packages/airflow/example_dags/example_python_operator.py
[2021-03-21 21:22:58,283] {logging_mixin.py:104} INFO - [2021-03-21 21:22:58,283] {dag.py:1818} INFO - Sync 1 DAGs
[2021-03-21 21:22:58,292] {logging_mixin.py:104} INFO - [2021-03-21 21:22:58,292] {dag.py:2273} INFO - Setting next_dagrun for example_python_operator to None
[2021-03-21 21:22:58,300] {scheduler_job.py:190} INFO - Processing /home/airflow/.local/lib/python3.6/site-packages/airflow/example_dags/example_python_operator.py took 0.045 seconds
[2021-03-21 21:23:29,045] {scheduler_job.py:182} INFO - Started process (PID=339) to work on /home/airflow/.local/lib/python3.6/site-packages/airflow/example_dags/example_python_operator.py
[2021-03-21 21:23:29,046] {scheduler_job.py:629} INFO - Processing file /home/airflow/.local/lib/python3.6/site-packages/airflow/example_dags/example_python_operator.py for tasks to queue
[2021-03-21 21:23:29,046] {logging_mixin.py:104} INFO - [2021-03-21 21:23:29,046] {dagbag.py:448} INFO - Filling up the DagBag from /home/airflow/.local/lib/python3.6/site-packages/airflow/example_dags/example_python_operator.py
[2021-03-21 21:23:29,054] {scheduler_job.py:639} INFO - DAG(s) dict_keys(['example_python_operator']) retrieved from /home/airflow/.local/lib/python3.6/site-packages/airflow/example_dags/example_python_operator.py
[2021-03-21 21:23:29,068] {logging_mixin.py:104} INFO - [2021-03-21 21:23:29,068] {dag.py:1818} INFO - Sync 1 DAGs
[2021-03-21 21:23:29,077] {logging_mixin.py:104} INFO - [2021-03-21 21:23:29,077] {dag.py:2273} INFO - Setting next_dagrun for example_python_operator to None
[2021-03-21 21:23:29,085] {scheduler_job.py:190} INFO - Processing /home/airflow/.local/lib/python3.6/site-packages/airflow/example_dags/example_python_operator.py took 0.041 seconds
[2021-03-21 21:23:59,835] {scheduler_job.py:182} INFO - Started process (PID=365) to work on /home/airflow/.local/lib/python3.6/site-packages/airflow/example_dags/example_python_operator.py
[2021-03-21 21:23:59,836] {scheduler_job.py:629} INFO - Processing file /home/airflow/.local/lib/python3.6/site-packages/airflow/example_dags/example_python_operator.py for tasks to queue
[2021-03-21 21:23:59,836] {logging_mixin.py:104} INFO - [2021-03-21 21:23:59,836] {dagbag.py:448} INFO - Filling up the DagBag from /home/airflow/.local/lib/python3.6/site-packages/airflow/example_dags/example_python_operator.py
[2021-03-21 21:23:59,843] {scheduler_job.py:639} INFO - DAG(s) dict_keys(['example_python_operator']) retrieved from /home/airflow/.local/lib/python3.6/site-packages/airflow/example_dags/example_python_operator.py
[2021-03-21 21:23:59,858] {logging_mixin.py:104} INFO - [2021-03-21 21:23:59,858] {dag.py:1818} INFO - Sync 1 DAGs
[2021-03-21 21:23:59,869] {logging_mixin.py:104} INFO - [2021-03-21 21:23:59,869] {dag.py:2273} INFO - Setting next_dagrun for example_python_operator to None
[2021-03-21 21:23:59,874] {scheduler_job.py:190} INFO - Processing /home/airflow/.local/lib/python3.6/site-packages/airflow/example_dags/example_python_operator.py took 0.041 seconds
[2021-03-21 21:24:30,696] {scheduler_job.py:182} INFO - Started process (PID=391) to work on /home/airflow/.local/lib/python3.6/site-packages/airflow/example_dags/example_python_operator.py
[2021-03-21 21:24:30,697] {scheduler_job.py:629} INFO - Processing file /home/airflow/.local/lib/python3.6/site-packages/airflow/example_dags/example_python_operator.py for tasks to queue
[2021-03-21 21:24:30,697] {logging_mixin.py:104} INFO - [2021-03-21 21:24:30,697] {dagbag.py:448} INFO - Filling up the DagBag from /home/airflow/.local/lib/python3.6/site-packages/airflow/example_dags/example_python_operator.py
[2021-03-21 21:24:30,705] {scheduler_job.py:639} INFO - DAG(s) dict_keys(['example_python_operator']) retrieved from /home/airflow/.local/lib/python3.6/site-packages/airflow/example_dags/example_python_operator.py
[2021-03-21 21:24:30,721] {logging_mixin.py:104} INFO - [2021-03-21 21:24:30,721] {dag.py:1818} INFO - Sync 1 DAGs
[2021-03-21 21:24:30,736] {logging_mixin.py:104} INFO - [2021-03-21 21:24:30,735] {dag.py:2273} INFO - Setting next_dagrun for example_python_operator to None
[2021-03-21 21:24:30,746] {scheduler_job.py:190} INFO - Processing /home/airflow/.local/lib/python3.6/site-packages/airflow/example_dags/example_python_operator.py took 0.052 seconds
[2021-03-21 21:25:01,680] {scheduler_job.py:182} INFO - Started process (PID=417) to work on /home/airflow/.local/lib/python3.6/site-packages/airflow/example_dags/example_python_operator.py
[2021-03-21 21:25:01,682] {scheduler_job.py:629} INFO - Processing file /home/airflow/.local/lib/python3.6/site-packages/airflow/example_dags/example_python_operator.py for tasks to queue
[2021-03-21 21:25:01,682] {logging_mixin.py:104} INFO - [2021-03-21 21:25:01,682] {dagbag.py:448} INFO - Filling up the DagBag from /home/airflow/.local/lib/python3.6/site-packages/airflow/example_dags/example_python_operator.py
[2021-03-21 21:25:01,689] {scheduler_job.py:639} INFO - DAG(s) dict_keys(['example_python_operator']) retrieved from /home/airflow/.local/lib/python3.6/site-packages/airflow/example_dags/example_python_operator.py
[2021-03-21 21:25:01,703] {logging_mixin.py:104} INFO - [2021-03-21 21:25:01,703] {dag.py:1818} INFO - Sync 1 DAGs
[2021-03-21 21:25:01,715] {logging_mixin.py:104} INFO - [2021-03-21 21:25:01,715] {dag.py:2273} INFO - Setting next_dagrun for example_python_operator to None
[2021-03-21 21:25:01,721] {scheduler_job.py:190} INFO - Processing /home/airflow/.local/lib/python3.6/site-packages/airflow/example_dags/example_python_operator.py took 0.042 seconds
[2021-03-21 21:25:32,457] {scheduler_job.py:182} INFO - Started process (PID=443) to work on /home/airflow/.local/lib/python3.6/site-packages/airflow/example_dags/example_python_operator.py
[2021-03-21 21:25:32,458] {scheduler_job.py:629} INFO - Processing file /home/airflow/.local/lib/python3.6/site-packages/airflow/example_dags/example_python_operator.py for tasks to queue
[2021-03-21 21:25:32,458] {logging_mixin.py:104} INFO - [2021-03-21 21:25:32,458] {dagbag.py:448} INFO - Filling up the DagBag from /home/airflow/.local/lib/python3.6/site-packages/airflow/example_dags/example_python_operator.py
[2021-03-21 21:25:32,466] {scheduler_job.py:639} INFO - DAG(s) dict_keys(['example_python_operator']) retrieved from /home/airflow/.local/lib/python3.6/site-packages/airflow/example_dags/example_python_operator.py
[2021-03-21 21:25:32,479] {logging_mixin.py:104} INFO - [2021-03-21 21:25:32,479] {dag.py:1818} INFO - Sync 1 DAGs
[2021-03-21 21:25:32,491] {logging_mixin.py:104} INFO - [2021-03-21 21:25:32,491] {dag.py:2273} INFO - Setting next_dagrun for example_python_operator to None
[2021-03-21 21:25:32,497] {scheduler_job.py:190} INFO - Processing /home/airflow/.local/lib/python3.6/site-packages/airflow/example_dags/example_python_operator.py took 0.042 seconds
[2021-03-21 21:26:03,214] {scheduler_job.py:182} INFO - Started process (PID=469) to work on /home/airflow/.local/lib/python3.6/site-packages/airflow/example_dags/example_python_operator.py
[2021-03-21 21:26:03,215] {scheduler_job.py:629} INFO - Processing file /home/airflow/.local/lib/python3.6/site-packages/airflow/example_dags/example_python_operator.py for tasks to queue
[2021-03-21 21:26:03,216] {logging_mixin.py:104} INFO - [2021-03-21 21:26:03,216] {dagbag.py:448} INFO - Filling up the DagBag from /home/airflow/.local/lib/python3.6/site-packages/airflow/example_dags/example_python_operator.py
[2021-03-21 21:26:03,223] {scheduler_job.py:639} INFO - DAG(s) dict_keys(['example_python_operator']) retrieved from /home/airflow/.local/lib/python3.6/site-packages/airflow/example_dags/example_python_operator.py
[2021-03-21 21:26:03,237] {logging_mixin.py:104} INFO - [2021-03-21 21:26:03,236] {dag.py:1818} INFO - Sync 1 DAGs
[2021-03-21 21:26:03,246] {logging_mixin.py:104} INFO - [2021-03-21 21:26:03,246] {dag.py:2273} INFO - Setting next_dagrun for example_python_operator to None
[2021-03-21 21:26:03,252] {scheduler_job.py:190} INFO - Processing /home/airflow/.local/lib/python3.6/site-packages/airflow/example_dags/example_python_operator.py took 0.040 seconds
[2021-03-21 21:26:34,142] {scheduler_job.py:182} INFO - Started process (PID=495) to work on /home/airflow/.local/lib/python3.6/site-packages/airflow/example_dags/example_python_operator.py
[2021-03-21 21:26:34,143] {scheduler_job.py:629} INFO - Processing file /home/airflow/.local/lib/python3.6/site-packages/airflow/example_dags/example_python_operator.py for tasks to queue
[2021-03-21 21:26:34,144] {logging_mixin.py:104} INFO - [2021-03-21 21:26:34,144] {dagbag.py:448} INFO - Filling up the DagBag from /home/airflow/.local/lib/python3.6/site-packages/airflow/example_dags/example_python_operator.py
[2021-03-21 21:26:34,152] {scheduler_job.py:639} INFO - DAG(s) dict_keys(['example_python_operator']) retrieved from /home/airflow/.local/lib/python3.6/site-packages/airflow/example_dags/example_python_operator.py
[2021-03-21 21:26:34,169] {logging_mixin.py:104} INFO - [2021-03-21 21:26:34,168] {dag.py:1818} INFO - Sync 1 DAGs
[2021-03-21 21:26:34,182] {logging_mixin.py:104} INFO - [2021-03-21 21:26:34,182] {dag.py:2273} INFO - Setting next_dagrun for example_python_operator to None
[2021-03-21 21:26:34,189] {scheduler_job.py:190} INFO - Processing /home/airflow/.local/lib/python3.6/site-packages/airflow/example_dags/example_python_operator.py took 0.049 seconds
