[2021-03-21 21:17:49,972] {scheduler_job.py:182} INFO - Started process (PID=33) to work on /home/airflow/.local/lib/python3.6/site-packages/airflow/example_dags/tutorial_etl_dag.py
[2021-03-21 21:17:49,973] {scheduler_job.py:629} INFO - Processing file /home/airflow/.local/lib/python3.6/site-packages/airflow/example_dags/tutorial_etl_dag.py for tasks to queue
[2021-03-21 21:17:49,973] {logging_mixin.py:104} INFO - [2021-03-21 21:17:49,973] {dagbag.py:448} INFO - Filling up the DagBag from /home/airflow/.local/lib/python3.6/site-packages/airflow/example_dags/tutorial_etl_dag.py
[2021-03-21 21:17:49,987] {scheduler_job.py:639} INFO - DAG(s) dict_keys(['tutorial_etl_dag']) retrieved from /home/airflow/.local/lib/python3.6/site-packages/airflow/example_dags/tutorial_etl_dag.py
[2021-03-21 21:17:50,007] {logging_mixin.py:104} INFO - [2021-03-21 21:17:50,007] {dag.py:1818} INFO - Sync 1 DAGs
[2021-03-21 21:17:50,015] {logging_mixin.py:104} INFO - [2021-03-21 21:17:50,015] {dag.py:1837} INFO - Creating ORM DAG for tutorial_etl_dag
[2021-03-21 21:17:50,019] {logging_mixin.py:104} INFO - [2021-03-21 21:17:50,019] {dag.py:2273} INFO - Setting next_dagrun for tutorial_etl_dag to None
[2021-03-21 21:17:50,031] {scheduler_job.py:190} INFO - Processing /home/airflow/.local/lib/python3.6/site-packages/airflow/example_dags/tutorial_etl_dag.py took 0.061 seconds
[2021-03-21 21:18:20,043] {scheduler_job.py:182} INFO - Started process (PID=59) to work on /home/airflow/.local/lib/python3.6/site-packages/airflow/example_dags/tutorial_etl_dag.py
[2021-03-21 21:18:20,044] {scheduler_job.py:629} INFO - Processing file /home/airflow/.local/lib/python3.6/site-packages/airflow/example_dags/tutorial_etl_dag.py for tasks to queue
[2021-03-21 21:18:20,044] {logging_mixin.py:104} INFO - [2021-03-21 21:18:20,044] {dagbag.py:448} INFO - Filling up the DagBag from /home/airflow/.local/lib/python3.6/site-packages/airflow/example_dags/tutorial_etl_dag.py
[2021-03-21 21:18:20,051] {scheduler_job.py:639} INFO - DAG(s) dict_keys(['tutorial_etl_dag']) retrieved from /home/airflow/.local/lib/python3.6/site-packages/airflow/example_dags/tutorial_etl_dag.py
[2021-03-21 21:18:20,067] {logging_mixin.py:104} INFO - [2021-03-21 21:18:20,067] {dag.py:1818} INFO - Sync 1 DAGs
[2021-03-21 21:18:20,078] {logging_mixin.py:104} INFO - [2021-03-21 21:18:20,078] {dag.py:2273} INFO - Setting next_dagrun for tutorial_etl_dag to None
[2021-03-21 21:18:20,085] {scheduler_job.py:190} INFO - Processing /home/airflow/.local/lib/python3.6/site-packages/airflow/example_dags/tutorial_etl_dag.py took 0.044 seconds
[2021-03-21 21:18:50,108] {scheduler_job.py:182} INFO - Started process (PID=83) to work on /home/airflow/.local/lib/python3.6/site-packages/airflow/example_dags/tutorial_etl_dag.py
[2021-03-21 21:18:50,108] {scheduler_job.py:629} INFO - Processing file /home/airflow/.local/lib/python3.6/site-packages/airflow/example_dags/tutorial_etl_dag.py for tasks to queue
[2021-03-21 21:18:50,109] {logging_mixin.py:104} INFO - [2021-03-21 21:18:50,109] {dagbag.py:448} INFO - Filling up the DagBag from /home/airflow/.local/lib/python3.6/site-packages/airflow/example_dags/tutorial_etl_dag.py
[2021-03-21 21:18:50,116] {scheduler_job.py:639} INFO - DAG(s) dict_keys(['tutorial_etl_dag']) retrieved from /home/airflow/.local/lib/python3.6/site-packages/airflow/example_dags/tutorial_etl_dag.py
[2021-03-21 21:18:50,129] {logging_mixin.py:104} INFO - [2021-03-21 21:18:50,129] {dag.py:1818} INFO - Sync 1 DAGs
[2021-03-21 21:18:50,138] {logging_mixin.py:104} INFO - [2021-03-21 21:18:50,138] {dag.py:2273} INFO - Setting next_dagrun for tutorial_etl_dag to None
[2021-03-21 21:18:50,145] {scheduler_job.py:190} INFO - Processing /home/airflow/.local/lib/python3.6/site-packages/airflow/example_dags/tutorial_etl_dag.py took 0.038 seconds
[2021-03-21 21:19:20,933] {scheduler_job.py:182} INFO - Started process (PID=109) to work on /home/airflow/.local/lib/python3.6/site-packages/airflow/example_dags/tutorial_etl_dag.py
[2021-03-21 21:19:20,934] {scheduler_job.py:629} INFO - Processing file /home/airflow/.local/lib/python3.6/site-packages/airflow/example_dags/tutorial_etl_dag.py for tasks to queue
[2021-03-21 21:19:20,935] {logging_mixin.py:104} INFO - [2021-03-21 21:19:20,935] {dagbag.py:448} INFO - Filling up the DagBag from /home/airflow/.local/lib/python3.6/site-packages/airflow/example_dags/tutorial_etl_dag.py
[2021-03-21 21:19:20,942] {scheduler_job.py:639} INFO - DAG(s) dict_keys(['tutorial_etl_dag']) retrieved from /home/airflow/.local/lib/python3.6/site-packages/airflow/example_dags/tutorial_etl_dag.py
[2021-03-21 21:19:20,956] {logging_mixin.py:104} INFO - [2021-03-21 21:19:20,956] {dag.py:1818} INFO - Sync 1 DAGs
[2021-03-21 21:19:20,967] {logging_mixin.py:104} INFO - [2021-03-21 21:19:20,967] {dag.py:2273} INFO - Setting next_dagrun for tutorial_etl_dag to None
[2021-03-21 21:19:20,973] {scheduler_job.py:190} INFO - Processing /home/airflow/.local/lib/python3.6/site-packages/airflow/example_dags/tutorial_etl_dag.py took 0.042 seconds
[2021-03-21 21:19:51,821] {scheduler_job.py:182} INFO - Started process (PID=135) to work on /home/airflow/.local/lib/python3.6/site-packages/airflow/example_dags/tutorial_etl_dag.py
[2021-03-21 21:19:51,822] {scheduler_job.py:629} INFO - Processing file /home/airflow/.local/lib/python3.6/site-packages/airflow/example_dags/tutorial_etl_dag.py for tasks to queue
[2021-03-21 21:19:51,823] {logging_mixin.py:104} INFO - [2021-03-21 21:19:51,823] {dagbag.py:448} INFO - Filling up the DagBag from /home/airflow/.local/lib/python3.6/site-packages/airflow/example_dags/tutorial_etl_dag.py
[2021-03-21 21:19:51,834] {scheduler_job.py:639} INFO - DAG(s) dict_keys(['tutorial_etl_dag']) retrieved from /home/airflow/.local/lib/python3.6/site-packages/airflow/example_dags/tutorial_etl_dag.py
[2021-03-21 21:19:51,850] {logging_mixin.py:104} INFO - [2021-03-21 21:19:51,850] {dag.py:1818} INFO - Sync 1 DAGs
[2021-03-21 21:19:51,862] {logging_mixin.py:104} INFO - [2021-03-21 21:19:51,862] {dag.py:2273} INFO - Setting next_dagrun for tutorial_etl_dag to None
[2021-03-21 21:19:51,872] {scheduler_job.py:190} INFO - Processing /home/airflow/.local/lib/python3.6/site-packages/airflow/example_dags/tutorial_etl_dag.py took 0.052 seconds
[2021-03-21 21:20:22,652] {scheduler_job.py:182} INFO - Started process (PID=161) to work on /home/airflow/.local/lib/python3.6/site-packages/airflow/example_dags/tutorial_etl_dag.py
[2021-03-21 21:20:22,653] {scheduler_job.py:629} INFO - Processing file /home/airflow/.local/lib/python3.6/site-packages/airflow/example_dags/tutorial_etl_dag.py for tasks to queue
[2021-03-21 21:20:22,654] {logging_mixin.py:104} INFO - [2021-03-21 21:20:22,654] {dagbag.py:448} INFO - Filling up the DagBag from /home/airflow/.local/lib/python3.6/site-packages/airflow/example_dags/tutorial_etl_dag.py
[2021-03-21 21:20:22,661] {scheduler_job.py:639} INFO - DAG(s) dict_keys(['tutorial_etl_dag']) retrieved from /home/airflow/.local/lib/python3.6/site-packages/airflow/example_dags/tutorial_etl_dag.py
[2021-03-21 21:20:22,675] {logging_mixin.py:104} INFO - [2021-03-21 21:20:22,675] {dag.py:1818} INFO - Sync 1 DAGs
[2021-03-21 21:20:22,687] {logging_mixin.py:104} INFO - [2021-03-21 21:20:22,687] {dag.py:2273} INFO - Setting next_dagrun for tutorial_etl_dag to None
[2021-03-21 21:20:22,697] {scheduler_job.py:190} INFO - Processing /home/airflow/.local/lib/python3.6/site-packages/airflow/example_dags/tutorial_etl_dag.py took 0.046 seconds
[2021-03-21 21:20:53,464] {scheduler_job.py:182} INFO - Started process (PID=187) to work on /home/airflow/.local/lib/python3.6/site-packages/airflow/example_dags/tutorial_etl_dag.py
[2021-03-21 21:20:53,465] {scheduler_job.py:629} INFO - Processing file /home/airflow/.local/lib/python3.6/site-packages/airflow/example_dags/tutorial_etl_dag.py for tasks to queue
[2021-03-21 21:20:53,465] {logging_mixin.py:104} INFO - [2021-03-21 21:20:53,465] {dagbag.py:448} INFO - Filling up the DagBag from /home/airflow/.local/lib/python3.6/site-packages/airflow/example_dags/tutorial_etl_dag.py
[2021-03-21 21:20:53,472] {scheduler_job.py:639} INFO - DAG(s) dict_keys(['tutorial_etl_dag']) retrieved from /home/airflow/.local/lib/python3.6/site-packages/airflow/example_dags/tutorial_etl_dag.py
[2021-03-21 21:20:53,487] {logging_mixin.py:104} INFO - [2021-03-21 21:20:53,487] {dag.py:1818} INFO - Sync 1 DAGs
[2021-03-21 21:20:53,497] {logging_mixin.py:104} INFO - [2021-03-21 21:20:53,497] {dag.py:2273} INFO - Setting next_dagrun for tutorial_etl_dag to None
[2021-03-21 21:20:53,505] {scheduler_job.py:190} INFO - Processing /home/airflow/.local/lib/python3.6/site-packages/airflow/example_dags/tutorial_etl_dag.py took 0.043 seconds
[2021-03-21 21:21:24,214] {scheduler_job.py:182} INFO - Started process (PID=213) to work on /home/airflow/.local/lib/python3.6/site-packages/airflow/example_dags/tutorial_etl_dag.py
[2021-03-21 21:21:24,215] {scheduler_job.py:629} INFO - Processing file /home/airflow/.local/lib/python3.6/site-packages/airflow/example_dags/tutorial_etl_dag.py for tasks to queue
[2021-03-21 21:21:24,216] {logging_mixin.py:104} INFO - [2021-03-21 21:21:24,216] {dagbag.py:448} INFO - Filling up the DagBag from /home/airflow/.local/lib/python3.6/site-packages/airflow/example_dags/tutorial_etl_dag.py
[2021-03-21 21:21:24,223] {scheduler_job.py:639} INFO - DAG(s) dict_keys(['tutorial_etl_dag']) retrieved from /home/airflow/.local/lib/python3.6/site-packages/airflow/example_dags/tutorial_etl_dag.py
[2021-03-21 21:21:24,238] {logging_mixin.py:104} INFO - [2021-03-21 21:21:24,238] {dag.py:1818} INFO - Sync 1 DAGs
[2021-03-21 21:21:24,249] {logging_mixin.py:104} INFO - [2021-03-21 21:21:24,249] {dag.py:2273} INFO - Setting next_dagrun for tutorial_etl_dag to None
[2021-03-21 21:21:24,260] {scheduler_job.py:190} INFO - Processing /home/airflow/.local/lib/python3.6/site-packages/airflow/example_dags/tutorial_etl_dag.py took 0.047 seconds
[2021-03-21 21:21:54,987] {scheduler_job.py:182} INFO - Started process (PID=239) to work on /home/airflow/.local/lib/python3.6/site-packages/airflow/example_dags/tutorial_etl_dag.py
[2021-03-21 21:21:54,988] {scheduler_job.py:629} INFO - Processing file /home/airflow/.local/lib/python3.6/site-packages/airflow/example_dags/tutorial_etl_dag.py for tasks to queue
[2021-03-21 21:21:54,989] {logging_mixin.py:104} INFO - [2021-03-21 21:21:54,989] {dagbag.py:448} INFO - Filling up the DagBag from /home/airflow/.local/lib/python3.6/site-packages/airflow/example_dags/tutorial_etl_dag.py
[2021-03-21 21:21:54,995] {scheduler_job.py:639} INFO - DAG(s) dict_keys(['tutorial_etl_dag']) retrieved from /home/airflow/.local/lib/python3.6/site-packages/airflow/example_dags/tutorial_etl_dag.py
[2021-03-21 21:21:55,008] {logging_mixin.py:104} INFO - [2021-03-21 21:21:55,008] {dag.py:1818} INFO - Sync 1 DAGs
[2021-03-21 21:21:55,019] {logging_mixin.py:104} INFO - [2021-03-21 21:21:55,019] {dag.py:2273} INFO - Setting next_dagrun for tutorial_etl_dag to None
[2021-03-21 21:21:55,029] {scheduler_job.py:190} INFO - Processing /home/airflow/.local/lib/python3.6/site-packages/airflow/example_dags/tutorial_etl_dag.py took 0.043 seconds
[2021-03-21 21:22:25,753] {scheduler_job.py:182} INFO - Started process (PID=265) to work on /home/airflow/.local/lib/python3.6/site-packages/airflow/example_dags/tutorial_etl_dag.py
[2021-03-21 21:22:25,753] {scheduler_job.py:629} INFO - Processing file /home/airflow/.local/lib/python3.6/site-packages/airflow/example_dags/tutorial_etl_dag.py for tasks to queue
[2021-03-21 21:22:25,754] {logging_mixin.py:104} INFO - [2021-03-21 21:22:25,754] {dagbag.py:448} INFO - Filling up the DagBag from /home/airflow/.local/lib/python3.6/site-packages/airflow/example_dags/tutorial_etl_dag.py
[2021-03-21 21:22:25,761] {scheduler_job.py:639} INFO - DAG(s) dict_keys(['tutorial_etl_dag']) retrieved from /home/airflow/.local/lib/python3.6/site-packages/airflow/example_dags/tutorial_etl_dag.py
[2021-03-21 21:22:25,775] {logging_mixin.py:104} INFO - [2021-03-21 21:22:25,775] {dag.py:1818} INFO - Sync 1 DAGs
[2021-03-21 21:22:25,786] {logging_mixin.py:104} INFO - [2021-03-21 21:22:25,786] {dag.py:2273} INFO - Setting next_dagrun for tutorial_etl_dag to None
[2021-03-21 21:22:25,796] {scheduler_job.py:190} INFO - Processing /home/airflow/.local/lib/python3.6/site-packages/airflow/example_dags/tutorial_etl_dag.py took 0.046 seconds
[2021-03-21 21:22:56,555] {scheduler_job.py:182} INFO - Started process (PID=291) to work on /home/airflow/.local/lib/python3.6/site-packages/airflow/example_dags/tutorial_etl_dag.py
[2021-03-21 21:22:56,556] {scheduler_job.py:629} INFO - Processing file /home/airflow/.local/lib/python3.6/site-packages/airflow/example_dags/tutorial_etl_dag.py for tasks to queue
[2021-03-21 21:22:56,556] {logging_mixin.py:104} INFO - [2021-03-21 21:22:56,556] {dagbag.py:448} INFO - Filling up the DagBag from /home/airflow/.local/lib/python3.6/site-packages/airflow/example_dags/tutorial_etl_dag.py
[2021-03-21 21:22:56,563] {scheduler_job.py:639} INFO - DAG(s) dict_keys(['tutorial_etl_dag']) retrieved from /home/airflow/.local/lib/python3.6/site-packages/airflow/example_dags/tutorial_etl_dag.py
[2021-03-21 21:22:56,576] {logging_mixin.py:104} INFO - [2021-03-21 21:22:56,576] {dag.py:1818} INFO - Sync 1 DAGs
[2021-03-21 21:22:56,585] {logging_mixin.py:104} INFO - [2021-03-21 21:22:56,585] {dag.py:2273} INFO - Setting next_dagrun for tutorial_etl_dag to None
[2021-03-21 21:22:56,593] {scheduler_job.py:190} INFO - Processing /home/airflow/.local/lib/python3.6/site-packages/airflow/example_dags/tutorial_etl_dag.py took 0.039 seconds
[2021-03-21 21:23:27,443] {scheduler_job.py:182} INFO - Started process (PID=317) to work on /home/airflow/.local/lib/python3.6/site-packages/airflow/example_dags/tutorial_etl_dag.py
[2021-03-21 21:23:27,444] {scheduler_job.py:629} INFO - Processing file /home/airflow/.local/lib/python3.6/site-packages/airflow/example_dags/tutorial_etl_dag.py for tasks to queue
[2021-03-21 21:23:27,444] {logging_mixin.py:104} INFO - [2021-03-21 21:23:27,444] {dagbag.py:448} INFO - Filling up the DagBag from /home/airflow/.local/lib/python3.6/site-packages/airflow/example_dags/tutorial_etl_dag.py
[2021-03-21 21:23:27,451] {scheduler_job.py:639} INFO - DAG(s) dict_keys(['tutorial_etl_dag']) retrieved from /home/airflow/.local/lib/python3.6/site-packages/airflow/example_dags/tutorial_etl_dag.py
[2021-03-21 21:23:27,464] {logging_mixin.py:104} INFO - [2021-03-21 21:23:27,464] {dag.py:1818} INFO - Sync 1 DAGs
[2021-03-21 21:23:27,475] {logging_mixin.py:104} INFO - [2021-03-21 21:23:27,475] {dag.py:2273} INFO - Setting next_dagrun for tutorial_etl_dag to None
[2021-03-21 21:23:27,482] {scheduler_job.py:190} INFO - Processing /home/airflow/.local/lib/python3.6/site-packages/airflow/example_dags/tutorial_etl_dag.py took 0.041 seconds
[2021-03-21 21:23:58,217] {scheduler_job.py:182} INFO - Started process (PID=343) to work on /home/airflow/.local/lib/python3.6/site-packages/airflow/example_dags/tutorial_etl_dag.py
[2021-03-21 21:23:58,218] {scheduler_job.py:629} INFO - Processing file /home/airflow/.local/lib/python3.6/site-packages/airflow/example_dags/tutorial_etl_dag.py for tasks to queue
[2021-03-21 21:23:58,219] {logging_mixin.py:104} INFO - [2021-03-21 21:23:58,219] {dagbag.py:448} INFO - Filling up the DagBag from /home/airflow/.local/lib/python3.6/site-packages/airflow/example_dags/tutorial_etl_dag.py
[2021-03-21 21:23:58,226] {scheduler_job.py:639} INFO - DAG(s) dict_keys(['tutorial_etl_dag']) retrieved from /home/airflow/.local/lib/python3.6/site-packages/airflow/example_dags/tutorial_etl_dag.py
[2021-03-21 21:23:58,242] {logging_mixin.py:104} INFO - [2021-03-21 21:23:58,242] {dag.py:1818} INFO - Sync 1 DAGs
[2021-03-21 21:23:58,252] {logging_mixin.py:104} INFO - [2021-03-21 21:23:58,252] {dag.py:2273} INFO - Setting next_dagrun for tutorial_etl_dag to None
[2021-03-21 21:23:58,261] {scheduler_job.py:190} INFO - Processing /home/airflow/.local/lib/python3.6/site-packages/airflow/example_dags/tutorial_etl_dag.py took 0.045 seconds
[2021-03-21 21:24:29,006] {scheduler_job.py:182} INFO - Started process (PID=369) to work on /home/airflow/.local/lib/python3.6/site-packages/airflow/example_dags/tutorial_etl_dag.py
[2021-03-21 21:24:29,007] {scheduler_job.py:629} INFO - Processing file /home/airflow/.local/lib/python3.6/site-packages/airflow/example_dags/tutorial_etl_dag.py for tasks to queue
[2021-03-21 21:24:29,008] {logging_mixin.py:104} INFO - [2021-03-21 21:24:29,008] {dagbag.py:448} INFO - Filling up the DagBag from /home/airflow/.local/lib/python3.6/site-packages/airflow/example_dags/tutorial_etl_dag.py
[2021-03-21 21:24:29,015] {scheduler_job.py:639} INFO - DAG(s) dict_keys(['tutorial_etl_dag']) retrieved from /home/airflow/.local/lib/python3.6/site-packages/airflow/example_dags/tutorial_etl_dag.py
[2021-03-21 21:24:29,029] {logging_mixin.py:104} INFO - [2021-03-21 21:24:29,029] {dag.py:1818} INFO - Sync 1 DAGs
[2021-03-21 21:24:29,039] {logging_mixin.py:104} INFO - [2021-03-21 21:24:29,039] {dag.py:2273} INFO - Setting next_dagrun for tutorial_etl_dag to None
[2021-03-21 21:24:29,050] {scheduler_job.py:190} INFO - Processing /home/airflow/.local/lib/python3.6/site-packages/airflow/example_dags/tutorial_etl_dag.py took 0.046 seconds
[2021-03-21 21:24:59,898] {scheduler_job.py:182} INFO - Started process (PID=395) to work on /home/airflow/.local/lib/python3.6/site-packages/airflow/example_dags/tutorial_etl_dag.py
[2021-03-21 21:24:59,899] {scheduler_job.py:629} INFO - Processing file /home/airflow/.local/lib/python3.6/site-packages/airflow/example_dags/tutorial_etl_dag.py for tasks to queue
[2021-03-21 21:24:59,900] {logging_mixin.py:104} INFO - [2021-03-21 21:24:59,900] {dagbag.py:448} INFO - Filling up the DagBag from /home/airflow/.local/lib/python3.6/site-packages/airflow/example_dags/tutorial_etl_dag.py
[2021-03-21 21:24:59,908] {scheduler_job.py:639} INFO - DAG(s) dict_keys(['tutorial_etl_dag']) retrieved from /home/airflow/.local/lib/python3.6/site-packages/airflow/example_dags/tutorial_etl_dag.py
[2021-03-21 21:24:59,923] {logging_mixin.py:104} INFO - [2021-03-21 21:24:59,923] {dag.py:1818} INFO - Sync 1 DAGs
[2021-03-21 21:24:59,935] {logging_mixin.py:104} INFO - [2021-03-21 21:24:59,935] {dag.py:2273} INFO - Setting next_dagrun for tutorial_etl_dag to None
[2021-03-21 21:24:59,943] {scheduler_job.py:190} INFO - Processing /home/airflow/.local/lib/python3.6/site-packages/airflow/example_dags/tutorial_etl_dag.py took 0.047 seconds
[2021-03-21 21:25:30,855] {scheduler_job.py:182} INFO - Started process (PID=421) to work on /home/airflow/.local/lib/python3.6/site-packages/airflow/example_dags/tutorial_etl_dag.py
[2021-03-21 21:25:30,856] {scheduler_job.py:629} INFO - Processing file /home/airflow/.local/lib/python3.6/site-packages/airflow/example_dags/tutorial_etl_dag.py for tasks to queue
[2021-03-21 21:25:30,857] {logging_mixin.py:104} INFO - [2021-03-21 21:25:30,857] {dagbag.py:448} INFO - Filling up the DagBag from /home/airflow/.local/lib/python3.6/site-packages/airflow/example_dags/tutorial_etl_dag.py
[2021-03-21 21:25:30,863] {scheduler_job.py:639} INFO - DAG(s) dict_keys(['tutorial_etl_dag']) retrieved from /home/airflow/.local/lib/python3.6/site-packages/airflow/example_dags/tutorial_etl_dag.py
[2021-03-21 21:25:30,878] {logging_mixin.py:104} INFO - [2021-03-21 21:25:30,878] {dag.py:1818} INFO - Sync 1 DAGs
[2021-03-21 21:25:30,888] {logging_mixin.py:104} INFO - [2021-03-21 21:25:30,888] {dag.py:2273} INFO - Setting next_dagrun for tutorial_etl_dag to None
[2021-03-21 21:25:30,895] {scheduler_job.py:190} INFO - Processing /home/airflow/.local/lib/python3.6/site-packages/airflow/example_dags/tutorial_etl_dag.py took 0.041 seconds
[2021-03-21 21:26:01,624] {scheduler_job.py:182} INFO - Started process (PID=447) to work on /home/airflow/.local/lib/python3.6/site-packages/airflow/example_dags/tutorial_etl_dag.py
[2021-03-21 21:26:01,625] {scheduler_job.py:629} INFO - Processing file /home/airflow/.local/lib/python3.6/site-packages/airflow/example_dags/tutorial_etl_dag.py for tasks to queue
[2021-03-21 21:26:01,626] {logging_mixin.py:104} INFO - [2021-03-21 21:26:01,626] {dagbag.py:448} INFO - Filling up the DagBag from /home/airflow/.local/lib/python3.6/site-packages/airflow/example_dags/tutorial_etl_dag.py
[2021-03-21 21:26:01,632] {scheduler_job.py:639} INFO - DAG(s) dict_keys(['tutorial_etl_dag']) retrieved from /home/airflow/.local/lib/python3.6/site-packages/airflow/example_dags/tutorial_etl_dag.py
[2021-03-21 21:26:01,646] {logging_mixin.py:104} INFO - [2021-03-21 21:26:01,646] {dag.py:1818} INFO - Sync 1 DAGs
[2021-03-21 21:26:01,655] {logging_mixin.py:104} INFO - [2021-03-21 21:26:01,655] {dag.py:2273} INFO - Setting next_dagrun for tutorial_etl_dag to None
[2021-03-21 21:26:01,666] {scheduler_job.py:190} INFO - Processing /home/airflow/.local/lib/python3.6/site-packages/airflow/example_dags/tutorial_etl_dag.py took 0.043 seconds
[2021-03-21 21:26:32,345] {scheduler_job.py:182} INFO - Started process (PID=473) to work on /home/airflow/.local/lib/python3.6/site-packages/airflow/example_dags/tutorial_etl_dag.py
[2021-03-21 21:26:32,346] {scheduler_job.py:629} INFO - Processing file /home/airflow/.local/lib/python3.6/site-packages/airflow/example_dags/tutorial_etl_dag.py for tasks to queue
[2021-03-21 21:26:32,347] {logging_mixin.py:104} INFO - [2021-03-21 21:26:32,346] {dagbag.py:448} INFO - Filling up the DagBag from /home/airflow/.local/lib/python3.6/site-packages/airflow/example_dags/tutorial_etl_dag.py
[2021-03-21 21:26:32,354] {scheduler_job.py:639} INFO - DAG(s) dict_keys(['tutorial_etl_dag']) retrieved from /home/airflow/.local/lib/python3.6/site-packages/airflow/example_dags/tutorial_etl_dag.py
[2021-03-21 21:26:32,369] {logging_mixin.py:104} INFO - [2021-03-21 21:26:32,369] {dag.py:1818} INFO - Sync 1 DAGs
[2021-03-21 21:26:32,381] {logging_mixin.py:104} INFO - [2021-03-21 21:26:32,381] {dag.py:2273} INFO - Setting next_dagrun for tutorial_etl_dag to None
[2021-03-21 21:26:32,389] {scheduler_job.py:190} INFO - Processing /home/airflow/.local/lib/python3.6/site-packages/airflow/example_dags/tutorial_etl_dag.py took 0.045 seconds
