[2021-03-22 21:54:03,309] {taskinstance.py:851} INFO - Dependencies all met for <TaskInstance: latest_only.latest_only 2021-03-21T04:00:00+00:00 [queued]>
[2021-03-22 21:54:03,329] {taskinstance.py:851} INFO - Dependencies all met for <TaskInstance: latest_only.latest_only 2021-03-21T04:00:00+00:00 [queued]>
[2021-03-22 21:54:03,330] {taskinstance.py:1042} INFO - 
--------------------------------------------------------------------------------
[2021-03-22 21:54:03,330] {taskinstance.py:1043} INFO - Starting attempt 1 of 1
[2021-03-22 21:54:03,330] {taskinstance.py:1044} INFO - 
--------------------------------------------------------------------------------
[2021-03-22 21:54:03,342] {taskinstance.py:1063} INFO - Executing <Task(LatestOnlyOperator): latest_only> on 2021-03-21T04:00:00+00:00
[2021-03-22 21:54:03,346] {standard_task_runner.py:52} INFO - Started process 64 to run task
[2021-03-22 21:54:03,349] {standard_task_runner.py:76} INFO - Running: ['airflow', 'tasks', 'run', 'latest_only', 'latest_only', '2021-03-21T04:00:00+00:00', '--job-id', '23', '--pool', 'default_pool', '--raw', '--subdir', '/home/airflow/.local/lib/python3.6/site-packages/airflow/example_dags/example_latest_only.py', '--cfg-path', '/tmp/tmps9x6851l', '--error-file', '/tmp/tmpz32g9ss7']
[2021-03-22 21:54:03,350] {standard_task_runner.py:77} INFO - Job 23: Subtask latest_only
[2021-03-22 21:54:03,392] {logging_mixin.py:104} INFO - Running <TaskInstance: latest_only.latest_only 2021-03-21T04:00:00+00:00 [running]> on host 4e0ae1802968
[2021-03-22 21:54:03,442] {taskinstance.py:1257} INFO - Exporting the following env vars:
AIRFLOW_CTX_DAG_OWNER=airflow
AIRFLOW_CTX_DAG_ID=latest_only
AIRFLOW_CTX_TASK_ID=latest_only
AIRFLOW_CTX_EXECUTION_DATE=2021-03-21T04:00:00+00:00
AIRFLOW_CTX_DAG_RUN_ID=scheduled__2021-03-21T04:00:00+00:00
[2021-03-22 21:54:03,443] {latest_only.py:57} INFO - Checking latest only with left_window: 2021-03-21T08:00:00+00:00 right_window: 2021-03-21T12:00:00+00:00 now: 2021-03-22T21:54:03.443312+00:00
[2021-03-22 21:54:03,444] {latest_only.py:61} INFO - Not latest execution, skipping downstream.
[2021-03-22 21:54:03,444] {skipmixin.py:124} INFO - Following branch []
[2021-03-22 21:54:03,454] {skipmixin.py:155} INFO - Skipping tasks ['task1']
[2021-03-22 21:54:03,505] {taskinstance.py:1166} INFO - Marking task as SUCCESS. dag_id=latest_only, task_id=latest_only, execution_date=20210321T040000, start_date=20210322T215403, end_date=20210322T215403
[2021-03-22 21:54:03,560] {taskinstance.py:1220} INFO - 0 downstream tasks scheduled from follow-on schedule check
[2021-03-22 21:54:03,603] {local_task_job.py:146} INFO - Task exited with return code 0
