[2021-03-22 21:54:02,899] {taskinstance.py:851} INFO - Dependencies all met for <TaskInstance: latest_only.latest_only 2021-03-20T16:00:00+00:00 [queued]>
[2021-03-22 21:54:02,920] {taskinstance.py:851} INFO - Dependencies all met for <TaskInstance: latest_only.latest_only 2021-03-20T16:00:00+00:00 [queued]>
[2021-03-22 21:54:02,921] {taskinstance.py:1042} INFO - 
--------------------------------------------------------------------------------
[2021-03-22 21:54:02,921] {taskinstance.py:1043} INFO - Starting attempt 1 of 1
[2021-03-22 21:54:02,921] {taskinstance.py:1044} INFO - 
--------------------------------------------------------------------------------
[2021-03-22 21:54:02,933] {taskinstance.py:1063} INFO - Executing <Task(LatestOnlyOperator): latest_only> on 2021-03-20T16:00:00+00:00
[2021-03-22 21:54:02,937] {standard_task_runner.py:52} INFO - Started process 58 to run task
[2021-03-22 21:54:02,940] {standard_task_runner.py:76} INFO - Running: ['airflow', 'tasks', 'run', 'latest_only', 'latest_only', '2021-03-20T16:00:00+00:00', '--job-id', '20', '--pool', 'default_pool', '--raw', '--subdir', '/home/airflow/.local/lib/python3.6/site-packages/airflow/example_dags/example_latest_only.py', '--cfg-path', '/tmp/tmpwlkhjm2g', '--error-file', '/tmp/tmptdw2b75n']
[2021-03-22 21:54:02,941] {standard_task_runner.py:77} INFO - Job 20: Subtask latest_only
[2021-03-22 21:54:02,976] {logging_mixin.py:104} INFO - Running <TaskInstance: latest_only.latest_only 2021-03-20T16:00:00+00:00 [running]> on host 4e0ae1802968
[2021-03-22 21:54:03,016] {taskinstance.py:1257} INFO - Exporting the following env vars:
AIRFLOW_CTX_DAG_OWNER=airflow
AIRFLOW_CTX_DAG_ID=latest_only
AIRFLOW_CTX_TASK_ID=latest_only
AIRFLOW_CTX_EXECUTION_DATE=2021-03-20T16:00:00+00:00
AIRFLOW_CTX_DAG_RUN_ID=scheduled__2021-03-20T16:00:00+00:00
[2021-03-22 21:54:03,017] {latest_only.py:57} INFO - Checking latest only with left_window: 2021-03-20T20:00:00+00:00 right_window: 2021-03-21T00:00:00+00:00 now: 2021-03-22T21:54:03.017335+00:00
[2021-03-22 21:54:03,017] {latest_only.py:61} INFO - Not latest execution, skipping downstream.
[2021-03-22 21:54:03,017] {skipmixin.py:124} INFO - Following branch []
[2021-03-22 21:54:03,024] {skipmixin.py:155} INFO - Skipping tasks ['task1']
[2021-03-22 21:54:03,073] {taskinstance.py:1166} INFO - Marking task as SUCCESS. dag_id=latest_only, task_id=latest_only, execution_date=20210320T160000, start_date=20210322T215402, end_date=20210322T215403
[2021-03-22 21:54:03,099] {taskinstance.py:1220} INFO - 0 downstream tasks scheduled from follow-on schedule check
[2021-03-22 21:54:03,114] {local_task_job.py:146} INFO - Task exited with return code 0
