[2021-03-22 21:54:04,496] {taskinstance.py:851} INFO - Dependencies all met for <TaskInstance: latest_only.latest_only 2021-03-22T16:00:00+00:00 [queued]>
[2021-03-22 21:54:04,510] {taskinstance.py:851} INFO - Dependencies all met for <TaskInstance: latest_only.latest_only 2021-03-22T16:00:00+00:00 [queued]>
[2021-03-22 21:54:04,511] {taskinstance.py:1042} INFO - 
--------------------------------------------------------------------------------
[2021-03-22 21:54:04,511] {taskinstance.py:1043} INFO - Starting attempt 1 of 1
[2021-03-22 21:54:04,512] {taskinstance.py:1044} INFO - 
--------------------------------------------------------------------------------
[2021-03-22 21:54:04,522] {taskinstance.py:1063} INFO - Executing <Task(LatestOnlyOperator): latest_only> on 2021-03-22T16:00:00+00:00
[2021-03-22 21:54:04,529] {standard_task_runner.py:52} INFO - Started process 80 to run task
[2021-03-22 21:54:04,532] {standard_task_runner.py:76} INFO - Running: ['airflow', 'tasks', 'run', 'latest_only', 'latest_only', '2021-03-22T16:00:00+00:00', '--job-id', '32', '--pool', 'default_pool', '--raw', '--subdir', '/home/airflow/.local/lib/python3.6/site-packages/airflow/example_dags/example_latest_only.py', '--cfg-path', '/tmp/tmp68l4scjm', '--error-file', '/tmp/tmpnr9ax002']
[2021-03-22 21:54:04,533] {standard_task_runner.py:77} INFO - Job 32: Subtask latest_only
[2021-03-22 21:54:04,574] {logging_mixin.py:104} INFO - Running <TaskInstance: latest_only.latest_only 2021-03-22T16:00:00+00:00 [running]> on host 4e0ae1802968
[2021-03-22 21:54:04,610] {taskinstance.py:1257} INFO - Exporting the following env vars:
AIRFLOW_CTX_DAG_OWNER=airflow
AIRFLOW_CTX_DAG_ID=latest_only
AIRFLOW_CTX_TASK_ID=latest_only
AIRFLOW_CTX_EXECUTION_DATE=2021-03-22T16:00:00+00:00
AIRFLOW_CTX_DAG_RUN_ID=scheduled__2021-03-22T16:00:00+00:00
[2021-03-22 21:54:04,610] {latest_only.py:57} INFO - Checking latest only with left_window: 2021-03-22T20:00:00+00:00 right_window: 2021-03-23T00:00:00+00:00 now: 2021-03-22T21:54:04.610794+00:00
[2021-03-22 21:54:04,611] {latest_only.py:66} INFO - Latest, allowing execution to proceed.
[2021-03-22 21:54:04,611] {skipmixin.py:124} INFO - Following branch ['task1']
[2021-03-22 21:54:04,617] {skipmixin.py:155} INFO - Skipping tasks []
[2021-03-22 21:54:04,668] {taskinstance.py:1166} INFO - Marking task as SUCCESS. dag_id=latest_only, task_id=latest_only, execution_date=20210322T160000, start_date=20210322T215404, end_date=20210322T215404
[2021-03-22 21:54:04,706] {taskinstance.py:1220} INFO - 1 downstream tasks scheduled from follow-on schedule check
[2021-03-22 21:54:04,747] {local_task_job.py:146} INFO - Task exited with return code 0
