[2021-03-22 21:54:03,450] {taskinstance.py:851} INFO - Dependencies all met for <TaskInstance: latest_only.latest_only 2021-03-21T08:00:00+00:00 [queued]>
[2021-03-22 21:54:03,471] {taskinstance.py:851} INFO - Dependencies all met for <TaskInstance: latest_only.latest_only 2021-03-21T08:00:00+00:00 [queued]>
[2021-03-22 21:54:03,472] {taskinstance.py:1042} INFO - 
--------------------------------------------------------------------------------
[2021-03-22 21:54:03,473] {taskinstance.py:1043} INFO - Starting attempt 1 of 1
[2021-03-22 21:54:03,473] {taskinstance.py:1044} INFO - 
--------------------------------------------------------------------------------
[2021-03-22 21:54:03,482] {taskinstance.py:1063} INFO - Executing <Task(LatestOnlyOperator): latest_only> on 2021-03-21T08:00:00+00:00
[2021-03-22 21:54:03,487] {standard_task_runner.py:52} INFO - Started process 66 to run task
[2021-03-22 21:54:03,490] {standard_task_runner.py:76} INFO - Running: ['airflow', 'tasks', 'run', 'latest_only', 'latest_only', '2021-03-21T08:00:00+00:00', '--job-id', '24', '--pool', 'default_pool', '--raw', '--subdir', '/home/airflow/.local/lib/python3.6/site-packages/airflow/example_dags/example_latest_only.py', '--cfg-path', '/tmp/tmplxemyq8p', '--error-file', '/tmp/tmpmfwbv_gb']
[2021-03-22 21:54:03,490] {standard_task_runner.py:77} INFO - Job 24: Subtask latest_only
[2021-03-22 21:54:03,533] {logging_mixin.py:104} INFO - Running <TaskInstance: latest_only.latest_only 2021-03-21T08:00:00+00:00 [running]> on host 4e0ae1802968
[2021-03-22 21:54:03,570] {taskinstance.py:1257} INFO - Exporting the following env vars:
AIRFLOW_CTX_DAG_OWNER=airflow
AIRFLOW_CTX_DAG_ID=latest_only
AIRFLOW_CTX_TASK_ID=latest_only
AIRFLOW_CTX_EXECUTION_DATE=2021-03-21T08:00:00+00:00
AIRFLOW_CTX_DAG_RUN_ID=scheduled__2021-03-21T08:00:00+00:00
[2021-03-22 21:54:03,571] {latest_only.py:57} INFO - Checking latest only with left_window: 2021-03-21T12:00:00+00:00 right_window: 2021-03-21T16:00:00+00:00 now: 2021-03-22T21:54:03.571383+00:00
[2021-03-22 21:54:03,571] {latest_only.py:61} INFO - Not latest execution, skipping downstream.
[2021-03-22 21:54:03,572] {skipmixin.py:124} INFO - Following branch []
[2021-03-22 21:54:03,579] {skipmixin.py:155} INFO - Skipping tasks ['task1']
[2021-03-22 21:54:03,629] {taskinstance.py:1166} INFO - Marking task as SUCCESS. dag_id=latest_only, task_id=latest_only, execution_date=20210321T080000, start_date=20210322T215403, end_date=20210322T215403
[2021-03-22 21:54:03,686] {taskinstance.py:1220} INFO - 0 downstream tasks scheduled from follow-on schedule check
[2021-03-22 21:54:03,704] {local_task_job.py:146} INFO - Task exited with return code 0
